2024-09-29 11:46:24,178 - INFO - Fetched: 卷四·本纪第四·恭闵帝
2024-09-29 11:46:24,186 - INFO - Fetched: 卷八·本纪第八·仁宗
2024-09-29 11:46:24,197 - INFO - Fetched: 卷一·本纪第一·太祖一
2024-09-29 11:46:24,208 - INFO - Fetched: 卷六·本纪第六·成祖二
2024-09-29 11:46:24,217 - INFO - Fetched: 卷五·本纪第五·成祖一
2024-09-29 11:46:24,228 - INFO - Fetched: 卷九·本纪第九·宣宗
2024-09-29 11:46:24,240 - INFO - Fetched: 卷十·本纪第十·英宗前纪
2024-09-29 11:46:24,249 - INFO - Fetched: 卷七·本纪第七·成祖三
2024-09-29 11:46:24,259 - INFO - Fetched: 卷三·本纪第三·太祖三
2024-09-29 11:46:24,269 - INFO - Fetched: 卷二·本纪第二·太祖二
2024-09-29 11:46:24,407 - INFO - Fetched: 卷十八·本纪第十八·世宗二
2024-09-29 11:46:24,422 - INFO - Fetched: 卷十七·本纪第十七·世宗一
2024-09-29 11:46:24,430 - INFO - Fetched: 卷十四·本纪第十四·宪宗二
2024-09-29 11:46:24,439 - INFO - Fetched: 卷十三·本纪第十三·宪宗一
2024-09-29 11:46:24,449 - INFO - Fetched: 卷十二·本纪第十二·英宗后纪
2024-09-29 11:46:24,456 - INFO - Fetched: 卷十九·本纪第十九·穆宗
2024-09-29 11:46:24,466 - INFO - Fetched: 卷十一·本纪第十一·景帝
2024-09-29 11:46:24,498 - INFO - Fetched: 卷十六·本纪第十六·武宗
2024-09-29 11:46:24,508 - INFO - Fetched: 卷十五·本纪第十五·孝宗
2024-09-29 11:46:24,519 - INFO - Fetched: 卷二十·本纪第二十·神宗一
2024-09-29 11:46:24,581 - INFO - Fetched: 卷二十一·本纪第二十一·神宗二
2024-09-29 11:46:24,591 - INFO - Fetched: 卷二十九·志第五·五行二
2024-09-29 11:46:24,604 - INFO - Fetched: 卷三十·志第六·五行三
2024-09-29 11:46:24,611 - INFO - Fetched: 卷二十三·本纪第二十三·庄烈帝一
2024-09-29 11:46:24,618 - INFO - Fetched: 卷二十二·本纪第二十二·熹宗
2024-09-29 11:46:24,628 - INFO - Fetched: 卷二十四·本纪第二十四·庄烈帝二
2024-09-29 11:46:24,640 - INFO - Fetched: 卷二十六·志第二·天文二
2024-09-29 11:46:24,651 - INFO - Fetched: 卷二十七·志第三·天文三
2024-09-29 11:46:24,662 - INFO - Fetched: 卷二十八·志第四·五行一
2024-09-29 11:46:24,673 - INFO - Fetched: 卷二十五·志第一·天文一
2024-09-29 11:46:24,724 - INFO - Fetched: 卷三十九·志第十五·历九
2024-09-29 11:46:24,732 - INFO - Fetched: 卷三十四·志第十·历四
2024-09-29 11:46:24,743 - INFO - Fetched: 卷三十八·志第十四·历八
2024-09-29 11:46:24,755 - INFO - Fetched: 卷三十七·志第十三·历七
2024-09-29 11:46:24,771 - INFO - Fetched: 卷三十六·志第十二·历六
2024-09-29 11:46:24,780 - INFO - Fetched: 卷三十二·志第八·历二
2024-09-29 11:46:24,790 - INFO - Fetched: 卷三十一·志第七·历一
2024-09-29 11:46:24,806 - INFO - Fetched: 卷四十·志第十六·地理一
2024-09-29 11:46:24,821 - INFO - Fetched: 卷三十五·志第十一·历五
2024-09-29 11:46:24,845 - INFO - Fetched: 卷三十三·志第九·历三
2024-09-29 11:46:24,912 - INFO - Fetched: 卷四十三·志第十九·地理四
2024-09-29 11:46:24,929 - INFO - Fetched: 卷四十一·志第十七·地理二
2024-09-29 11:46:24,941 - INFO - Fetched: 卷四十八·志第二十四·礼二
2024-09-29 11:46:24,950 - INFO - Fetched: 卷四十七·志第二十三·礼一
2024-09-29 11:46:24,967 - INFO - Fetched: 卷四十六·志第二十二·地理七
2024-09-29 11:46:24,976 - INFO - Fetched: 卷五十·志第二十六·礼四
2024-09-29 11:46:24,992 - INFO - Fetched: 卷四十二·志第十八·地理三
2024-09-29 11:46:25,002 - INFO - Fetched: 卷四十九·志第二十五·礼三
2024-09-29 11:46:25,019 - INFO - Fetched: 卷四十五·志第二十一·地理六
2024-09-29 11:46:25,036 - INFO - Fetched: 卷四十四·志第二十·地理五
2024-09-29 11:46:25,131 - INFO - Fetched: 卷五十二·志第二十八·礼六
2024-09-29 11:46:25,144 - INFO - Fetched: 卷五十六·志第三十二·礼十
2024-09-29 11:46:25,154 - INFO - Fetched: 卷五十八·志第三十四·礼十二
2024-09-29 11:46:25,162 - INFO - Fetched: 卷五十七·志第三十三·礼十一
2024-09-29 11:46:25,173 - INFO - Fetched: 卷五十五·志第三十一·礼九
2024-09-29 11:46:25,180 - INFO - Fetched: 卷五十四·志第三十·礼八
2024-09-29 11:46:25,189 - INFO - Fetched: 卷五十三·志第二十九·礼七
2024-09-29 11:46:25,196 - INFO - Fetched: 卷五十九·志第三十五·礼十三
2024-09-29 11:46:25,207 - INFO - Fetched: 卷六十·志第三十六·礼十四
2024-09-29 11:46:25,371 - INFO - Fetched: 卷五十一·志第二十七·礼五
2024-09-29 11:46:25,424 - INFO - Fetched: 卷六十八·志第四十四·舆服四
2024-09-29 11:46:25,432 - INFO - Fetched: 卷六十六·志第四十二·舆服二
2024-09-29 11:46:25,441 - INFO - Fetched: 卷六十九·志第四十五·选举一
2024-09-29 11:46:25,449 - INFO - Fetched: 卷七十·志第四十六·选举二
2024-09-29 11:46:25,457 - INFO - Fetched: 卷六十四·志第四十·仪卫
2024-09-29 11:46:25,466 - INFO - Fetched: 卷六十五·志第四十一·舆服一
2024-09-29 11:46:25,476 - INFO - Fetched: 卷六十七·志第四十三·舆服三
2024-09-29 11:46:25,484 - INFO - Fetched: 卷六十一·志第三十七·乐一
2024-09-29 11:46:25,502 - INFO - Fetched: 卷六十二·志第三十八·乐二
2024-09-29 11:46:25,515 - INFO - Fetched: 卷六十三·志第三十九·乐三
2024-09-29 11:46:25,588 - INFO - Fetched: 卷七十九·志第五十五·食货三
2024-09-29 11:46:25,600 - INFO - Fetched: 卷七十五·志第五十一·职官四
2024-09-29 11:46:25,614 - INFO - Fetched: 卷七十三·志第四十九·职官二
2024-09-29 11:46:25,629 - INFO - Fetched: 卷八十·志第五十六·食货四
2024-09-29 11:46:25,640 - INFO - Fetched: 卷七十四·志第五十·职官三
2024-09-29 11:46:25,650 - INFO - Fetched: 卷七十八·志第五十四·食货二
2024-09-29 11:46:25,659 - INFO - Fetched: 卷七十一·志第四十七·选举三
2024-09-29 11:46:25,672 - INFO - Fetched: 卷七十六·志第五十二·职官五
2024-09-29 11:46:25,682 - INFO - Fetched: 卷七十七·志第五十三·食货一
2024-09-29 11:46:25,693 - INFO - Fetched: 卷七十二·志第四十八·职官一
2024-09-29 11:46:25,816 - INFO - Fetched: 卷八十一·志第五十七·食货五
2024-09-29 11:46:25,832 - INFO - Fetched: 卷八十六·志第六十二·河渠四
2024-09-29 11:46:25,854 - INFO - Fetched: 卷八十四·志第六十·河渠二
2024-09-29 11:46:25,867 - INFO - Fetched: 卷八十二·志第五十八·食货六
2024-09-29 11:46:25,882 - INFO - Fetched: 卷八十七·志第六十三·河渠五
2024-09-29 11:46:25,891 - INFO - Fetched: 卷八十五·志第六十一·河渠三
2024-09-29 11:46:25,899 - INFO - Fetched: 卷八十九·志第六十五·兵一
2024-09-29 11:46:25,910 - INFO - Fetched: 卷八十三·志第五十九·河渠一
2024-09-29 11:46:25,925 - INFO - Fetched: 卷九十·志第六十六·兵二卫所
2024-09-29 11:46:25,936 - INFO - Fetched: 卷八十八·志第六十四·河渠六
2024-09-29 11:46:25,984 - INFO - Fetched: 卷一百·表第一·诸王世表一
2024-09-29 11:46:25,995 - INFO - Fetched: 卷九十四·志第七十·刑法二
2024-09-29 11:46:26,032 - INFO - Fetched: 卷九十六·志第七十二·艺文一
2024-09-29 11:46:26,088 - INFO - Fetched: 卷九十九·志第七十五·艺文四
2024-09-29 11:46:26,098 - INFO - Fetched: 卷九十五·志第七十一·刑法三
2024-09-29 11:46:26,110 - INFO - Fetched: 卷九十一·志第六十七·兵三
2024-09-29 11:46:26,120 - INFO - Fetched: 卷九十三·志第六十九·刑法一
2024-09-29 11:46:26,198 - INFO - Fetched: 卷九十八·志第七十四·艺文三
2024-09-29 11:46:26,243 - INFO - Fetched: 卷九十七·志第七十三·艺文二
2024-09-29 11:46:26,254 - INFO - Fetched: 卷九十二·志第六十八·兵四
2024-09-29 11:46:26,302 - INFO - Fetched: 卷一百一·表第二·诸王世表二
2024-09-29 11:46:26,310 - INFO - Fetched: 卷一百八·表第九·外戚恩泽侯表
2024-09-29 11:46:26,317 - INFO - Fetched: 卷一百二·表第三·诸王世表三
2024-09-29 11:46:26,324 - INFO - Fetched: 卷一百九·表第十·宰辅年表一
2024-09-29 11:46:26,333 - INFO - Fetched: 卷一百七·表第八·功臣世表三
2024-09-29 11:46:26,340 - INFO - Fetched: 卷一百六·表第七·功臣世表二
2024-09-29 11:46:26,348 - INFO - Fetched: 卷一百四·表第五·诸王世表五
2024-09-29 11:46:26,353 - INFO - Fetched: 卷一百三·表第四·诸王世表四
2024-09-29 11:46:26,361 - INFO - Fetched: 卷一百十·表第十一·宰辅年表二
2024-09-29 11:46:26,368 - INFO - Fetched: 卷一百五·表第六·功臣世表一
2024-09-29 11:46:26,412 - INFO - Fetched: 卷一百十二·表第十三·七卿年表二
2024-09-29 11:46:26,423 - INFO - Fetched: 卷一百十九·列传第七·诸王四
2024-09-29 11:46:26,432 - INFO - Fetched: 卷一百十一·表第十二·七卿年表一
2024-09-29 11:46:26,444 - INFO - Fetched: 卷一百十六·列传第四·诸王
2024-09-29 11:46:26,451 - INFO - Fetched: 卷一百十五·列传第三
2024-09-29 11:46:26,459 - INFO - Fetched: 卷一百十七·列传第五·诸王二
2024-09-29 11:46:26,470 - INFO - Fetched: 卷一百十三·列传第一·后妃
2024-09-29 11:46:26,482 - INFO - Fetched: 卷一百十四·列传第二·后妃二
2024-09-29 11:46:26,497 - INFO - Fetched: 卷一百十八·列传第六·诸王三
2024-09-29 11:46:26,507 - INFO - Fetched: 卷一百二十·列传第八·诸王五
2024-09-29 11:46:26,632 - INFO - Fetched: 卷一百二十七·列传第十五
2024-09-29 11:46:26,641 - INFO - Fetched: 卷一百二十九·列传第十七
2024-09-29 11:46:26,650 - INFO - Fetched: 卷一百二十三·列传第十一
2024-09-29 11:46:26,657 - INFO - Fetched: 卷一百二十二·列传第十
2024-09-29 11:46:26,669 - INFO - Fetched: 卷一百二十五·列传第十三
2024-09-29 11:46:26,679 - INFO - Fetched: 卷一百二十四·列传第十二
2024-09-29 11:46:26,692 - INFO - Fetched: 卷一百二十六·列传第十四
2024-09-29 11:46:26,705 - INFO - Fetched: 卷一百三十·列传第十八
2024-09-29 11:46:26,721 - INFO - Fetched: 卷一百二十一·列传第九
2024-09-29 11:46:26,728 - INFO - Fetched: 卷一百二十八·列传第十六
2024-09-29 11:46:26,787 - INFO - Fetched: 卷一百三十三·列传第二十一
2024-09-29 11:46:26,795 - INFO - Fetched: 卷一百三十一·列传第十九
2024-09-29 11:46:26,803 - INFO - Fetched: 卷一百三十六·列传第二十四
2024-09-29 11:46:26,813 - INFO - Fetched: 卷一百三十四·列传第二十二
2024-09-29 11:46:26,824 - INFO - Fetched: 卷一百三十九·列传第二十七
2024-09-29 11:46:26,831 - INFO - Fetched: 卷一百三十五·列传第二十三
2024-09-29 11:46:26,840 - INFO - Fetched: 卷一百四十·列传第二十八
2024-09-29 11:46:26,851 - INFO - Fetched: 卷一百三十七·列传第二十五
2024-09-29 11:46:26,860 - INFO - Fetched: 卷一百三十八·列传第二十六
2024-09-29 11:46:26,870 - INFO - Fetched: 卷一百三十二·列传第二十
2024-09-29 11:46:26,924 - INFO - Fetched: 卷一百四十一·列传第二十九
2024-09-29 11:46:26,934 - INFO - Fetched: 卷一百四十四·列传第三十二
2024-09-29 11:46:26,950 - INFO - Fetched: 卷一百四十六·列传第三十四
2024-09-29 11:46:26,966 - INFO - Fetched: 卷一百四十五·列传第三十三
2024-09-29 11:46:26,977 - INFO - Fetched: 卷一百四十二·列传第三十
2024-09-29 11:46:26,987 - INFO - Fetched: 卷一百四十三·列传第三十一
2024-09-29 11:46:26,996 - INFO - Fetched: 卷一百四十八·列传第三十六
2024-09-29 11:46:27,005 - INFO - Fetched: 卷一百五十·列传第三十八
2024-09-29 11:46:27,016 - INFO - Fetched: 卷一百四十七·列传第三十五
2024-09-29 11:46:27,081 - INFO - Fetched: 卷一百四十九·列传第三十七
2024-09-29 11:46:27,133 - INFO - Fetched: 卷一百五十三·列传第四十一
2024-09-29 11:46:27,162 - INFO - Fetched: 卷一百五十八·列传第四十六
2024-09-29 11:46:27,173 - INFO - Fetched: 卷一百五十一·列传第三十九
2024-09-29 11:46:27,184 - INFO - Fetched: 卷一百五十二·列传第四十
2024-09-29 11:46:27,195 - INFO - Fetched: 卷一百五十七·列传第四十五
2024-09-29 11:46:27,204 - INFO - Fetched: 卷一百五十九·列传第四十七
2024-09-29 11:46:27,214 - INFO - Fetched: 卷一百五十五·列传第四十三
2024-09-29 11:46:27,223 - INFO - Fetched: 卷一百五十六·列传第四十四
2024-09-29 11:46:27,233 - INFO - Fetched: 卷一百五十四·列传第四十二
2024-09-29 11:46:27,242 - INFO - Fetched: 卷一百六十·列传第四十八
2024-09-29 11:46:27,295 - INFO - Fetched: 卷一百六十五·列传第五十三
2024-09-29 11:46:27,305 - INFO - Fetched: 卷一百六十九·列传第五十七
2024-09-29 11:46:27,313 - INFO - Fetched: 卷一百七十·列传第五十八
2024-09-29 11:46:27,327 - INFO - Fetched: 卷一百六十七·列传第五十五
2024-09-29 11:46:27,338 - INFO - Fetched: 卷一百六十六·列传第五十四
2024-09-29 11:46:27,347 - INFO - Fetched: 卷一百六十八·列传第五十六
2024-09-29 11:46:27,358 - INFO - Fetched: 卷一百六十四·列传第五十二
2024-09-29 11:46:27,367 - INFO - Fetched: 卷一百六十三·列传第五十一
2024-09-29 11:46:27,378 - INFO - Fetched: 卷一百六十二·列传第五十
2024-09-29 11:46:27,390 - INFO - Fetched: 卷一百六十一·列传第四十九
2024-09-29 11:46:27,449 - INFO - Fetched: 卷一百七十三·列传第六十一
2024-09-29 11:46:27,459 - INFO - Fetched: 卷一百七十六·列传第六十四
2024-09-29 11:46:27,471 - INFO - Fetched: 卷一百七十九·列传第六十七
2024-09-29 11:46:27,481 - INFO - Fetched: 卷一百七十二·列传第六十
2024-09-29 11:46:27,491 - INFO - Fetched: 卷一百七十八·列传第六十六
2024-09-29 11:46:27,500 - INFO - Fetched: 卷一百七十一·列传第五十九
2024-09-29 11:46:27,514 - INFO - Fetched: 卷一百七十五·列传第六十三
2024-09-29 11:46:27,530 - INFO - Fetched: 卷一百七十七·列传第六十五
2024-09-29 11:46:27,546 - INFO - Fetched: 卷一百八十·列传第六十八
2024-09-29 11:46:27,558 - INFO - Fetched: 卷一百七十四·列传第六十二
2024-09-29 11:46:27,611 - INFO - Fetched: 卷一百八十二·列传第七十
2024-09-29 11:46:27,623 - INFO - Fetched: 卷一百八十五·列传第七十三
2024-09-29 11:46:27,636 - INFO - Fetched: 卷一百八十八·列传第七十六
2024-09-29 11:46:27,645 - INFO - Fetched: 卷一百八十三·列传第七十一
2024-09-29 11:46:27,655 - INFO - Fetched: 卷一百八十九·列传第七十七
2024-09-29 11:46:27,664 - INFO - Fetched: 卷一百八十四·列传第七十二
2024-09-29 11:46:27,674 - INFO - Fetched: 卷一百八十一·列传第六十九
2024-09-29 11:46:27,683 - INFO - Fetched: 卷一百九十·列传第七十八
2024-09-29 11:46:27,692 - INFO - Fetched: 卷一百八十七·列传第七十五
2024-09-29 11:46:27,702 - INFO - Fetched: 卷一百八十六·列传第七十四
2024-09-29 11:46:27,759 - INFO - Fetched: 卷一百九十九·列传第八十七
2024-09-29 11:46:27,773 - INFO - Fetched: 卷一百九十六·列传第八十四
2024-09-29 11:46:27,783 - INFO - Fetched: 卷二百·列传第八十八
2024-09-29 11:46:27,793 - INFO - Fetched: 卷一百九十四·列传第八十二
2024-09-29 11:46:27,803 - INFO - Fetched: 卷一百九十一·列传第七十九
2024-09-29 11:46:27,810 - INFO - Fetched: 卷一百九十五·列传第八十三
2024-09-29 11:46:27,823 - INFO - Fetched: 卷一百九十七·列传第八十五
2024-09-29 11:46:27,831 - INFO - Fetched: 卷一百九十二·列传第八十
2024-09-29 11:46:27,841 - INFO - Fetched: 卷一百九十八·列传第八十六
2024-09-29 11:46:27,901 - INFO - Fetched: 卷一百九十三·列传第八十一
2024-09-29 11:46:27,967 - INFO - Fetched: 卷二百十·列传第九十八
2024-09-29 11:46:27,978 - INFO - Fetched: 卷二百二·列传第九十
2024-09-29 11:46:27,989 - INFO - Fetched: 卷二百五·列传第九十三
2024-09-29 11:46:28,002 - INFO - Fetched: 卷二百九·列传第九十七
2024-09-29 11:46:28,014 - INFO - Fetched: 卷二百四·列传第九十二
2024-09-29 11:46:28,025 - INFO - Fetched: 卷二百八·列传第九十六
2024-09-29 11:46:28,035 - INFO - Fetched: 卷二百三·列传第九十一
2024-09-29 11:46:28,043 - INFO - Fetched: 卷二百一·列传第八十九
2024-09-29 11:46:28,053 - INFO - Fetched: 卷二百七·列传第九十五
2024-09-29 11:46:28,065 - INFO - Fetched: 卷二百六·列传第九十四
2024-09-29 11:46:28,114 - INFO - Fetched: 卷二百十七·列传第一百五
2024-09-29 11:46:28,123 - INFO - Fetched: 卷二百十五·列传第一百三
2024-09-29 11:46:28,134 - INFO - Fetched: 卷二百十六·列传第一百四
2024-09-29 11:46:28,142 - INFO - Fetched: 卷二百十九·列传第一百七
2024-09-29 11:46:28,152 - INFO - Fetched: 卷二百十二·列传第一百
2024-09-29 11:46:28,161 - INFO - Fetched: 卷二百十一·列传第九十九
2024-09-29 11:46:28,170 - INFO - Fetched: 卷二百十八·列传第一百六
2024-09-29 11:46:28,182 - INFO - Fetched: 卷二百十四·列传第一百二
2024-09-29 11:46:28,192 - INFO - Fetched: 卷二百二十·列传第一百八
2024-09-29 11:46:28,204 - INFO - Fetched: 卷二百十三·列传第一百一
2024-09-29 11:46:28,252 - INFO - Fetched: 卷二百二十五·列传第一百十三
2024-09-29 11:46:28,264 - INFO - Fetched: 卷二百二十九·列传第一百十七
2024-09-29 11:46:28,275 - INFO - Fetched: 卷二百二十四·列传第一百十二
2024-09-29 11:46:28,286 - INFO - Fetched: 卷二百二十七·列传第一百十五
2024-09-29 11:46:28,296 - INFO - Fetched: 卷二百二十八·列传第一百十六
2024-09-29 11:46:28,305 - INFO - Fetched: 卷二百三十·列传第一百十八
2024-09-29 11:46:28,312 - INFO - Fetched: 卷二百二十一·列传第一百九
2024-09-29 11:46:28,321 - INFO - Fetched: 卷二百二十六·列传第一百十四
2024-09-29 11:46:28,331 - INFO - Fetched: 卷二百二十三·列传第一百十一
2024-09-29 11:46:28,340 - INFO - Fetched: 卷二百二十二·列传第一百十
2024-09-29 11:46:28,397 - INFO - Fetched: 卷二百三十六·列传第一百二十四
2024-09-29 11:46:28,409 - INFO - Fetched: 卷二百三十七·列传第一百二十五
2024-09-29 11:46:28,425 - INFO - Fetched: 卷二百三十五·列传第一百二十三
2024-09-29 11:46:28,434 - INFO - Fetched: 卷二百三十九·列传第一百二十七
2024-09-29 11:46:28,443 - INFO - Fetched: 卷二百三十八·列传一百二十六
2024-09-29 11:46:28,452 - INFO - Fetched: 卷二百三十三·列传第一百二十一
2024-09-29 11:46:28,520 - INFO - Fetched: 卷二百三十二·列传第一百二十
2024-09-29 11:46:28,530 - INFO - Fetched: 卷二百四十·列传第一百二十八
2024-09-29 11:46:28,539 - INFO - Fetched: 卷二百三十一·列传第一百十九
2024-09-29 11:46:28,549 - INFO - Fetched: 卷二百三十四·列传第一百二十二
2024-09-29 11:46:28,599 - INFO - Fetched: 卷二百四十三·列传第一百三十一
2024-09-29 11:46:28,610 - INFO - Fetched: 卷二百五十·列传第一百三十八
2024-09-29 11:46:28,624 - INFO - Fetched: 卷二百四十二·列传第一百三十
2024-09-29 11:46:28,640 - INFO - Fetched: 卷二百四十八·列传第一百三十六
2024-09-29 11:46:28,650 - INFO - Fetched: 卷二百四十九·列传第一百三十七
2024-09-29 11:46:28,663 - INFO - Fetched: 卷二百四十五·列传第一百三十三
2024-09-29 11:46:28,673 - INFO - Fetched: 卷二百四十一·列传第一百二十九
2024-09-29 11:46:28,686 - INFO - Fetched: 卷二百四十六·列传第一百三十四
2024-09-29 11:46:28,701 - INFO - Fetched: 卷二百四十七·列传第一百三十五
2024-09-29 11:46:28,715 - INFO - Fetched: 卷二百四十四·列传第一百三十二
2024-09-29 11:46:28,773 - INFO - Fetched: 卷二百五十六·列传第一百四十四
2024-09-29 11:46:28,793 - INFO - Fetched: 卷二百五十二·列传第一百四十
2024-09-29 11:46:28,916 - INFO - Fetched: 卷二百五十三·列传第一百四十一
2024-09-29 11:46:28,930 - INFO - Fetched: 卷二百五十九·列传第一百四十七
2024-09-29 11:46:28,940 - INFO - Fetched: 卷二百五十七·列传第一百四十五
2024-09-29 11:46:28,949 - INFO - Fetched: 卷二百五十四·列传第一百四十二
2024-09-29 11:46:28,958 - INFO - Fetched: 卷二百五十五·列传第一百四十三
2024-09-29 11:46:28,969 - INFO - Fetched: 卷二百五十一·列传第一百三十九
2024-09-29 11:46:28,978 - INFO - Fetched: 卷二百六十·列传第一百四十八
2024-09-29 11:46:28,992 - INFO - Fetched: 卷二百五十八·列传第一百四十六
2024-09-29 11:46:29,000 - INFO - Fetched: 卷二百六十一·列传一百四十九
2024-09-29 11:46:29,064 - INFO - Fetched: 卷二百六十二·列传第一百五十
2024-09-29 11:46:29,072 - INFO - Fetched: 卷二百六十三·列传第一百五十一
2024-09-29 11:46:29,094 - INFO - Fetched: 卷二百六十七·列传第一百五十五
2024-09-29 11:46:29,102 - INFO - Fetched: 卷二百六十八·列传第一百五十六
2024-09-29 11:46:29,110 - INFO - Fetched: 卷二百六十六·列传第一百五十四
2024-09-29 11:46:29,125 - INFO - Fetched: 卷二百六十九·列传第一百五十七
2024-09-29 11:46:29,137 - INFO - Fetched: 卷二百七十一·列传第一百五十九
2024-09-29 11:46:29,147 - INFO - Fetched: 卷二百六十五·列传第一百五十三
2024-09-29 11:46:29,158 - INFO - Fetched: 卷二百六十四·列传第一百五十二
2024-09-29 11:46:29,172 - INFO - Fetched: 卷二百七十·列传第一百五十八
2024-09-29 11:46:29,217 - INFO - Fetched: 卷二百七十二·列传第一百六十
2024-09-29 11:46:29,227 - INFO - Fetched: 卷二百七十三·列传第一百六十一
2024-09-29 11:46:29,264 - INFO - Fetched: 卷二百七十五·列传第一百六十三
2024-09-29 11:46:29,273 - INFO - Fetched: 卷二百七十四·列传第一百六十二
2024-09-29 11:46:29,283 - INFO - Fetched: 卷二百八十·列传第一百六十八
2024-09-29 11:46:29,298 - INFO - Fetched: 卷二百七十九·列传第一百六十七
2024-09-29 11:46:29,309 - INFO - Fetched: 卷二百八十一·列传第一百六十九·循吏
2024-09-29 11:46:29,320 - INFO - Fetched: 卷二百七十八·列传第一百六十六
2024-09-29 11:46:29,330 - INFO - Fetched: 卷二百七十七·列传第一百六十五
2024-09-29 11:46:29,344 - INFO - Fetched: 卷二百八十二·列传第一百七十·儒林一
2024-09-29 11:46:29,355 - INFO - Fetched: 卷二百七十六·列传第一百六十四
2024-09-29 11:46:29,366 - INFO - Fetched: 卷二百八十三·列传第一百七十一·儒林二
2024-09-29 11:46:29,377 - INFO - Fetched: 卷二百八十四·列传第一百七十二·儒林三
2024-09-29 11:46:29,390 - INFO - Fetched: 卷二百八十五·列传第一百七十三·文苑一
2024-09-29 11:46:29,401 - INFO - Fetched: 卷二百八十六·列传第一百七十四·文苑二
2024-09-29 11:46:29,454 - INFO - Fetched: 卷二百九十·列传第一百七十八·忠义二
2024-09-29 11:46:29,463 - INFO - Fetched: 卷二百九十三·列传第一百八十一·忠义五
2024-09-29 11:46:29,473 - INFO - Fetched: 卷二百八十七·列传第一百七十五·文苑三
2024-09-29 11:46:29,486 - INFO - Fetched: 卷二百八十九·列传第一百七十七·忠义一
2024-09-29 11:46:29,495 - INFO - Fetched: 卷二百九十五·列传第一百八十三·忠义七
2024-09-29 11:46:29,504 - INFO - Fetched: 卷二百九十一·列传第一百七十九·忠义三
2024-09-29 11:46:29,512 - INFO - Fetched: 卷二百八十八·列传第一百七十六·文苑四
2024-09-29 11:46:29,525 - INFO - Fetched: 卷二百九十四·列传第一百八十二·忠义六
2024-09-29 11:46:29,536 - INFO - Fetched: 卷二百九十二·列传第一百八十·忠义四
2024-09-29 11:46:29,546 - INFO - Fetched: 卷二百九十六·列传第一百八十四·孝义
2024-09-29 11:46:29,606 - INFO - Fetched: 卷二百九十八·列传第一百八十六·隐逸
2024-09-29 11:46:29,618 - INFO - Fetched: 卷二百九十九·列传第一百八十七·方伎
2024-09-29 11:46:29,635 - INFO - Fetched: 卷三百五·列传第一百九十三·宦官二
2024-09-29 11:46:29,648 - INFO - Fetched: 卷三百三·列传第一百九十一·列女三
2024-09-29 11:46:29,657 - INFO - Fetched: 卷三百二·列传第一百九十·列女二
2024-09-29 11:46:29,669 - INFO - Fetched: 卷二百九十七·列传第一百八十五·孝义二
2024-09-29 11:46:29,679 - INFO - Fetched: 卷三百一·列传第一百八十九·列女一
2024-09-29 11:46:29,731 - INFO - Fetched: 卷三百六·列传第一百九十四·阉党
2024-09-29 11:46:29,741 - INFO - Fetched: 卷三百四·列传第一百九十二·宦官一
2024-09-29 11:46:29,754 - INFO - Fetched: 卷三百·列传第一百八十八·外戚
2024-09-29 11:46:29,837 - INFO - Fetched: 卷三百十·列传第一百九十八·土司
2024-09-29 11:46:29,894 - INFO - Fetched: 卷三百十四·列传第二百二·云南土司二
2024-09-29 11:46:29,904 - INFO - Fetched: 卷三百十三·列传第二百一·云南土司
2024-09-29 11:46:29,913 - INFO - Fetched: 卷三百十五·列传第二百三·云南土司三
2024-09-29 11:46:29,923 - INFO - Fetched: 卷三百十六·列传第二百四·贵州土司
2024-09-29 11:46:29,932 - INFO - Fetched: 卷三百七·列传第一百九十五·佞幸
2024-09-29 11:46:29,942 - INFO - Fetched: 卷三百十一·列传第一百九十九·四川土司
2024-09-29 11:46:29,950 - INFO - Fetched: 卷三百十二·列传第二百·四川土司二
2024-09-29 11:46:29,961 - INFO - Fetched: 卷三百八·列传第一百九十六·奸臣
2024-09-29 11:46:29,976 - INFO - Fetched: 卷三百九·列传第一百九十七·流贼
2024-09-29 11:46:30,030 - INFO - Fetched: 卷三百十八·列传第二百六·广西土司二
2024-09-29 11:46:30,043 - INFO - Fetched: 卷三百十七·列传第二百五·广西土司
2024-09-29 11:46:30,057 - INFO - Fetched: 卷三百二十五·列传第二百十三·外国六
2024-09-29 11:46:30,067 - INFO - Fetched: 卷三百十九·列传第二百七·广西土司三
2024-09-29 11:46:30,075 - INFO - Fetched: 卷三百二十二·列传第二百十·外国三
2024-09-29 11:46:30,089 - INFO - Fetched: 卷三百二十四·列传第二百十二·外国五
2024-09-29 11:46:30,097 - INFO - Fetched: 卷三百二十三·列传第二百十一·外国四
2024-09-29 11:46:30,105 - INFO - Fetched: 卷三百二十·列传第二百八·外国一
2024-09-29 11:46:30,116 - INFO - Fetched: 卷三百二十六·列传第二百十四·外国七
2024-09-29 11:46:30,123 - INFO - Fetched: 卷三百二十一·列传第二百九·外国二
2024-09-29 11:46:30,205 - INFO - Fetched: 卷三百三十二·列传第二百二十·西域四
2024-09-29 11:46:30,218 - INFO - Fetched: 卷三百三十一·列传第二百十七·西域三
2024-09-29 11:46:30,233 - INFO - Fetched: 卷三百二十七·列传第二百十五·外国八鞑靼
2024-09-29 11:46:30,247 - INFO - Fetched: 卷三百三十·列传第二百十八·西域二西番诸卫
2024-09-29 11:46:30,258 - INFO - Fetched: 附录
2024-09-29 11:46:30,271 - INFO - Fetched: 卷三百二十九·列传第二百十七·西域一
2024-09-29 11:46:30,279 - INFO - Fetched: 卷三百二十八·列传第二百十六·外国九瓦剌
2024-09-29 11:46:30,286 - INFO - Time cost: 6.88s
