2024-10-05 20:09:28,788 - INFO - Fetched: ○太祖平吴
2024-10-05 20:09:28,788 - INFO - Fetched: ○北伐中原
2024-10-05 20:09:28,790 - INFO - Fetched: ○方国珍降
2024-10-05 20:09:28,796 - INFO - Fetched: ○太祖平吴
2024-10-05 20:09:28,796 - INFO - Fetched: ○北伐中原
2024-10-05 20:09:28,801 - INFO - Fetched: ○方国珍降
2024-10-05 20:09:28,802 - INFO - Fetched: ○略定秦晋
2024-10-05 20:09:28,802 - INFO - Fetched: ○太祖平吴
2024-10-05 20:09:28,802 - INFO - Fetched: ○北伐中原
2024-10-05 20:09:28,802 - INFO - Fetched: ○太祖平汉
2024-10-05 20:09:28,804 - INFO - Fetched: ○太祖平吴
2024-10-05 20:09:28,804 - INFO - Fetched: ○北伐中原
2024-10-05 20:09:28,804 - INFO - Fetched: ○太祖平汉
2024-10-05 20:09:28,805 - INFO - Fetched: ○方国珍降
2024-10-05 20:09:28,805 - INFO - Fetched: ○略定秦晋
2024-10-05 20:09:28,806 - INFO - Fetched: ○北伐中原
2024-10-05 20:09:28,806 - INFO - Fetched: ○太祖平吴
2024-10-05 20:09:28,816 - INFO - Fetched: ○太祖平汉
2024-10-05 20:09:28,817 - INFO - Fetched: ○略定秦晋
2024-10-05 20:09:28,817 - INFO - Fetched: ○方国珍降
2024-10-05 20:09:28,829 - INFO - Fetched: ○北伐中原
2024-10-05 20:09:28,829 - INFO - Fetched: ○太祖平吴
2024-10-05 20:09:28,829 - INFO - Fetched: ○太祖平闽
2024-10-05 20:09:28,834 - INFO - Fetched: ○平定两广
2024-10-05 20:09:28,834 - INFO - Fetched: ○太祖平汉
2024-10-05 20:09:28,835 - INFO - Fetched: ○方国珍降
2024-10-05 20:09:28,835 - INFO - Fetched: ○略定秦晋
2024-10-05 20:09:28,836 - INFO - Fetched: ○故元遗兵
2024-10-05 20:09:28,836 - INFO - Fetched: ○平定东南
2024-10-05 20:09:28,836 - INFO - Fetched: ○北伐中原
2024-10-05 20:09:28,836 - INFO - Fetched: ○太祖平吴
2024-10-05 20:09:28,837 - INFO - Fetched: ○太祖平闽
2024-10-05 20:09:28,837 - INFO - Fetched: ○太祖起兵
2024-10-05 20:09:28,837 - INFO - Fetched: ○太祖平汉
2024-10-05 20:09:28,839 - INFO - Fetched: ○平定两广
2024-10-05 20:09:28,839 - INFO - Fetched: ○方国珍降
2024-10-05 20:09:28,839 - INFO - Fetched: ○略定秦晋
2024-10-05 20:09:28,839 - INFO - Fetched: ○故元遗兵
2024-10-05 20:09:28,840 - INFO - Fetched: ○平定东南
2024-10-05 20:09:28,840 - INFO - Fetched: ○北伐中原
2024-10-05 20:09:28,840 - INFO - Fetched: ○太祖平吴
2024-10-05 20:09:28,841 - INFO - Fetched: ○太祖平闽
2024-10-05 20:09:28,841 - INFO - Fetched: ○太祖起兵
2024-10-05 20:09:28,841 - INFO - Fetched: ○太祖平汉
2024-10-05 20:09:28,841 - INFO - Fetched: ○方国珍降
2024-10-05 20:09:28,841 - INFO - Fetched: ○平定两广
2024-10-05 20:09:28,842 - INFO - Fetched: ○故元遗兵
2024-10-05 20:09:28,842 - INFO - Fetched: ○略定秦晋
2024-10-05 20:09:28,842 - INFO - Fetched: ○平定东南
2024-10-05 20:09:28,843 - INFO - Fetched: ○太祖平吴
2024-10-05 20:09:28,843 - INFO - Fetched: ○太祖平闽
2024-10-05 20:09:28,843 - INFO - Fetched: ○北伐中原
2024-10-05 20:09:28,843 - INFO - Fetched: ○太祖起兵
2024-10-05 20:09:28,844 - INFO - Fetched: ○太祖平汉
2024-10-05 20:09:28,844 - INFO - Fetched: ○平定两广
2024-10-05 20:09:28,844 - INFO - Fetched: ○方国珍降
2024-10-05 20:09:28,845 - INFO - Fetched: ○故元遗兵
2024-10-05 20:09:28,846 - INFO - Fetched: ○略定秦晋
2024-10-05 20:09:28,846 - INFO - Fetched: ○太祖平吴
2024-10-05 20:09:28,846 - INFO - Fetched: ○平定东南
2024-10-05 20:09:28,846 - INFO - Fetched: ○太祖平闽
2024-10-05 20:09:28,847 - INFO - Fetched: ○太祖起兵
2024-10-05 20:09:28,847 - INFO - Fetched: ○北伐中原
2024-10-05 20:09:28,848 - INFO - Fetched: ○太祖平汉
2024-10-05 20:09:28,848 - INFO - Fetched: ○方国珍降
2024-10-05 20:09:28,848 - INFO - Fetched: ○略定秦晋
2024-10-05 20:09:28,849 - INFO - Fetched: ○故元遗兵
2024-10-05 20:09:28,849 - INFO - Fetched: ○平定两广
2024-10-05 20:09:28,849 - INFO - Fetched: ○平定东南
2024-10-05 20:09:28,849 - INFO - Fetched: ○太祖平吴
2024-10-05 20:09:28,849 - INFO - Fetched: ○太祖平闽
2024-10-05 20:09:28,849 - INFO - Fetched: ○太祖起兵
2024-10-05 20:09:28,850 - INFO - Fetched: ○北伐中原
2024-10-05 20:09:28,851 - INFO - Fetched: ○方国珍降
2024-10-05 20:09:28,851 - INFO - Fetched: ○略定秦晋
2024-10-05 20:09:28,851 - INFO - Fetched: ○故元遗兵
2024-10-05 20:09:28,851 - INFO - Fetched: ○太祖平汉
2024-10-05 20:09:28,851 - INFO - Fetched: ○太祖平吴
2024-10-05 20:09:28,851 - INFO - Fetched: ○平定两广
2024-10-05 20:09:28,853 - INFO - Fetched: ○平定东南
2024-10-05 20:09:28,853 - INFO - Fetched: ○太祖平闽
2024-10-05 20:09:28,853 - INFO - Fetched: ○太祖起兵
2024-10-05 20:09:28,854 - INFO - Fetched: ○北伐中原
2024-10-05 20:09:28,854 - INFO - Fetched: ○略定秦晋
2024-10-05 20:09:28,855 - INFO - Fetched: ○故元遗兵
2024-10-05 20:09:28,855 - INFO - Fetched: ○方国珍降
2024-10-05 20:09:28,855 - INFO - Fetched: ○太祖平吴
2024-10-05 20:09:28,855 - INFO - Fetched: ○太祖平汉
2024-10-05 20:09:28,855 - INFO - Fetched: ○平定东南
2024-10-05 20:09:28,856 - INFO - Fetched: ○平定两广
2024-10-05 20:09:28,856 - INFO - Fetched: ○太祖平闽
2024-10-05 20:09:28,856 - INFO - Fetched: ○太祖起兵
2024-10-05 20:09:28,857 - INFO - Fetched: ○北伐中原
2024-10-05 20:09:28,857 - INFO - Fetched: ○故元遗兵
2024-10-05 20:09:28,858 - INFO - Fetched: ○方国珍降
2024-10-05 20:09:28,858 - INFO - Fetched: ○略定秦晋
2024-10-05 20:09:28,858 - INFO - Fetched: ○太祖平汉
2024-10-05 20:09:28,858 - INFO - Fetched: ○平定东南
2024-10-05 20:09:28,858 - INFO - Fetched: ○太祖平吴
2024-10-05 20:09:28,858 - INFO - Fetched: ○平定两广
2024-10-05 20:09:28,859 - INFO - Fetched: ○太祖平闽
2024-10-05 20:09:28,860 - INFO - Fetched: ○太祖起兵
2024-10-05 20:09:28,860 - INFO - Fetched: ○北伐中原
2024-10-05 20:09:28,861 - INFO - Fetched: ○略定秦晋
2024-10-05 20:09:28,861 - INFO - Fetched: ○方国珍降
2024-10-05 20:09:28,861 - INFO - Fetched: ○故元遗兵
2024-10-05 20:09:28,862 - INFO - Fetched: ○太祖平汉
2024-10-05 20:09:28,862 - INFO - Fetched: ○平定东南
2024-10-05 20:09:28,862 - INFO - Fetched: ○太祖平吴
2024-10-05 20:09:28,862 - INFO - Fetched: ○平定两广
2024-10-05 20:09:28,862 - INFO - Fetched: ○太祖平闽
2024-10-05 20:09:28,862 - INFO - Fetched: ○太祖起兵
2024-10-05 20:09:28,863 - INFO - Fetched: ○北伐中原
2024-10-05 20:09:28,864 - INFO - Fetched: ○略定秦晋
2024-10-05 20:09:28,864 - INFO - Fetched: ○太祖平汉
2024-10-05 20:09:28,864 - INFO - Fetched: ○平定东南
2024-10-05 20:09:28,864 - INFO - Fetched: ○太祖平吴
2024-10-05 20:09:28,864 - INFO - Fetched: ○故元遗兵
2024-10-05 20:09:28,864 - INFO - Fetched: ○平定两广
2024-10-05 20:09:28,865 - INFO - Fetched: ○太祖平闽
2024-10-05 20:09:28,865 - INFO - Fetched: ○太祖起兵
2024-10-05 20:09:28,866 - INFO - Fetched: ○北伐中原
2024-10-05 20:09:28,866 - INFO - Fetched: ○略定秦晋
2024-10-05 20:09:28,866 - INFO - Fetched: ○太祖平汉
2024-10-05 20:09:28,866 - INFO - Fetched: ○平定东南
2024-10-05 20:09:28,868 - INFO - Fetched: ○太祖平吴
2024-10-05 20:09:28,868 - INFO - Fetched: ○太祖平闽
2024-10-05 20:09:28,868 - INFO - Fetched: ○平定两广
2024-10-05 20:09:28,868 - INFO - Fetched: ○故元遗兵
2024-10-05 20:09:28,869 - INFO - Fetched: ○太祖起兵
2024-10-05 20:09:28,869 - INFO - Fetched: ○北伐中原
2024-10-05 20:09:28,870 - INFO - Fetched: ○太祖平汉
2024-10-05 20:09:28,870 - INFO - Fetched: ○略定秦晋
2024-10-05 20:09:28,870 - INFO - Fetched: ○平定东南
2024-10-05 20:09:28,870 - INFO - Fetched: ○太祖平吴
2024-10-05 20:09:28,870 - INFO - Fetched: ○故元遗兵
2024-10-05 20:09:28,870 - INFO - Fetched: ○平定两广
2024-10-05 20:09:28,871 - INFO - Fetched: ○太祖起兵
2024-10-05 20:09:28,871 - INFO - Fetched: ○北伐中原
2024-10-05 20:09:28,871 - INFO - Fetched: ○太祖平汉
2024-10-05 20:09:28,871 - INFO - Fetched: ○略定秦晋
2024-10-05 20:09:28,873 - INFO - Fetched: ○太祖平吴
2024-10-05 20:09:28,873 - INFO - Fetched: ○平定东南
2024-10-05 20:09:28,873 - INFO - Fetched: ○故元遗兵
2024-10-05 20:09:28,873 - INFO - Fetched: ○平定两广
2024-10-05 20:09:28,874 - INFO - Fetched: ○太祖起兵
2024-10-05 20:09:28,874 - INFO - Fetched: ○北伐中原
2024-10-05 20:09:28,875 - INFO - Fetched: ○太祖平汉
2024-10-05 20:09:28,875 - INFO - Fetched: ○太祖平吴
2024-10-05 20:09:28,875 - INFO - Fetched: ○平定东南
2024-10-05 20:09:28,875 - INFO - Fetched: ○故元遗兵
2024-10-05 20:09:28,875 - INFO - Fetched: ○平定两广
2024-10-05 20:09:28,876 - INFO - Fetched: ○太祖起兵
2024-10-05 20:09:28,876 - INFO - Fetched: ○北伐中原
2024-10-05 20:09:28,876 - INFO - Fetched: ○太祖平汉
2024-10-05 20:09:28,876 - INFO - Fetched: ○平定东南
2024-10-05 20:09:28,878 - INFO - Fetched: ○太祖平吴
2024-10-05 20:09:28,878 - INFO - Fetched: ○故元遗兵
2024-10-05 20:09:28,878 - INFO - Fetched: ○太祖起兵
2024-10-05 20:09:28,878 - INFO - Fetched: ○北伐中原
2024-10-05 20:09:28,879 - INFO - Fetched: ○太祖平汉
2024-10-05 20:09:28,879 - INFO - Fetched: ○平定东南
2024-10-05 20:09:28,879 - INFO - Fetched: ○太祖平吴
2024-10-05 20:09:28,879 - INFO - Fetched: ○故元遗兵
2024-10-05 20:09:28,880 - INFO - Fetched: ○太祖起兵
2024-10-05 20:09:28,881 - INFO - Fetched: ○北伐中原
2024-10-05 20:09:28,881 - INFO - Fetched: ○太祖平汉
2024-10-05 20:09:28,881 - INFO - Fetched: ○平定东南
2024-10-05 20:09:28,881 - INFO - Fetched: ○太祖平吴
2024-10-05 20:09:28,881 - INFO - Fetched: ○故元遗兵
2024-10-05 20:09:28,883 - INFO - Fetched: ○北伐中原
2024-10-05 20:09:28,883 - INFO - Fetched: ○太祖平汉
2024-10-05 20:09:28,883 - INFO - Fetched: ○太祖平吴
2024-10-05 20:09:28,883 - INFO - Fetched: ○平定东南
2024-10-05 20:09:28,884 - INFO - Fetched: ○故元遗兵
2024-10-05 20:09:28,884 - INFO - Fetched: ○北伐中原
2024-10-05 20:09:28,885 - INFO - Fetched: ○太祖平汉
2024-10-05 20:09:28,885 - INFO - Fetched: ○平定东南
2024-10-05 20:09:28,885 - INFO - Fetched: ○太祖平吴
2024-10-05 20:09:28,885 - INFO - Fetched: ○故元遗兵
2024-10-05 20:09:28,886 - INFO - Fetched: ○北伐中原
2024-10-05 20:09:28,886 - INFO - Fetched: ○太祖平汉
2024-10-05 20:09:28,886 - INFO - Fetched: ○太祖平吴
2024-10-05 20:09:28,887 - INFO - Fetched: ○平定东南
2024-10-05 20:09:28,887 - INFO - Fetched: ○故元遗兵
2024-10-05 20:09:28,887 - INFO - Fetched: ○太祖平汉
2024-10-05 20:09:28,888 - INFO - Fetched: ○太祖平吴
2024-10-05 20:09:28,888 - INFO - Fetched: ○平定东南
2024-10-05 20:09:28,889 - INFO - Fetched: ○故元遗兵
2024-10-05 20:09:28,889 - INFO - Fetched: ○太祖平吴
2024-10-05 20:09:28,889 - INFO - Fetched: ○平定东南
2024-10-05 20:09:28,890 - INFO - Fetched: ○故元遗兵
2024-10-05 20:09:28,890 - INFO - Fetched: ○太祖平吴
2024-10-05 20:09:28,891 - INFO - Fetched: ○平定东南
2024-10-05 20:09:28,891 - INFO - Fetched: ○故元遗兵
2024-10-05 20:09:28,891 - INFO - Fetched: ○太祖平吴
2024-10-05 20:09:28,892 - INFO - Fetched: ○平定东南
2024-10-05 20:09:28,892 - INFO - Fetched: ○故元遗兵
2024-10-05 20:09:28,892 - INFO - Fetched: ○太祖平吴
2024-10-05 20:09:28,893 - INFO - Fetched: ○平定东南
2024-10-05 20:09:28,893 - INFO - Fetched: ○故元遗兵
2024-10-05 20:09:28,893 - INFO - Fetched: ○太祖平吴
2024-10-05 20:09:28,894 - INFO - Fetched: ○平定东南
2024-10-05 20:09:28,894 - INFO - Fetched: ○故元遗兵
2024-10-05 20:09:28,895 - INFO - Fetched: ○太祖平吴
2024-10-05 20:09:28,895 - INFO - Fetched: ○平定东南
2024-10-05 20:09:28,895 - INFO - Fetched: ○故元遗兵
2024-10-05 20:09:28,895 - INFO - Fetched: ○太祖平吴
2024-10-05 20:09:28,896 - INFO - Fetched: ○平定东南
2024-10-05 20:09:28,896 - INFO - Fetched: ○故元遗兵
2024-10-05 20:09:28,896 - INFO - Fetched: ○太祖平吴
2024-10-05 20:09:28,897 - INFO - Fetched: ○平定东南
2024-10-05 20:09:28,897 - INFO - Fetched: ○故元遗兵
2024-10-05 20:09:28,897 - INFO - Fetched: ○太祖平吴
2024-10-05 20:09:28,899 - INFO - Fetched: ○故元遗兵
2024-10-05 20:09:28,899 - INFO - Fetched: ○太祖平吴
2024-10-05 20:09:28,900 - INFO - Fetched: ○太祖平吴
2024-10-05 20:09:28,900 - INFO - Fetched: ○故元遗兵
2024-10-05 20:09:28,900 - INFO - Fetched: ○太祖平吴
2024-10-05 20:09:28,901 - INFO - Fetched: ○故元遗兵
2024-10-05 20:09:28,901 - INFO - Fetched: ○太祖平吴
2024-10-05 20:09:28,902 - INFO - Fetched: ○故元遗兵
2024-10-05 20:09:28,902 - INFO - Fetched: ○故元遗兵
2024-10-05 20:09:28,903 - INFO - Fetched: ○故元遗兵
2024-10-05 20:09:28,903 - INFO - Fetched: ○故元遗兵
2024-10-05 20:09:28,904 - INFO - Fetched: ○故元遗兵
2024-10-05 20:09:28,930 - INFO - Fetched: ○太祖平夏
2024-10-05 20:09:28,931 - INFO - Fetched: ○太祖平夏
2024-10-05 20:09:28,931 - INFO - Fetched: ○太祖平夏
2024-10-05 20:09:28,932 - INFO - Fetched: ○太祖平夏
2024-10-05 20:09:28,932 - INFO - Fetched: ○太祖平夏
2024-10-05 20:09:28,933 - INFO - Fetched: ○太祖平夏
2024-10-05 20:09:28,933 - INFO - Fetched: ○太祖平夏
2024-10-05 20:09:28,934 - INFO - Fetched: ○太祖平夏
2024-10-05 20:09:28,934 - INFO - Fetched: ○太祖平夏
2024-10-05 20:09:28,935 - INFO - Fetched: ○太祖平夏
2024-10-05 20:09:28,935 - INFO - Fetched: ○太祖平夏
2024-10-05 20:09:28,936 - INFO - Fetched: ○太祖平夏
2024-10-05 20:09:28,936 - INFO - Fetched: ○太祖平夏
2024-10-05 20:09:28,946 - INFO - Fetched: ○太祖平夏
2024-10-05 20:09:28,951 - INFO - Fetched: ○削夺诸藩
2024-10-05 20:09:28,951 - INFO - Fetched: ○胡蓝之狱
2024-10-05 20:09:28,952 - INFO - Fetched: ○太祖平夏
2024-10-05 20:09:28,952 - INFO - Fetched: ○太祖平滇
2024-10-05 20:09:28,953 - INFO - Fetched: ○削夺诸藩
2024-10-05 20:09:28,953 - INFO - Fetched: ○太祖平夏
2024-10-05 20:09:28,953 - INFO - Fetched: ○太祖平滇
2024-10-05 20:09:28,953 - INFO - Fetched: ○胡蓝之狱
2024-10-05 20:09:28,954 - INFO - Fetched: ○太祖平夏
2024-10-05 20:09:28,954 - INFO - Fetched: ○削夺诸藩
2024-10-05 20:09:28,954 - INFO - Fetched: ○太祖平滇
2024-10-05 20:09:28,955 - INFO - Fetched: ○胡蓝之狱
2024-10-05 20:09:28,956 - INFO - Fetched: ○太祖平夏
2024-10-05 20:09:28,956 - INFO - Fetched: ○削夺诸藩
2024-10-05 20:09:28,956 - INFO - Fetched: ○胡蓝之狱
2024-10-05 20:09:28,956 - INFO - Fetched: ○太祖平滇
2024-10-05 20:09:28,957 - INFO - Fetched: ○太祖平夏
2024-10-05 20:09:28,957 - INFO - Fetched: ○削夺诸藩
2024-10-05 20:09:28,958 - INFO - Fetched: ○胡蓝之狱
2024-10-05 20:09:28,958 - INFO - Fetched: ○太祖平滇
2024-10-05 20:09:28,958 - INFO - Fetched: ○太祖平夏
2024-10-05 20:09:28,959 - INFO - Fetched: ○胡蓝之狱
2024-10-05 20:09:28,959 - INFO - Fetched: ○太祖平滇
2024-10-05 20:09:28,960 - INFO - Fetched: ○太祖平夏
2024-10-05 20:09:28,960 - INFO - Fetched: ○胡蓝之狱
2024-10-05 20:09:28,961 - INFO - Fetched: ○太祖平滇
2024-10-05 20:09:28,961 - INFO - Fetched: ○太祖平夏
2024-10-05 20:09:28,961 - INFO - Fetched: ○胡蓝之狱
2024-10-05 20:09:28,962 - INFO - Fetched: ○太祖平夏
2024-10-05 20:09:28,962 - INFO - Fetched: ○太祖平滇
2024-10-05 20:09:28,963 - INFO - Fetched: ○胡蓝之狱
2024-10-05 20:09:28,963 - INFO - Fetched: ○太祖平滇
2024-10-05 20:09:28,963 - INFO - Fetched: ○胡蓝之狱
2024-10-05 20:09:28,964 - INFO - Fetched: ○太祖平滇
2024-10-05 20:09:28,964 - INFO - Fetched: ○胡蓝之狱
2024-10-05 20:09:28,964 - INFO - Fetched: ○太祖平滇
2024-10-05 20:09:28,965 - INFO - Fetched: ○太祖平滇
2024-10-05 20:09:28,966 - INFO - Fetched: ○太祖平滇
2024-10-05 20:09:28,966 - INFO - Fetched: ○太祖平滇
2024-10-05 20:09:28,967 - INFO - Fetched: ○太祖平滇
2024-10-05 20:09:28,967 - INFO - Fetched: ○太祖平滇
2024-10-05 20:09:28,968 - INFO - Fetched: ○太祖平滇
2024-10-05 20:09:28,968 - INFO - Fetched: ○太祖平滇
2024-10-05 20:09:28,969 - INFO - Fetched: ○太祖平滇
2024-10-05 20:09:28,969 - INFO - Fetched: ○太祖平滇
2024-10-05 20:09:28,970 - INFO - Fetched: ○太祖平滇
2024-10-05 20:09:28,971 - INFO - Fetched: ○太祖平滇
2024-10-05 20:09:28,971 - INFO - Fetched: ○太祖平滇
2024-10-05 20:09:28,998 - INFO - Fetched: ○建文逊国
2024-10-05 20:09:28,999 - INFO - Fetched: ○建文逊国
2024-10-05 20:09:28,999 - INFO - Fetched: ○建文逊国
2024-10-05 20:09:29,000 - INFO - Fetched: ○建文逊国
2024-10-05 20:09:29,001 - INFO - Fetched: ○建文逊国
2024-10-05 20:09:29,049 - INFO - Fetched: ○建文逊国
2024-10-05 20:09:29,062 - INFO - Fetched: ○开国规模
2024-10-05 20:09:29,063 - INFO - Fetched: ○壬午殉难
2024-10-05 20:09:29,064 - INFO - Fetched: ○燕王起兵
2024-10-05 20:09:29,064 - INFO - Fetched: ○开设贵州
2024-10-05 20:09:29,064 - INFO - Fetched: ○建文逊国
2024-10-05 20:09:29,064 - INFO - Fetched: ○设立三卫
2024-10-05 20:09:29,065 - INFO - Fetched: ○河漕转运
2024-10-05 20:09:29,065 - INFO - Fetched: ○亲征漠北
2024-10-05 20:09:29,066 - INFO - Fetched: ○平山东盗
2024-10-05 20:09:29,066 - INFO - Fetched: ○开国规模
2024-10-05 20:09:29,067 - INFO - Fetched: ○壬午殉难
2024-10-05 20:09:29,067 - INFO - Fetched: ○燕王起兵
2024-10-05 20:09:29,067 - INFO - Fetched: ○建文逊国
2024-10-05 20:09:29,067 - INFO - Fetched: ○开设贵州
2024-10-05 20:09:29,067 - INFO - Fetched: ○设立三卫
2024-10-05 20:09:29,068 - INFO - Fetched: ○亲征漠北
2024-10-05 20:09:29,068 - INFO - Fetched: ○河漕转运
2024-10-05 20:09:29,069 - INFO - Fetched: ○平山东盗
2024-10-05 20:09:29,069 - INFO - Fetched: ○开国规模
2024-10-05 20:09:29,070 - INFO - Fetched: ○燕王起兵
2024-10-05 20:09:29,070 - INFO - Fetched: ○建文逊国
2024-10-05 20:09:29,070 - INFO - Fetched: ○壬午殉难
2024-10-05 20:09:29,071 - INFO - Fetched: ○设立三卫
2024-10-05 20:09:29,071 - INFO - Fetched: ○开设贵州
2024-10-05 20:09:29,071 - INFO - Fetched: ○开国规模
2024-10-05 20:09:29,071 - INFO - Fetched: ○亲征漠北
2024-10-05 20:09:29,073 - INFO - Fetched: ○河漕转运
2024-10-05 20:09:29,073 - INFO - Fetched: ○平山东盗
2024-10-05 20:09:29,073 - INFO - Fetched: ○燕王起兵
2024-10-05 20:09:29,073 - INFO - Fetched: ○建文逊国
2024-10-05 20:09:29,073 - INFO - Fetched: ○壬午殉难
2024-10-05 20:09:29,074 - INFO - Fetched: ○设立三卫
2024-10-05 20:09:29,075 - INFO - Fetched: ○开设贵州
2024-10-05 20:09:29,076 - INFO - Fetched: ○开国规模
2024-10-05 20:09:29,076 - INFO - Fetched: ○亲征漠北
2024-10-05 20:09:29,077 - INFO - Fetched: ○河漕转运
2024-10-05 20:09:29,077 - INFO - Fetched: ○燕王起兵
2024-10-05 20:09:29,077 - INFO - Fetched: ○壬午殉难
2024-10-05 20:09:29,077 - INFO - Fetched: ○建文逊国
2024-10-05 20:09:29,077 - INFO - Fetched: ○设立三卫
2024-10-05 20:09:29,079 - INFO - Fetched: ○开设贵州
2024-10-05 20:09:29,079 - INFO - Fetched: ○开国规模
2024-10-05 20:09:29,079 - INFO - Fetched: ○亲征漠北
2024-10-05 20:09:29,079 - INFO - Fetched: ○燕王起兵
2024-10-05 20:09:29,079 - INFO - Fetched: ○河漕转运
2024-10-05 20:09:29,080 - INFO - Fetched: ○壬午殉难
2024-10-05 20:09:29,080 - INFO - Fetched: ○建文逊国
2024-10-05 20:09:29,081 - INFO - Fetched: ○设立三卫
2024-10-05 20:09:29,081 - INFO - Fetched: ○开设贵州
2024-10-05 20:09:29,088 - INFO - Fetched: ○开国规模
2024-10-05 20:09:29,088 - INFO - Fetched: ○亲征漠北
2024-10-05 20:09:29,089 - INFO - Fetched: ○燕王起兵
2024-10-05 20:09:29,089 - INFO - Fetched: ○河漕转运
2024-10-05 20:09:29,089 - INFO - Fetched: ○壬午殉难
2024-10-05 20:09:29,090 - INFO - Fetched: ○设立三卫
2024-10-05 20:09:29,090 - INFO - Fetched: ○开设贵州
2024-10-05 20:09:29,091 - INFO - Fetched: ○开国规模
2024-10-05 20:09:29,091 - INFO - Fetched: ○安南叛服
2024-10-05 20:09:29,091 - INFO - Fetched: ○亲征漠北
2024-10-05 20:09:29,091 - INFO - Fetched: ○河漕转运
2024-10-05 20:09:29,091 - INFO - Fetched: ○燕王起兵
2024-10-05 20:09:29,092 - INFO - Fetched: ○壬午殉难
2024-10-05 20:09:29,093 - INFO - Fetched: ○设立三卫
2024-10-05 20:09:29,093 - INFO - Fetched: ○开国规模
2024-10-05 20:09:29,093 - INFO - Fetched: ○安南叛服
2024-10-05 20:09:29,093 - INFO - Fetched: ○亲征漠北
2024-10-05 20:09:29,094 - INFO - Fetched: ○河漕转运
2024-10-05 20:09:29,094 - INFO - Fetched: ○燕王起兵
2024-10-05 20:09:29,094 - INFO - Fetched: ○壬午殉难
2024-10-05 20:09:29,095 - INFO - Fetched: ○设立三卫
2024-10-05 20:09:29,096 - INFO - Fetched: ○开国规模
2024-10-05 20:09:29,096 - INFO - Fetched: ○亲征漠北
2024-10-05 20:09:29,096 - INFO - Fetched: ○安南叛服
2024-10-05 20:09:29,096 - INFO - Fetched: ○河漕转运
2024-10-05 20:09:29,096 - INFO - Fetched: ○燕王起兵
2024-10-05 20:09:29,098 - INFO - Fetched: ○壬午殉难
2024-10-05 20:09:29,102 - INFO - Fetched: ○设立三卫
2024-10-05 20:09:29,103 - INFO - Fetched: ○开国规模
2024-10-05 20:09:29,104 - INFO - Fetched: ○河漕转运
2024-10-05 20:09:29,104 - INFO - Fetched: ○燕王起兵
2024-10-05 20:09:29,104 - INFO - Fetched: ○安南叛服
2024-10-05 20:09:29,104 - INFO - Fetched: ○亲征漠北
2024-10-05 20:09:29,105 - INFO - Fetched: ○壬午殉难
2024-10-05 20:09:29,105 - INFO - Fetched: ○设立三卫
2024-10-05 20:09:29,106 - INFO - Fetched: ○太子监国
2024-10-05 20:09:29,106 - INFO - Fetched: ○开国规模
2024-10-05 20:09:29,106 - INFO - Fetched: ○河漕转运
2024-10-05 20:09:29,107 - INFO - Fetched: ○安南叛服
2024-10-05 20:09:29,107 - INFO - Fetched: ○燕王起兵
2024-10-05 20:09:29,107 - INFO - Fetched: ○亲征漠北
2024-10-05 20:09:29,108 - INFO - Fetched: ○壬午殉难
2024-10-05 20:09:29,108 - INFO - Fetched: ○设立三卫
2024-10-05 20:09:29,108 - INFO - Fetched: ○太子监国
2024-10-05 20:09:29,109 - INFO - Fetched: ○开国规模
2024-10-05 20:09:29,109 - INFO - Fetched: ○安南叛服
2024-10-05 20:09:29,110 - INFO - Fetched: ○河漕转运
2024-10-05 20:09:29,110 - INFO - Fetched: ○燕王起兵
2024-10-05 20:09:29,110 - INFO - Fetched: ○亲征漠北
2024-10-05 20:09:29,111 - INFO - Fetched: ○壬午殉难
2024-10-05 20:09:29,111 - INFO - Fetched: ○设立三卫
2024-10-05 20:09:29,112 - INFO - Fetched: ○太子监国
2024-10-05 20:09:29,112 - INFO - Fetched: ○开国规模
2024-10-05 20:09:29,113 - INFO - Fetched: ○安南叛服
2024-10-05 20:09:29,113 - INFO - Fetched: ○河漕转运
2024-10-05 20:09:29,113 - INFO - Fetched: ○燕王起兵
2024-10-05 20:09:29,113 - INFO - Fetched: ○亲征漠北
2024-10-05 20:09:29,114 - INFO - Fetched: ○壬午殉难
2024-10-05 20:09:29,114 - INFO - Fetched: ○设立三卫
2024-10-05 20:09:29,115 - INFO - Fetched: ○开国规模
2024-10-05 20:09:29,115 - INFO - Fetched: ○太子监国
2024-10-05 20:09:29,116 - INFO - Fetched: ○安南叛服
2024-10-05 20:09:29,116 - INFO - Fetched: ○燕王起兵
2024-10-05 20:09:29,116 - INFO - Fetched: ○亲征漠北
2024-10-05 20:09:29,116 - INFO - Fetched: ○壬午殉难
2024-10-05 20:09:29,117 - INFO - Fetched: ○设立三卫
2024-10-05 20:09:29,117 - INFO - Fetched: ○开国规模
2024-10-05 20:09:29,117 - INFO - Fetched: ○安南叛服
2024-10-05 20:09:29,118 - INFO - Fetched: ○太子监国
2024-10-05 20:09:29,118 - INFO - Fetched: ○燕王起兵
2024-10-05 20:09:29,118 - INFO - Fetched: ○亲征漠北
2024-10-05 20:09:29,118 - INFO - Fetched: ○壬午殉难
2024-10-05 20:09:29,120 - INFO - Fetched: ○开国规模
2024-10-05 20:09:29,120 - INFO - Fetched: ○太子监国
2024-10-05 20:09:29,120 - INFO - Fetched: ○安南叛服
2024-10-05 20:09:29,120 - INFO - Fetched: ○设立三卫
2024-10-05 20:09:29,120 - INFO - Fetched: ○亲征漠北
2024-10-05 20:09:29,121 - INFO - Fetched: ○燕王起兵
2024-10-05 20:09:29,121 - INFO - Fetched: ○壬午殉难
2024-10-05 20:09:29,122 - INFO - Fetched: ○太子监国
2024-10-05 20:09:29,122 - INFO - Fetched: ○安南叛服
2024-10-05 20:09:29,122 - INFO - Fetched: ○设立三卫
2024-10-05 20:09:29,122 - INFO - Fetched: ○开国规模
2024-10-05 20:09:29,123 - INFO - Fetched: ○亲征漠北
2024-10-05 20:09:29,123 - INFO - Fetched: ○燕王起兵
2024-10-05 20:09:29,124 - INFO - Fetched: ○太子监国
2024-10-05 20:09:29,124 - INFO - Fetched: ○壬午殉难
2024-10-05 20:09:29,124 - INFO - Fetched: ○开国规模
2024-10-05 20:09:29,124 - INFO - Fetched: ○设立三卫
2024-10-05 20:09:29,124 - INFO - Fetched: ○安南叛服
2024-10-05 20:09:29,125 - INFO - Fetched: ○燕王起兵
2024-10-05 20:09:29,126 - INFO - Fetched: ○壬午殉难
2024-10-05 20:09:29,126 - INFO - Fetched: ○太子监国
2024-10-05 20:09:29,126 - INFO - Fetched: ○开国规模
2024-10-05 20:09:29,126 - INFO - Fetched: ○设立三卫
2024-10-05 20:09:29,126 - INFO - Fetched: ○安南叛服
2024-10-05 20:09:29,127 - INFO - Fetched: ○燕王起兵
2024-10-05 20:09:29,128 - INFO - Fetched: ○太子监国
2024-10-05 20:09:29,128 - INFO - Fetched: ○壬午殉难
2024-10-05 20:09:29,128 - INFO - Fetched: ○开国规模
2024-10-05 20:09:29,128 - INFO - Fetched: ○设立三卫
2024-10-05 20:09:29,128 - INFO - Fetched: ○安南叛服
2024-10-05 20:09:29,129 - INFO - Fetched: ○燕王起兵
2024-10-05 20:09:29,129 - INFO - Fetched: ○壬午殉难
2024-10-05 20:09:29,130 - INFO - Fetched: ○太子监国
2024-10-05 20:09:29,130 - INFO - Fetched: ○开国规模
2024-10-05 20:09:29,130 - INFO - Fetched: ○设立三卫
2024-10-05 20:09:29,130 - INFO - Fetched: ○安南叛服
2024-10-05 20:09:29,131 - INFO - Fetched: ○燕王起兵
2024-10-05 20:09:29,132 - INFO - Fetched: ○壬午殉难
2024-10-05 20:09:29,132 - INFO - Fetched: ○太子监国
2024-10-05 20:09:29,132 - INFO - Fetched: ○开国规模
2024-10-05 20:09:29,132 - INFO - Fetched: ○设立三卫
2024-10-05 20:09:29,133 - INFO - Fetched: ○安南叛服
2024-10-05 20:09:29,133 - INFO - Fetched: ○燕王起兵
2024-10-05 20:09:29,133 - INFO - Fetched: ○壬午殉难
2024-10-05 20:09:29,133 - INFO - Fetched: ○太子监国
2024-10-05 20:09:29,135 - INFO - Fetched: ○开国规模
2024-10-05 20:09:29,135 - INFO - Fetched: ○安南叛服
2024-10-05 20:09:29,136 - INFO - Fetched: ○燕王起兵
2024-10-05 20:09:29,136 - INFO - Fetched: ○开国规模
2024-10-05 20:09:29,136 - INFO - Fetched: ○壬午殉难
2024-10-05 20:09:29,136 - INFO - Fetched: ○太子监国
2024-10-05 20:09:29,137 - INFO - Fetched: ○安南叛服
2024-10-05 20:09:29,137 - INFO - Fetched: ○燕王起兵
2024-10-05 20:09:29,137 - INFO - Fetched: ○开国规模
2024-10-05 20:09:29,138 - INFO - Fetched: ○壬午殉难
2024-10-05 20:09:29,139 - INFO - Fetched: ○燕王起兵
2024-10-05 20:09:29,139 - INFO - Fetched: ○安南叛服
2024-10-05 20:09:29,139 - INFO - Fetched: ○开国规模
2024-10-05 20:09:29,139 - INFO - Fetched: ○壬午殉难
2024-10-05 20:09:29,140 - INFO - Fetched: ○燕王起兵
2024-10-05 20:09:29,140 - INFO - Fetched: ○安南叛服
2024-10-05 20:09:29,140 - INFO - Fetched: ○开国规模
2024-10-05 20:09:29,141 - INFO - Fetched: ○燕王起兵
2024-10-05 20:09:29,142 - INFO - Fetched: ○安南叛服
2024-10-05 20:09:29,142 - INFO - Fetched: ○开国规模
2024-10-05 20:09:29,142 - INFO - Fetched: ○燕王起兵
2024-10-05 20:09:29,143 - INFO - Fetched: ○安南叛服
2024-10-05 20:09:29,143 - INFO - Fetched: ○开国规模
2024-10-05 20:09:29,143 - INFO - Fetched: ○燕王起兵
2024-10-05 20:09:29,144 - INFO - Fetched: ○安南叛服
2024-10-05 20:09:29,144 - INFO - Fetched: ○开国规模
2024-10-05 20:09:29,144 - INFO - Fetched: ○燕王起兵
2024-10-05 20:09:29,144 - INFO - Fetched: ○安南叛服
2024-10-05 20:09:29,145 - INFO - Fetched: ○开国规模
2024-10-05 20:09:29,145 - INFO - Fetched: ○安南叛服
2024-10-05 20:09:29,145 - INFO - Fetched: ○燕王起兵
2024-10-05 20:09:29,146 - INFO - Fetched: ○开国规模
2024-10-05 20:09:29,146 - INFO - Fetched: ○燕王起兵
2024-10-05 20:09:29,146 - INFO - Fetched: ○安南叛服
2024-10-05 20:09:29,147 - INFO - Fetched: ○开国规模
2024-10-05 20:09:29,147 - INFO - Fetched: ○燕王起兵
2024-10-05 20:09:29,148 - INFO - Fetched: ○安南叛服
2024-10-05 20:09:29,148 - INFO - Fetched: ○开国规模
2024-10-05 20:09:29,148 - INFO - Fetched: ○燕王起兵
2024-10-05 20:09:29,149 - INFO - Fetched: ○安南叛服
2024-10-05 20:09:29,149 - INFO - Fetched: ○开国规模
2024-10-05 20:09:29,150 - INFO - Fetched: ○燕王起兵
2024-10-05 20:09:29,150 - INFO - Fetched: ○安南叛服
2024-10-05 20:09:29,150 - INFO - Fetched: ○开国规模
2024-10-05 20:09:29,151 - INFO - Fetched: ○燕王起兵
2024-10-05 20:09:29,151 - INFO - Fetched: ○安南叛服
2024-10-05 20:09:29,151 - INFO - Fetched: ○开国规模
2024-10-05 20:09:29,152 - INFO - Fetched: ○燕王起兵
2024-10-05 20:09:29,152 - INFO - Fetched: ○安南叛服
2024-10-05 20:09:29,152 - INFO - Fetched: ○燕王起兵
2024-10-05 20:09:29,152 - INFO - Fetched: ○开国规模
2024-10-05 20:09:29,153 - INFO - Fetched: ○安南叛服
2024-10-05 20:09:29,153 - INFO - Fetched: ○燕王起兵
2024-10-05 20:09:29,153 - INFO - Fetched: ○开国规模
2024-10-05 20:09:29,155 - INFO - Fetched: ○安南叛服
2024-10-05 20:09:29,155 - INFO - Fetched: ○燕王起兵
2024-10-05 20:09:29,155 - INFO - Fetched: ○开国规模
2024-10-05 20:09:29,156 - INFO - Fetched: ○安南叛服
2024-10-05 20:09:29,156 - INFO - Fetched: ○燕王起兵
2024-10-05 20:09:29,156 - INFO - Fetched: ○开国规模
2024-10-05 20:09:29,157 - INFO - Fetched: ○燕王起兵
2024-10-05 20:09:29,157 - INFO - Fetched: ○安南叛服
2024-10-05 20:09:29,157 - INFO - Fetched: ○开国规模
2024-10-05 20:09:29,158 - INFO - Fetched: ○燕王起兵
2024-10-05 20:09:29,158 - INFO - Fetched: ○开国规模
2024-10-05 20:09:29,158 - INFO - Fetched: ○安南叛服
2024-10-05 20:09:29,159 - INFO - Fetched: ○燕王起兵
2024-10-05 20:09:29,159 - INFO - Fetched: ○开国规模
2024-10-05 20:09:29,159 - INFO - Fetched: ○安南叛服
2024-10-05 20:09:29,160 - INFO - Fetched: ○燕王起兵
2024-10-05 20:09:29,160 - INFO - Fetched: ○开国规模
2024-10-05 20:09:29,160 - INFO - Fetched: ○安南叛服
2024-10-05 20:09:29,161 - INFO - Fetched: ○开国规模
2024-10-05 20:09:29,161 - INFO - Fetched: ○燕王起兵
2024-10-05 20:09:29,161 - INFO - Fetched: ○安南叛服
2024-10-05 20:09:29,162 - INFO - Fetched: ○开国规模
2024-10-05 20:09:29,162 - INFO - Fetched: ○燕王起兵
2024-10-05 20:09:29,162 - INFO - Fetched: ○安南叛服
2024-10-05 20:09:29,164 - INFO - Fetched: ○开国规模
2024-10-05 20:09:29,164 - INFO - Fetched: ○燕王起兵
2024-10-05 20:09:29,165 - INFO - Fetched: ○安南叛服
2024-10-05 20:09:29,165 - INFO - Fetched: ○开国规模
2024-10-05 20:09:29,165 - INFO - Fetched: ○燕王起兵
2024-10-05 20:09:29,166 - INFO - Fetched: ○安南叛服
2024-10-05 20:09:29,166 - INFO - Fetched: ○开国规模
2024-10-05 20:09:29,167 - INFO - Fetched: ○燕王起兵
2024-10-05 20:09:29,167 - INFO - Fetched: ○安南叛服
2024-10-05 20:09:29,167 - INFO - Fetched: ○开国规模
2024-10-05 20:09:29,168 - INFO - Fetched: ○燕王起兵
2024-10-05 20:09:29,168 - INFO - Fetched: ○安南叛服
2024-10-05 20:09:29,168 - INFO - Fetched: ○开国规模
2024-10-05 20:09:29,169 - INFO - Fetched: ○燕王起兵
2024-10-05 20:09:29,169 - INFO - Fetched: ○安南叛服
2024-10-05 20:09:29,170 - INFO - Fetched: ○开国规模
2024-10-05 20:09:29,170 - INFO - Fetched: ○燕王起兵
2024-10-05 20:09:29,171 - INFO - Fetched: ○安南叛服
2024-10-05 20:09:29,171 - INFO - Fetched: ○燕王起兵
2024-10-05 20:09:29,171 - INFO - Fetched: ○安南叛服
2024-10-05 20:09:29,172 - INFO - Fetched: ○燕王起兵
2024-10-05 20:09:29,173 - INFO - Fetched: ○燕王起兵
2024-10-05 20:09:29,189 - INFO - Fetched: ○燕王起兵
2024-10-05 20:09:29,190 - INFO - Fetched: ○仁宣致治
2024-10-05 20:09:29,191 - INFO - Fetched: ○治水江南
2024-10-05 20:09:29,191 - INFO - Fetched: ○高煦之叛
2024-10-05 20:09:29,191 - INFO - Fetched: ○燕王起兵
2024-10-05 20:09:29,192 - INFO - Fetched: ○治水江南
2024-10-05 20:09:29,192 - INFO - Fetched: ○高煦之叛
2024-10-05 20:09:29,192 - INFO - Fetched: ○仁宣致治
2024-10-05 20:09:29,192 - INFO - Fetched: ○燕王起兵
2024-10-05 20:09:29,193 - INFO - Fetched: ○治水江南
2024-10-05 20:09:29,193 - INFO - Fetched: ○高煦之叛
2024-10-05 20:09:29,193 - INFO - Fetched: ○仁宣致治
2024-10-05 20:09:29,193 - INFO - Fetched: ○燕王起兵
2024-10-05 20:09:29,195 - INFO - Fetched: ○治水江南
2024-10-05 20:09:29,195 - INFO - Fetched: ○高煦之叛
2024-10-05 20:09:29,196 - INFO - Fetched: ○仁宣致治
2024-10-05 20:09:29,196 - INFO - Fetched: ○燕王起兵
2024-10-05 20:09:29,197 - INFO - Fetched: ○高煦之叛
2024-10-05 20:09:29,197 - INFO - Fetched: ○治水江南
2024-10-05 20:09:29,198 - INFO - Fetched: ○仁宣致治
2024-10-05 20:09:29,206 - INFO - Fetched: ○高煦之叛
2024-10-05 20:09:29,207 - INFO - Fetched: ○治水江南
2024-10-05 20:09:29,207 - INFO - Fetched: ○仁宣致治
2024-10-05 20:09:29,208 - INFO - Fetched: ○麓川之役
2024-10-05 20:09:29,208 - INFO - Fetched: ○平浙闽盗
2024-10-05 20:09:29,209 - INFO - Fetched: ○高煦之叛
2024-10-05 20:09:29,209 - INFO - Fetched: ○治水江南
2024-10-05 20:09:29,209 - INFO - Fetched: ○仁宣致治
2024-10-05 20:09:29,210 - INFO - Fetched: ○麓川之役
2024-10-05 20:09:29,210 - INFO - Fetched: ○平浙闽盗
2024-10-05 20:09:29,211 - INFO - Fetched: ○高煦之叛
2024-10-05 20:09:29,211 - INFO - Fetched: ○仁宣致治
2024-10-05 20:09:29,211 - INFO - Fetched: ○治水江南
2024-10-05 20:09:29,212 - INFO - Fetched: ○麓川之役
2024-10-05 20:09:29,212 - INFO - Fetched: ○平浙闽盗
2024-10-05 20:09:29,213 - INFO - Fetched: ○高煦之叛
2024-10-05 20:09:29,213 - INFO - Fetched: ○仁宣致治
2024-10-05 20:09:29,213 - INFO - Fetched: ○麓川之役
2024-10-05 20:09:29,213 - INFO - Fetched: ○平浙闽盗
2024-10-05 20:09:29,219 - INFO - Fetched: ○高煦之叛
2024-10-05 20:09:29,227 - INFO - Fetched: ○仁宣致治
2024-10-05 20:09:29,227 - INFO - Fetched: ○麓川之役
2024-10-05 20:09:29,227 - INFO - Fetched: ○平浙闽盗
2024-10-05 20:09:29,227 - INFO - Fetched: ○土木之变
2024-10-05 20:09:29,227 - INFO - Fetched: ○高煦之叛
2024-10-05 20:09:29,228 - INFO - Fetched: ○王振用事
2024-10-05 20:09:29,228 - INFO - Fetched: ○麓川之役
2024-10-05 20:09:29,228 - INFO - Fetched: ○仁宣致治
2024-10-05 20:09:29,229 - INFO - Fetched: ○平浙闽盗
2024-10-05 20:09:29,229 - INFO - Fetched: ○土木之变
2024-10-05 20:09:29,229 - INFO - Fetched: ○高煦之叛
2024-10-05 20:09:29,230 - INFO - Fetched: ○王振用事
2024-10-05 20:09:29,230 - INFO - Fetched: ○麓川之役
2024-10-05 20:09:29,232 - INFO - Fetched: ○仁宣致治
2024-10-05 20:09:29,232 - INFO - Fetched: ○平浙闽盗
2024-10-05 20:09:29,232 - INFO - Fetched: ○土木之变
2024-10-05 20:09:29,233 - INFO - Fetched: ○王振用事
2024-10-05 20:09:29,233 - INFO - Fetched: ○高煦之叛
2024-10-05 20:09:29,234 - INFO - Fetched: ○麓川之役
2024-10-05 20:09:29,234 - INFO - Fetched: ○仁宣致治
2024-10-05 20:09:29,234 - INFO - Fetched: ○平浙闽盗
2024-10-05 20:09:29,234 - INFO - Fetched: ○土木之变
2024-10-05 20:09:29,235 - INFO - Fetched: ○王振用事
2024-10-05 20:09:29,236 - INFO - Fetched: ○麓川之役
2024-10-05 20:09:29,236 - INFO - Fetched: ○仁宣致治
2024-10-05 20:09:29,236 - INFO - Fetched: ○土木之变
2024-10-05 20:09:29,236 - INFO - Fetched: ○平浙闽盗
2024-10-05 20:09:29,237 - INFO - Fetched: ○王振用事
2024-10-05 20:09:29,237 - INFO - Fetched: ○仁宣致治
2024-10-05 20:09:29,238 - INFO - Fetched: ○麓川之役
2024-10-05 20:09:29,238 - INFO - Fetched: ○平浙闽盗
2024-10-05 20:09:29,238 - INFO - Fetched: ○土木之变
2024-10-05 20:09:29,238 - INFO - Fetched: ○王振用事
2024-10-05 20:09:29,239 - INFO - Fetched: ○仁宣致治
2024-10-05 20:09:29,240 - INFO - Fetched: ○麓川之役
2024-10-05 20:09:29,240 - INFO - Fetched: ○平浙闽盗
2024-10-05 20:09:29,240 - INFO - Fetched: ○土木之变
2024-10-05 20:09:29,241 - INFO - Fetched: ○王振用事
2024-10-05 20:09:29,242 - INFO - Fetched: ○仁宣致治
2024-10-05 20:09:29,242 - INFO - Fetched: ○平浙闽盗
2024-10-05 20:09:29,242 - INFO - Fetched: ○土木之变
2024-10-05 20:09:29,242 - INFO - Fetched: ○王振用事
2024-10-05 20:09:29,243 - INFO - Fetched: ○仁宣致治
2024-10-05 20:09:29,243 - INFO - Fetched: ○平浙闽盗
2024-10-05 20:09:29,243 - INFO - Fetched: ○土木之变
2024-10-05 20:09:29,244 - INFO - Fetched: ○王振用事
2024-10-05 20:09:29,245 - INFO - Fetched: ○平浙闽盗
2024-10-05 20:09:29,245 - INFO - Fetched: ○仁宣致治
2024-10-05 20:09:29,245 - INFO - Fetched: ○王振用事
2024-10-05 20:09:29,246 - INFO - Fetched: ○平浙闽盗
2024-10-05 20:09:29,246 - INFO - Fetched: ○仁宣致治
2024-10-05 20:09:29,247 - INFO - Fetched: ○王振用事
2024-10-05 20:09:29,247 - INFO - Fetched: ○仁宣致治
2024-10-05 20:09:29,248 - INFO - Fetched: ○王振用事
2024-10-05 20:09:29,248 - INFO - Fetched: ○仁宣致治
2024-10-05 20:09:29,249 - INFO - Fetched: ○王振用事
2024-10-05 20:09:29,249 - INFO - Fetched: ○仁宣致治
2024-10-05 20:09:29,249 - INFO - Fetched: ○王振用事
2024-10-05 20:09:29,250 - INFO - Fetched: ○仁宣致治
2024-10-05 20:09:29,250 - INFO - Fetched: ○王振用事
2024-10-05 20:09:29,251 - INFO - Fetched: ○仁宣致治
2024-10-05 20:09:29,251 - INFO - Fetched: ○王振用事
2024-10-05 20:09:29,252 - INFO - Fetched: ○仁宣致治
2024-10-05 20:09:29,252 - INFO - Fetched: ○王振用事
2024-10-05 20:09:29,253 - INFO - Fetched: ○仁宣致治
2024-10-05 20:09:29,254 - INFO - Fetched: ○仁宣致治
2024-10-05 20:09:29,254 - INFO - Fetched: ○仁宣致治
2024-10-05 20:09:29,255 - INFO - Fetched: ○仁宣致治
2024-10-05 20:09:29,256 - INFO - Fetched: ○仁宣致治
2024-10-05 20:09:29,256 - INFO - Fetched: ○仁宣致治
2024-10-05 20:09:29,257 - INFO - Fetched: ○仁宣致治
2024-10-05 20:09:29,257 - INFO - Fetched: ○仁宣致治
2024-10-05 20:09:29,257 - INFO - Fetched: ○仁宣致治
2024-10-05 20:09:29,258 - INFO - Fetched: ○仁宣致治
2024-10-05 20:09:29,258 - INFO - Fetched: ○仁宣致治
2024-10-05 20:09:29,260 - INFO - Fetched: ○仁宣致治
2024-10-05 20:09:29,260 - INFO - Fetched: ○仁宣致治
2024-10-05 20:09:29,260 - INFO - Fetched: ○仁宣致治
2024-10-05 20:09:29,261 - INFO - Fetched: ○仁宣致治
2024-10-05 20:09:29,261 - INFO - Fetched: ○仁宣致治
2024-10-05 20:09:29,262 - INFO - Fetched: ○仁宣致治
2024-10-05 20:09:29,262 - INFO - Fetched: ○仁宣致治
2024-10-05 20:09:29,263 - INFO - Fetched: ○仁宣致治
2024-10-05 20:09:29,263 - INFO - Fetched: ○仁宣致治
2024-10-05 20:09:29,264 - INFO - Fetched: ○仁宣致治
2024-10-05 20:09:29,286 - INFO - Fetched: ○南宫复辟
2024-10-05 20:09:29,287 - INFO - Fetched: ○河决之患
2024-10-05 20:09:29,288 - INFO - Fetched: ○南宫复辟
2024-10-05 20:09:29,288 - INFO - Fetched: ○河决之患
2024-10-05 20:09:29,288 - INFO - Fetched: ○南宫复辟
2024-10-05 20:09:29,289 - INFO - Fetched: ○南宫复辟
2024-10-05 20:09:29,289 - INFO - Fetched: ○河决之患
2024-10-05 20:09:29,290 - INFO - Fetched: ○南宫复辟
2024-10-05 20:09:29,290 - INFO - Fetched: ○河决之患
2024-10-05 20:09:29,295 - INFO - Fetched: ○南宫复辟
2024-10-05 20:09:29,300 - INFO - Fetched: ○河决之患
2024-10-05 20:09:29,301 - INFO - Fetched: ○曹石之变
2024-10-05 20:09:29,301 - INFO - Fetched: ○汪直用事
2024-10-05 20:09:29,301 - INFO - Fetched: ○南宫复辟
2024-10-05 20:09:29,301 - INFO - Fetched: ○河决之患
2024-10-05 20:09:29,302 - INFO - Fetched: ○汪直用事
2024-10-05 20:09:29,302 - INFO - Fetched: ○南宫复辟
2024-10-05 20:09:29,302 - INFO - Fetched: ○曹石之变
2024-10-05 20:09:29,302 - INFO - Fetched: ○河决之患
2024-10-05 20:09:29,304 - INFO - Fetched: ○曹石之变
2024-10-05 20:09:29,304 - INFO - Fetched: ○南宫复辟
2024-10-05 20:09:29,305 - INFO - Fetched: ○汪直用事
2024-10-05 20:09:29,305 - INFO - Fetched: ○河决之患
2024-10-05 20:09:29,310 - INFO - Fetched: ○曹石之变
2024-10-05 20:09:29,314 - INFO - Fetched: ○南宫复辟
2024-10-05 20:09:29,314 - INFO - Fetched: ○汪直用事
2024-10-05 20:09:29,316 - INFO - Fetched: ○河决之患
2024-10-05 20:09:29,320 - INFO - Fetched: ○平郧阳盗
2024-10-05 20:09:29,320 - INFO - Fetched: ○曹石之变
2024-10-05 20:09:29,321 - INFO - Fetched: ○平固原盗
2024-10-05 20:09:29,321 - INFO - Fetched: ○南宫复辟
2024-10-05 20:09:29,329 - INFO - Fetched: ○河决之患
2024-10-05 20:09:29,330 - INFO - Fetched: ○汪直用事
2024-10-05 20:09:29,331 - INFO - Fetched: ○曹石之变
2024-10-05 20:09:29,331 - INFO - Fetched: ○平郧阳盗
2024-10-05 20:09:29,331 - INFO - Fetched: ○平藤峡盗
2024-10-05 20:09:29,332 - INFO - Fetched: ○平固原盗
2024-10-05 20:09:29,332 - INFO - Fetched: ○南宫复辟
2024-10-05 20:09:29,333 - INFO - Fetched: ○钅番之叛
2024-10-05 20:09:29,333 - INFO - Fetched: ○兴复哈密
2024-10-05 20:09:29,337 - INFO - Fetched: ○河决之患
2024-10-05 20:09:29,338 - INFO - Fetched: ○汪直用事
2024-10-05 20:09:29,338 - INFO - Fetched: ○曹石之变
2024-10-05 20:09:29,340 - INFO - Fetched: ○平藤峡盗
2024-10-05 20:09:29,340 - INFO - Fetched: ○平郧阳盗
2024-10-05 20:09:29,340 - INFO - Fetched: ○平固原盗
2024-10-05 20:09:29,340 - INFO - Fetched: ○南宫复辟
2024-10-05 20:09:29,341 - INFO - Fetched: ○钅番之叛
2024-10-05 20:09:29,341 - INFO - Fetched: ○河决之患
2024-10-05 20:09:29,341 - INFO - Fetched: ○兴复哈密
2024-10-05 20:09:29,341 - INFO - Fetched: ○景帝登极守御
2024-10-05 20:09:29,341 - INFO - Fetched: ○汪直用事
2024-10-05 20:09:29,341 - INFO - Fetched: ○曹石之变
2024-10-05 20:09:29,342 - INFO - Fetched: ○平固原盗
2024-10-05 20:09:29,342 - INFO - Fetched: ○平藤峡盗
2024-10-05 20:09:29,342 - INFO - Fetched: ○平郧阳盗
2024-10-05 20:09:29,342 - INFO - Fetched: ○南宫复辟
2024-10-05 20:09:29,343 - INFO - Fetched: ○钅番之叛
2024-10-05 20:09:29,343 - INFO - Fetched: ○兴复哈密
2024-10-05 20:09:29,343 - INFO - Fetched: ○河决之患
2024-10-05 20:09:29,343 - INFO - Fetched: ○景帝登极守御
2024-10-05 20:09:29,344 - INFO - Fetched: ○汪直用事
2024-10-05 20:09:29,345 - INFO - Fetched: ○曹石之变
2024-10-05 20:09:29,345 - INFO - Fetched: ○平藤峡盗
2024-10-05 20:09:29,345 - INFO - Fetched: ○平固原盗
2024-10-05 20:09:29,346 - INFO - Fetched: ○平郧阳盗
2024-10-05 20:09:29,346 - INFO - Fetched: ○南宫复辟
2024-10-05 20:09:29,346 - INFO - Fetched: ○钅番之叛
2024-10-05 20:09:29,346 - INFO - Fetched: ○河决之患
2024-10-05 20:09:29,347 - INFO - Fetched: ○景帝登极守御
2024-10-05 20:09:29,347 - INFO - Fetched: ○兴复哈密
2024-10-05 20:09:29,347 - INFO - Fetched: ○汪直用事
2024-10-05 20:09:29,348 - INFO - Fetched: ○曹石之变
2024-10-05 20:09:29,348 - INFO - Fetched: ○平藤峡盗
2024-10-05 20:09:29,348 - INFO - Fetched: ○平固原盗
2024-10-05 20:09:29,348 - INFO - Fetched: ○南宫复辟
2024-10-05 20:09:29,349 - INFO - Fetched: ○平郧阳盗
2024-10-05 20:09:29,349 - INFO - Fetched: ○河决之患
2024-10-05 20:09:29,349 - INFO - Fetched: ○钅番之叛
2024-10-05 20:09:29,349 - INFO - Fetched: ○景帝登极守御
2024-10-05 20:09:29,349 - INFO - Fetched: ○兴复哈密
2024-10-05 20:09:29,350 - INFO - Fetched: ○汪直用事
2024-10-05 20:09:29,350 - INFO - Fetched: ○平固原盗
2024-10-05 20:09:29,350 - INFO - Fetched: ○平藤峡盗
2024-10-05 20:09:29,351 - INFO - Fetched: ○曹石之变
2024-10-05 20:09:29,351 - INFO - Fetched: ○平郧阳盗
2024-10-05 20:09:29,351 - INFO - Fetched: ○南宫复辟
2024-10-05 20:09:29,351 - INFO - Fetched: ○钅番之叛
2024-10-05 20:09:29,351 - INFO - Fetched: ○河决之患
2024-10-05 20:09:29,352 - INFO - Fetched: ○景帝登极守御
2024-10-05 20:09:29,352 - INFO - Fetched: ○兴复哈密
2024-10-05 20:09:29,352 - INFO - Fetched: ○汪直用事
2024-10-05 20:09:29,353 - INFO - Fetched: ○平藤峡盗
2024-10-05 20:09:29,353 - INFO - Fetched: ○平固原盗
2024-10-05 20:09:29,354 - INFO - Fetched: ○曹石之变
2024-10-05 20:09:29,354 - INFO - Fetched: ○平郧阳盗
2024-10-05 20:09:29,354 - INFO - Fetched: ○钅番之叛
2024-10-05 20:09:29,354 - INFO - Fetched: ○南宫复辟
2024-10-05 20:09:29,354 - INFO - Fetched: ○景帝登极守御
2024-10-05 20:09:29,354 - INFO - Fetched: ○河决之患
2024-10-05 20:09:29,355 - INFO - Fetched: ○兴复哈密
2024-10-05 20:09:29,355 - INFO - Fetched: ○汪直用事
2024-10-05 20:09:29,355 - INFO - Fetched: ○平藤峡盗
2024-10-05 20:09:29,356 - INFO - Fetched: ○曹石之变
2024-10-05 20:09:29,356 - INFO - Fetched: ○平郧阳盗
2024-10-05 20:09:29,356 - INFO - Fetched: ○南宫复辟
2024-10-05 20:09:29,356 - INFO - Fetched: ○钅番之叛
2024-10-05 20:09:29,356 - INFO - Fetched: ○平固原盗
2024-10-05 20:09:29,357 - INFO - Fetched: ○河决之患
2024-10-05 20:09:29,357 - INFO - Fetched: ○景帝登极守御
2024-10-05 20:09:29,357 - INFO - Fetched: ○兴复哈密
2024-10-05 20:09:29,358 - INFO - Fetched: ○平藤峡盗
2024-10-05 20:09:29,358 - INFO - Fetched: ○汪直用事
2024-10-05 20:09:29,358 - INFO - Fetched: ○平郧阳盗
2024-10-05 20:09:29,358 - INFO - Fetched: ○曹石之变
2024-10-05 20:09:29,358 - INFO - Fetched: ○南宫复辟
2024-10-05 20:09:29,358 - INFO - Fetched: ○平固原盗
2024-10-05 20:09:29,359 - INFO - Fetched: ○河决之患
2024-10-05 20:09:29,359 - INFO - Fetched: ○钅番之叛
2024-10-05 20:09:29,359 - INFO - Fetched: ○兴复哈密
2024-10-05 20:09:29,359 - INFO - Fetched: ○景帝登极守御
2024-10-05 20:09:29,360 - INFO - Fetched: ○汪直用事
2024-10-05 20:09:29,360 - INFO - Fetched: ○平藤峡盗
2024-10-05 20:09:29,360 - INFO - Fetched: ○曹石之变
2024-10-05 20:09:29,362 - INFO - Fetched: ○平郧阳盗
2024-10-05 20:09:29,362 - INFO - Fetched: ○南宫复辟
2024-10-05 20:09:29,362 - INFO - Fetched: ○平固原盗
2024-10-05 20:09:29,362 - INFO - Fetched: ○钅番之叛
2024-10-05 20:09:29,362 - INFO - Fetched: ○兴复哈密
2024-10-05 20:09:29,363 - INFO - Fetched: ○河决之患
2024-10-05 20:09:29,363 - INFO - Fetched: ○景帝登极守御
2024-10-05 20:09:29,363 - INFO - Fetched: ○汪直用事
2024-10-05 20:09:29,363 - INFO - Fetched: ○平藤峡盗
2024-10-05 20:09:29,363 - INFO - Fetched: ○南宫复辟
2024-10-05 20:09:29,363 - INFO - Fetched: ○曹石之变
2024-10-05 20:09:29,363 - INFO - Fetched: ○平郧阳盗
2024-10-05 20:09:29,364 - INFO - Fetched: ○平固原盗
2024-10-05 20:09:29,364 - INFO - Fetched: ○兴复哈密
2024-10-05 20:09:29,364 - INFO - Fetched: ○河决之患
2024-10-05 20:09:29,364 - INFO - Fetched: ○景帝登极守御
2024-10-05 20:09:29,366 - INFO - Fetched: ○汪直用事
2024-10-05 20:09:29,366 - INFO - Fetched: ○平藤峡盗
2024-10-05 20:09:29,366 - INFO - Fetched: ○南宫复辟
2024-10-05 20:09:29,366 - INFO - Fetched: ○平郧阳盗
2024-10-05 20:09:29,366 - INFO - Fetched: ○曹石之变
2024-10-05 20:09:29,366 - INFO - Fetched: ○兴复哈密
2024-10-05 20:09:29,367 - INFO - Fetched: ○河决之患
2024-10-05 20:09:29,367 - INFO - Fetched: ○景帝登极守御
2024-10-05 20:09:29,368 - INFO - Fetched: ○汪直用事
2024-10-05 20:09:29,368 - INFO - Fetched: ○平藤峡盗
2024-10-05 20:09:29,368 - INFO - Fetched: ○曹石之变
2024-10-05 20:09:29,368 - INFO - Fetched: ○兴复哈密
2024-10-05 20:09:29,368 - INFO - Fetched: ○平郧阳盗
2024-10-05 20:09:29,369 - INFO - Fetched: ○河决之患
2024-10-05 20:09:29,369 - INFO - Fetched: ○景帝登极守御
2024-10-05 20:09:29,371 - INFO - Fetched: ○汪直用事
2024-10-05 20:09:29,371 - INFO - Fetched: ○平藤峡盗
2024-10-05 20:09:29,371 - INFO - Fetched: ○曹石之变
2024-10-05 20:09:29,371 - INFO - Fetched: ○兴复哈密
2024-10-05 20:09:29,371 - INFO - Fetched: ○河决之患
2024-10-05 20:09:29,371 - INFO - Fetched: ○平郧阳盗
2024-10-05 20:09:29,372 - INFO - Fetched: ○景帝登极守御
2024-10-05 20:09:29,372 - INFO - Fetched: ○汪直用事
2024-10-05 20:09:29,373 - INFO - Fetched: ○平藤峡盗
2024-10-05 20:09:29,373 - INFO - Fetched: ○兴复哈密
2024-10-05 20:09:29,373 - INFO - Fetched: ○平郧阳盗
2024-10-05 20:09:29,373 - INFO - Fetched: ○河决之患
2024-10-05 20:09:29,374 - INFO - Fetched: ○景帝登极守御
2024-10-05 20:09:29,374 - INFO - Fetched: ○平藤峡盗
2024-10-05 20:09:29,374 - INFO - Fetched: ○兴复哈密
2024-10-05 20:09:29,375 - INFO - Fetched: ○河决之患
2024-10-05 20:09:29,375 - INFO - Fetched: ○景帝登极守御
2024-10-05 20:09:29,376 - INFO - Fetched: ○平藤峡盗
2024-10-05 20:09:29,376 - INFO - Fetched: ○兴复哈密
2024-10-05 20:09:29,381 - INFO - Fetched: ○河决之患
2024-10-05 20:09:29,381 - INFO - Fetched: ○景帝登极守御
2024-10-05 20:09:29,382 - INFO - Fetched: ○平藤峡盗
2024-10-05 20:09:29,382 - INFO - Fetched: ○兴复哈密
2024-10-05 20:09:29,385 - INFO - Fetched: ○景帝登极守御
2024-10-05 20:09:29,385 - INFO - Fetched: ○弘治君臣
2024-10-05 20:09:29,387 - INFO - Fetched: ○河决之患
2024-10-05 20:09:29,387 - INFO - Fetched: ○平藤峡盗
2024-10-05 20:09:29,388 - INFO - Fetched: ○平河北盗
2024-10-05 20:09:29,388 - INFO - Fetched: ○兴复哈密
2024-10-05 20:09:29,388 - INFO - Fetched: ○河决之患
2024-10-05 20:09:29,388 - INFO - Fetched: ○弘治君臣
2024-10-05 20:09:29,388 - INFO - Fetched: ○景帝登极守御
2024-10-05 20:09:29,389 - INFO - Fetched: ○平藤峡盗
2024-10-05 20:09:29,390 - INFO - Fetched: ○弘治君臣
2024-10-05 20:09:29,390 - INFO - Fetched: ○平河北盗
2024-10-05 20:09:29,390 - INFO - Fetched: ○兴复哈密
2024-10-05 20:09:29,390 - INFO - Fetched: ○河决之患
2024-10-05 20:09:29,390 - INFO - Fetched: ○景帝登极守御
2024-10-05 20:09:29,391 - INFO - Fetched: ○弘治君臣
2024-10-05 20:09:29,391 - INFO - Fetched: ○平河北盗
2024-10-05 20:09:29,391 - INFO - Fetched: ○兴复哈密
2024-10-05 20:09:29,392 - INFO - Fetched: ○河决之患
2024-10-05 20:09:29,392 - INFO - Fetched: ○景帝登极守御
2024-10-05 20:09:29,392 - INFO - Fetched: ○弘治君臣
2024-10-05 20:09:29,393 - INFO - Fetched: ○平河北盗
2024-10-05 20:09:29,393 - INFO - Fetched: ○兴复哈密
2024-10-05 20:09:29,393 - INFO - Fetched: ○河决之患
2024-10-05 20:09:29,393 - INFO - Fetched: ○景帝登极守御
2024-10-05 20:09:29,394 - INFO - Fetched: ○弘治君臣
2024-10-05 20:09:29,394 - INFO - Fetched: ○平河北盗
2024-10-05 20:09:29,394 - INFO - Fetched: ○兴复哈密
2024-10-05 20:09:29,394 - INFO - Fetched: ○河决之患
2024-10-05 20:09:29,395 - INFO - Fetched: ○景帝登极守御
2024-10-05 20:09:29,395 - INFO - Fetched: ○弘治君臣
2024-10-05 20:09:29,395 - INFO - Fetched: ○平河北盗
2024-10-05 20:09:29,396 - INFO - Fetched: ○兴复哈密
2024-10-05 20:09:29,396 - INFO - Fetched: ○景帝登极守御
2024-10-05 20:09:29,396 - INFO - Fetched: ○河决之患
2024-10-05 20:09:29,397 - INFO - Fetched: ○平河北盗
2024-10-05 20:09:29,397 - INFO - Fetched: ○弘治君臣
2024-10-05 20:09:29,397 - INFO - Fetched: ○河决之患
2024-10-05 20:09:29,397 - INFO - Fetched: ○景帝登极守御
2024-10-05 20:09:29,398 - INFO - Fetched: ○平河北盗
2024-10-05 20:09:29,398 - INFO - Fetched: ○弘治君臣
2024-10-05 20:09:29,398 - INFO - Fetched: ○景帝登极守御
2024-10-05 20:09:29,398 - INFO - Fetched: ○河决之患
2024-10-05 20:09:29,399 - INFO - Fetched: ○弘治君臣
2024-10-05 20:09:29,400 - INFO - Fetched: ○平河北盗
2024-10-05 20:09:29,400 - INFO - Fetched: ○景帝登极守御
2024-10-05 20:09:29,400 - INFO - Fetched: ○河决之患
2024-10-05 20:09:29,401 - INFO - Fetched: ○弘治君臣
2024-10-05 20:09:29,401 - INFO - Fetched: ○平河北盗
2024-10-05 20:09:29,401 - INFO - Fetched: ○景帝登极守御
2024-10-05 20:09:29,403 - INFO - Fetched: ○平河北盗
2024-10-05 20:09:29,403 - INFO - Fetched: ○弘治君臣
2024-10-05 20:09:29,403 - INFO - Fetched: ○景帝登极守御
2024-10-05 20:09:29,407 - INFO - Fetched: ○弘治君臣
2024-10-05 20:09:29,408 - INFO - Fetched: ○平河北盗
2024-10-05 20:09:29,408 - INFO - Fetched: ○江彬奸佞
2024-10-05 20:09:29,408 - INFO - Fetched: ○弘治君臣
2024-10-05 20:09:29,408 - INFO - Fetched: ○平河北盗
2024-10-05 20:09:29,408 - INFO - Fetched: ○江彬奸佞
2024-10-05 20:09:29,410 - INFO - Fetched: ○弘治君臣
2024-10-05 20:09:29,410 - INFO - Fetched: ○平河北盗
2024-10-05 20:09:29,410 - INFO - Fetched: ○江彬奸佞
2024-10-05 20:09:29,410 - INFO - Fetched: ○弘治君臣
2024-10-05 20:09:29,411 - INFO - Fetched: ○江彬奸佞
2024-10-05 20:09:29,411 - INFO - Fetched: ○平河北盗
2024-10-05 20:09:29,411 - INFO - Fetched: ○弘治君臣
2024-10-05 20:09:29,411 - INFO - Fetched: ○平河北盗
2024-10-05 20:09:29,411 - INFO - Fetched: ○江彬奸佞
2024-10-05 20:09:29,412 - INFO - Fetched: ○弘治君臣
2024-10-05 20:09:29,412 - INFO - Fetched: ○平河北盗
2024-10-05 20:09:29,413 - INFO - Fetched: ○江彬奸佞
2024-10-05 20:09:29,413 - INFO - Fetched: ○弘治君臣
2024-10-05 20:09:29,414 - INFO - Fetched: ○平河北盗
2024-10-05 20:09:29,414 - INFO - Fetched: ○江彬奸佞
2024-10-05 20:09:29,414 - INFO - Fetched: ○弘治君臣
2024-10-05 20:09:29,414 - INFO - Fetched: ○平河北盗
2024-10-05 20:09:29,415 - INFO - Fetched: ○江彬奸佞
2024-10-05 20:09:29,415 - INFO - Fetched: ○弘治君臣
2024-10-05 20:09:29,416 - INFO - Fetched: ○平河北盗
2024-10-05 20:09:29,416 - INFO - Fetched: ○江彬奸佞
2024-10-05 20:09:29,416 - INFO - Fetched: ○弘治君臣
2024-10-05 20:09:29,417 - INFO - Fetched: ○平河北盗
2024-10-05 20:09:29,417 - INFO - Fetched: ○江彬奸佞
2024-10-05 20:09:29,417 - INFO - Fetched: ○弘治君臣
2024-10-05 20:09:29,418 - INFO - Fetched: ○平河北盗
2024-10-05 20:09:29,418 - INFO - Fetched: ○江彬奸佞
2024-10-05 20:09:29,418 - INFO - Fetched: ○弘治君臣
2024-10-05 20:09:29,419 - INFO - Fetched: ○平河北盗
2024-10-05 20:09:29,420 - INFO - Fetched: ○江彬奸佞
2024-10-05 20:09:29,420 - INFO - Fetched: ○弘治君臣
2024-10-05 20:09:29,420 - INFO - Fetched: ○平河北盗
2024-10-05 20:09:29,421 - INFO - Fetched: ○江彬奸佞
2024-10-05 20:09:29,421 - INFO - Fetched: ○弘治君臣
2024-10-05 20:09:29,421 - INFO - Fetched: ○平河北盗
2024-10-05 20:09:29,422 - INFO - Fetched: ○江彬奸佞
2024-10-05 20:09:29,422 - INFO - Fetched: ○弘治君臣
2024-10-05 20:09:29,426 - INFO - Fetched: ○平河北盗
2024-10-05 20:09:29,426 - INFO - Fetched: ○江彬奸佞
2024-10-05 20:09:29,426 - INFO - Fetched: ○弘治君臣
2024-10-05 20:09:29,427 - INFO - Fetched: ○平蜀盗
2024-10-05 20:09:29,427 - INFO - Fetched: ○平河北盗
2024-10-05 20:09:29,428 - INFO - Fetched: ○弘治君臣
2024-10-05 20:09:29,428 - INFO - Fetched: ○江彬奸佞
2024-10-05 20:09:29,429 - INFO - Fetched: ○平河北盗
2024-10-05 20:09:29,429 - INFO - Fetched: ○江彬奸佞
2024-10-05 20:09:29,429 - INFO - Fetched: ○平蜀盗
2024-10-05 20:09:29,431 - INFO - Fetched: ○江彬奸佞
2024-10-05 20:09:29,431 - INFO - Fetched: ○平蜀盗
2024-10-05 20:09:29,431 - INFO - Fetched: ○平蜀盗
2024-10-05 20:09:29,432 - INFO - Fetched: ○平蜀盗
2024-10-05 20:09:29,432 - INFO - Fetched: ○平蜀盗
2024-10-05 20:09:29,433 - INFO - Fetched: ○平蜀盗
2024-10-05 20:09:29,500 - INFO - Fetched: ○宸濠之叛
2024-10-05 20:09:29,500 - INFO - Fetched: ○平南赣盗
2024-10-05 20:09:29,500 - INFO - Fetched: ○更定祀典
2024-10-05 20:09:29,502 - INFO - Fetched: ○刘瑾用事
2024-10-05 20:09:29,502 - INFO - Fetched: ○世宗崇道教
2024-10-05 20:09:29,502 - INFO - Fetched: ○宸濠之叛
2024-10-05 20:09:29,503 - INFO - Fetched: ○更定祀典
2024-10-05 20:09:29,503 - INFO - Fetched: ○平南赣盗
2024-10-05 20:09:29,503 - INFO - Fetched: ○刘瑾用事
2024-10-05 20:09:29,504 - INFO - Fetched: ○世宗崇道教
2024-10-05 20:09:29,504 - INFO - Fetched: ○宸濠之叛
2024-10-05 20:09:29,504 - INFO - Fetched: ○更定祀典
2024-10-05 20:09:29,504 - INFO - Fetched: ○平南赣盗
2024-10-05 20:09:29,505 - INFO - Fetched: ○刘瑾用事
2024-10-05 20:09:29,509 - INFO - Fetched: ○世宗崇道教
2024-10-05 20:09:29,509 - INFO - Fetched: ○宸濠之叛
2024-10-05 20:09:29,510 - INFO - Fetched: ○更定祀典
2024-10-05 20:09:29,510 - INFO - Fetched: ○平南赣盗
2024-10-05 20:09:29,512 - INFO - Fetched: ○刘瑾用事
2024-10-05 20:09:29,512 - INFO - Fetched: ○李福达之狱
2024-10-05 20:09:29,512 - INFO - Fetched: ○宸濠之叛
2024-10-05 20:09:29,512 - INFO - Fetched: ○世宗崇道教
2024-10-05 20:09:29,513 - INFO - Fetched: ○更定祀典
2024-10-05 20:09:29,513 - INFO - Fetched: ○平南赣盗
2024-10-05 20:09:29,513 - INFO - Fetched: ○刘瑾用事
2024-10-05 20:09:29,514 - INFO - Fetched: ○李福达之狱
2024-10-05 20:09:29,514 - INFO - Fetched: ○宸濠之叛
2024-10-05 20:09:29,514 - INFO - Fetched: ○世宗崇道教
2024-10-05 20:09:29,515 - INFO - Fetched: ○更定祀典
2024-10-05 20:09:29,515 - INFO - Fetched: ○平南赣盗
2024-10-05 20:09:29,516 - INFO - Fetched: ○李福达之狱
2024-10-05 20:09:29,516 - INFO - Fetched: ○刘瑾用事
2024-10-05 20:09:29,516 - INFO - Fetched: ○世宗崇道教
2024-10-05 20:09:29,516 - INFO - Fetched: ○宸濠之叛
2024-10-05 20:09:29,517 - INFO - Fetched: ○更定祀典
2024-10-05 20:09:29,517 - INFO - Fetched: ○平南赣盗
2024-10-05 20:09:29,518 - INFO - Fetched: ○世宗崇道教
2024-10-05 20:09:29,518 - INFO - Fetched: ○宸濠之叛
2024-10-05 20:09:29,518 - INFO - Fetched: ○李福达之狱
2024-10-05 20:09:29,518 - INFO - Fetched: ○刘瑾用事
2024-10-05 20:09:29,518 - INFO - Fetched: ○更定祀典
2024-10-05 20:09:29,519 - INFO - Fetched: ○平南赣盗
2024-10-05 20:09:29,519 - INFO - Fetched: ○世宗崇道教
2024-10-05 20:09:29,519 - INFO - Fetched: ○李福达之狱
2024-10-05 20:09:29,519 - INFO - Fetched: ○宸濠之叛
2024-10-05 20:09:29,520 - INFO - Fetched: ○刘瑾用事
2024-10-05 20:09:29,520 - INFO - Fetched: ○更定祀典
2024-10-05 20:09:29,521 - INFO - Fetched: ○平南赣盗
2024-10-05 20:09:29,521 - INFO - Fetched: ○世宗崇道教
2024-10-05 20:09:29,521 - INFO - Fetched: ○宸濠之叛
2024-10-05 20:09:29,521 - INFO - Fetched: ○李福达之狱
2024-10-05 20:09:29,521 - INFO - Fetched: ○刘瑾用事
2024-10-05 20:09:29,521 - INFO - Fetched: ○更定祀典
2024-10-05 20:09:29,522 - INFO - Fetched: ○世宗崇道教
2024-10-05 20:09:29,522 - INFO - Fetched: ○平南赣盗
2024-10-05 20:09:29,523 - INFO - Fetched: ○李福达之狱
2024-10-05 20:09:29,523 - INFO - Fetched: ○宸濠之叛
2024-10-05 20:09:29,523 - INFO - Fetched: ○刘瑾用事
2024-10-05 20:09:29,523 - INFO - Fetched: ○更定祀典
2024-10-05 20:09:29,524 - INFO - Fetched: ○世宗崇道教
2024-10-05 20:09:29,524 - INFO - Fetched: ○平南赣盗
2024-10-05 20:09:29,524 - INFO - Fetched: ○李福达之狱
2024-10-05 20:09:29,525 - INFO - Fetched: ○宸濠之叛
2024-10-05 20:09:29,525 - INFO - Fetched: ○更定祀典
2024-10-05 20:09:29,525 - INFO - Fetched: ○刘瑾用事
2024-10-05 20:09:29,526 - INFO - Fetched: ○世宗崇道教
2024-10-05 20:09:29,526 - INFO - Fetched: ○平南赣盗
2024-10-05 20:09:29,526 - INFO - Fetched: ○李福达之狱
2024-10-05 20:09:29,526 - INFO - Fetched: ○宸濠之叛
2024-10-05 20:09:29,526 - INFO - Fetched: ○更定祀典
2024-10-05 20:09:29,527 - INFO - Fetched: ○刘瑾用事
2024-10-05 20:09:29,527 - INFO - Fetched: ○世宗崇道教
2024-10-05 20:09:29,529 - INFO - Fetched: ○平南赣盗
2024-10-05 20:09:29,529 - INFO - Fetched: ○李福达之狱
2024-10-05 20:09:29,529 - INFO - Fetched: ○宸濠之叛
2024-10-05 20:09:29,529 - INFO - Fetched: ○更定祀典
2024-10-05 20:09:29,529 - INFO - Fetched: ○刘瑾用事
2024-10-05 20:09:29,530 - INFO - Fetched: ○世宗崇道教
2024-10-05 20:09:29,531 - INFO - Fetched: ○李福达之狱
2024-10-05 20:09:29,531 - INFO - Fetched: ○宸濠之叛
2024-10-05 20:09:29,531 - INFO - Fetched: ○更定祀典
2024-10-05 20:09:29,531 - INFO - Fetched: ○刘瑾用事
2024-10-05 20:09:29,532 - INFO - Fetched: ○世宗崇道教
2024-10-05 20:09:29,532 - INFO - Fetched: ○宸濠之叛
2024-10-05 20:09:29,532 - INFO - Fetched: ○李福达之狱
2024-10-05 20:09:29,532 - INFO - Fetched: ○刘瑾用事
2024-10-05 20:09:29,532 - INFO - Fetched: ○更定祀典
2024-10-05 20:09:29,533 - INFO - Fetched: ○世宗崇道教
2024-10-05 20:09:29,533 - INFO - Fetched: ○宸濠之叛
2024-10-05 20:09:29,534 - INFO - Fetched: ○刘瑾用事
2024-10-05 20:09:29,534 - INFO - Fetched: ○更定祀典
2024-10-05 20:09:29,534 - INFO - Fetched: ○世宗崇道教
2024-10-05 20:09:29,535 - INFO - Fetched: ○刘瑾用事
2024-10-05 20:09:29,535 - INFO - Fetched: ○更定祀典
2024-10-05 20:09:29,535 - INFO - Fetched: ○世宗崇道教
2024-10-05 20:09:29,536 - INFO - Fetched: ○刘瑾用事
2024-10-05 20:09:29,536 - INFO - Fetched: ○更定祀典
2024-10-05 20:09:29,536 - INFO - Fetched: ○世宗崇道教
2024-10-05 20:09:29,538 - INFO - Fetched: ○刘瑾用事
2024-10-05 20:09:29,538 - INFO - Fetched: ○世宗崇道教
2024-10-05 20:09:29,538 - INFO - Fetched: ○更定祀典
2024-10-05 20:09:29,539 - INFO - Fetched: ○刘瑾用事
2024-10-05 20:09:29,539 - INFO - Fetched: ○世宗崇道教
2024-10-05 20:09:29,539 - INFO - Fetched: ○刘瑾用事
2024-10-05 20:09:29,540 - INFO - Fetched: ○世宗崇道教
2024-10-05 20:09:29,540 - INFO - Fetched: ○刘瑾用事
2024-10-05 20:09:29,540 - INFO - Fetched: ○世宗崇道教
2024-10-05 20:09:29,541 - INFO - Fetched: ○刘瑾用事
2024-10-05 20:09:29,541 - INFO - Fetched: ○世宗崇道教
2024-10-05 20:09:29,541 - INFO - Fetched: ○刘瑾用事
2024-10-05 20:09:29,541 - INFO - Fetched: ○世宗崇道教
2024-10-05 20:09:29,542 - INFO - Fetched: ○刘瑾用事
2024-10-05 20:09:29,542 - INFO - Fetched: ○刘瑾用事
2024-10-05 20:09:29,543 - INFO - Fetched: ○刘瑾用事
2024-10-05 20:09:29,543 - INFO - Fetched: ○刘瑾用事
2024-10-05 20:09:29,544 - INFO - Fetched: ○刘瑾用事
2024-10-05 20:09:29,544 - INFO - Fetched: ○刘瑾用事
2024-10-05 20:09:29,545 - INFO - Fetched: ○刘瑾用事
2024-10-05 20:09:29,545 - INFO - Fetched: ○刘瑾用事
2024-10-05 20:09:29,545 - INFO - Fetched: ○刘瑾用事
2024-10-05 20:09:29,547 - INFO - Fetched: ○刘瑾用事
2024-10-05 20:09:29,547 - INFO - Fetched: ○刘瑾用事
2024-10-05 20:09:29,548 - INFO - Fetched: ○刘瑾用事
2024-10-05 20:09:29,548 - INFO - Fetched: ○刘瑾用事
2024-10-05 20:09:29,549 - INFO - Fetched: ○刘瑾用事
2024-10-05 20:09:29,549 - INFO - Fetched: ○刘瑾用事
2024-10-05 20:09:29,550 - INFO - Fetched: ○刘瑾用事
2024-10-05 20:09:29,550 - INFO - Fetched: ○刘瑾用事
2024-10-05 20:09:29,551 - INFO - Fetched: ○刘瑾用事
2024-10-05 20:09:29,551 - INFO - Fetched: ○刘瑾用事
2024-10-05 20:09:29,552 - INFO - Fetched: ○刘瑾用事
2024-10-05 20:09:29,552 - INFO - Fetched: ○刘瑾用事
2024-10-05 20:09:29,552 - INFO - Fetched: ○刘瑾用事
2024-10-05 20:09:29,553 - INFO - Fetched: ○刘瑾用事
2024-10-05 20:09:29,553 - INFO - Fetched: ○刘瑾用事
2024-10-05 20:09:29,585 - INFO - Fetched: ○沿海倭乱
2024-10-05 20:09:29,586 - INFO - Fetched: ○严嵩用事
2024-10-05 20:09:29,587 - INFO - Fetched: ○沿海倭乱
2024-10-05 20:09:29,587 - INFO - Fetched: ○严嵩用事
2024-10-05 20:09:29,587 - INFO - Fetched: ○沿海倭乱
2024-10-05 20:09:29,588 - INFO - Fetched: ○严嵩用事
2024-10-05 20:09:29,588 - INFO - Fetched: ○沿海倭乱
2024-10-05 20:09:29,588 - INFO - Fetched: ○严嵩用事
2024-10-05 20:09:29,593 - INFO - Fetched: ○沿海倭乱
2024-10-05 20:09:29,593 - INFO - Fetched: ○严嵩用事
2024-10-05 20:09:29,594 - INFO - Fetched: ○大同叛卒
2024-10-05 20:09:29,594 - INFO - Fetched: ○沿海倭乱
2024-10-05 20:09:29,594 - INFO - Fetched: ○严嵩用事
2024-10-05 20:09:29,595 - INFO - Fetched: ○大同叛卒
2024-10-05 20:09:29,595 - INFO - Fetched: ○沿海倭乱
2024-10-05 20:09:29,595 - INFO - Fetched: ○严嵩用事
2024-10-05 20:09:29,596 - INFO - Fetched: ○大同叛卒
2024-10-05 20:09:29,596 - INFO - Fetched: ○沿海倭乱
2024-10-05 20:09:29,596 - INFO - Fetched: ○严嵩用事
2024-10-05 20:09:29,597 - INFO - Fetched: ○大同叛卒
2024-10-05 20:09:29,597 - INFO - Fetched: ○严嵩用事
2024-10-05 20:09:29,597 - INFO - Fetched: ○沿海倭乱
2024-10-05 20:09:29,601 - INFO - Fetched: ○大同叛卒
2024-10-05 20:09:29,601 - INFO - Fetched: ○严嵩用事
2024-10-05 20:09:29,611 - INFO - Fetched: ○沿海倭乱
2024-10-05 20:09:29,616 - INFO - Fetched: ○严嵩用事
2024-10-05 20:09:29,618 - INFO - Fetched: ○大同叛卒
2024-10-05 20:09:29,618 - INFO - Fetched: ○庚戌之变
2024-10-05 20:09:29,618 - INFO - Fetched: ○诛岑猛
2024-10-05 20:09:29,618 - INFO - Fetched: ○大礼议
2024-10-05 20:09:29,618 - INFO - Fetched: ○沿海倭乱
2024-10-05 20:09:29,631 - INFO - Fetched: ○议复河套
2024-10-05 20:09:29,631 - INFO - Fetched: ○大同叛卒
2024-10-05 20:09:29,631 - INFO - Fetched: ○严嵩用事
2024-10-05 20:09:29,632 - INFO - Fetched: ○沿海倭乱
2024-10-05 20:09:29,632 - INFO - Fetched: ○庚戌之变
2024-10-05 20:09:29,632 - INFO - Fetched: ○诛岑猛
2024-10-05 20:09:29,632 - INFO - Fetched: ○大礼议
2024-10-05 20:09:29,634 - INFO - Fetched: ○江陵柄政
2024-10-05 20:09:29,634 - INFO - Fetched: ○议复河套
2024-10-05 20:09:29,634 - INFO - Fetched: ○大同叛卒
2024-10-05 20:09:29,634 - INFO - Fetched: ○俺答封贡
2024-10-05 20:09:29,634 - INFO - Fetched: ○严嵩用事
2024-10-05 20:09:29,634 - INFO - Fetched: ○沿海倭乱
2024-10-05 20:09:29,634 - INFO - Fetched: ○诛岑猛
2024-10-05 20:09:29,636 - INFO - Fetched: ○庚戌之变
2024-10-05 20:09:29,636 - INFO - Fetched: ○大礼议
2024-10-05 20:09:29,637 - INFO - Fetched: ○江陵柄政
2024-10-05 20:09:29,637 - INFO - Fetched: ○议复河套
2024-10-05 20:09:29,637 - INFO - Fetched: ○大同叛卒
2024-10-05 20:09:29,637 - INFO - Fetched: ○严嵩用事
2024-10-05 20:09:29,637 - INFO - Fetched: ○俺答封贡
2024-10-05 20:09:29,637 - INFO - Fetched: ○诛岑猛
2024-10-05 20:09:29,638 - INFO - Fetched: ○沿海倭乱
2024-10-05 20:09:29,638 - INFO - Fetched: ○庚戌之变
2024-10-05 20:09:29,639 - INFO - Fetched: ○大礼议
2024-10-05 20:09:29,639 - INFO - Fetched: ○江陵柄政
2024-10-05 20:09:29,644 - INFO - Fetched: ○议复河套
2024-10-05 20:09:29,644 - INFO - Fetched: ○大同叛卒
2024-10-05 20:09:29,644 - INFO - Fetched: ○严嵩用事
2024-10-05 20:09:29,644 - INFO - Fetched: ○俺答封贡
2024-10-05 20:09:29,644 - INFO - Fetched: ○诛岑猛
2024-10-05 20:09:29,644 - INFO - Fetched: ○沿海倭乱
2024-10-05 20:09:29,645 - INFO - Fetched: ○庚戌之变
2024-10-05 20:09:29,646 - INFO - Fetched: ○大礼议
2024-10-05 20:09:29,646 - INFO - Fetched: ○江陵柄政
2024-10-05 20:09:29,646 - INFO - Fetched: ○议复河套
2024-10-05 20:09:29,646 - INFO - Fetched: ○援朝鲜
2024-10-05 20:09:29,647 - INFO - Fetched: ○俺答封贡
2024-10-05 20:09:29,647 - INFO - Fetched: ○严嵩用事
2024-10-05 20:09:29,647 - INFO - Fetched: ○大同叛卒
2024-10-05 20:09:29,647 - INFO - Fetched: ○诛岑猛
2024-10-05 20:09:29,647 - INFO - Fetched: ○沿海倭乱
2024-10-05 20:09:29,648 - INFO - Fetched: ○庚戌之变
2024-10-05 20:09:29,648 - INFO - Fetched: ○大礼议
2024-10-05 20:09:29,649 - INFO - Fetched: ○江陵柄政
2024-10-05 20:09:29,649 - INFO - Fetched: ○议复河套
2024-10-05 20:09:29,649 - INFO - Fetched: ○严嵩用事
2024-10-05 20:09:29,649 - INFO - Fetched: ○俺答封贡
2024-10-05 20:09:29,649 - INFO - Fetched: ○援朝鲜
2024-10-05 20:09:29,649 - INFO - Fetched: ○诛岑猛
2024-10-05 20:09:29,649 - INFO - Fetched: ○大同叛卒
2024-10-05 20:09:29,650 - INFO - Fetched: ○沿海倭乱
2024-10-05 20:09:29,651 - INFO - Fetched: ○大礼议
2024-10-05 20:09:29,651 - INFO - Fetched: ○江陵柄政
2024-10-05 20:09:29,651 - INFO - Fetched: ○庚戌之变
2024-10-05 20:09:29,651 - INFO - Fetched: ○议复河套
2024-10-05 20:09:29,651 - INFO - Fetched: ○严嵩用事
2024-10-05 20:09:29,651 - INFO - Fetched: ○援朝鲜
2024-10-05 20:09:29,653 - INFO - Fetched: ○俺答封贡
2024-10-05 20:09:29,653 - INFO - Fetched: ○诛岑猛
2024-10-05 20:09:29,654 - INFO - Fetched: ○沿海倭乱
2024-10-05 20:09:29,654 - INFO - Fetched: ○大礼议
2024-10-05 20:09:29,654 - INFO - Fetched: ○江陵柄政
2024-10-05 20:09:29,654 - INFO - Fetched: ○严嵩用事
2024-10-05 20:09:29,655 - INFO - Fetched: ○庚戌之变
2024-10-05 20:09:29,655 - INFO - Fetched: ○议复河套
2024-10-05 20:09:29,655 - INFO - Fetched: ○援朝鲜
2024-10-05 20:09:29,655 - INFO - Fetched: ○俺答封贡
2024-10-05 20:09:29,655 - INFO - Fetched: ○诛岑猛
2024-10-05 20:09:29,656 - INFO - Fetched: ○沿海倭乱
2024-10-05 20:09:29,656 - INFO - Fetched: ○大礼议
2024-10-05 20:09:29,658 - INFO - Fetched: ○江陵柄政
2024-10-05 20:09:29,658 - INFO - Fetched: ○严嵩用事
2024-10-05 20:09:29,658 - INFO - Fetched: ○议复河套
2024-10-05 20:09:29,658 - INFO - Fetched: ○庚戌之变
2024-10-05 20:09:29,658 - INFO - Fetched: ○援朝鲜
2024-10-05 20:09:29,659 - INFO - Fetched: ○俺答封贡
2024-10-05 20:09:29,659 - INFO - Fetched: ○诛岑猛
2024-10-05 20:09:29,660 - INFO - Fetched: ○大礼议
2024-10-05 20:09:29,660 - INFO - Fetched: ○沿海倭乱
2024-10-05 20:09:29,660 - INFO - Fetched: ○江陵柄政
2024-10-05 20:09:29,660 - INFO - Fetched: ○严嵩用事
2024-10-05 20:09:29,661 - INFO - Fetched: ○议复河套
2024-10-05 20:09:29,661 - INFO - Fetched: ○庚戌之变
2024-10-05 20:09:29,661 - INFO - Fetched: ○援朝鲜
2024-10-05 20:09:29,662 - INFO - Fetched: ○俺答封贡
2024-10-05 20:09:29,662 - INFO - Fetched: ○诛岑猛
2024-10-05 20:09:29,663 - INFO - Fetched: ○江陵柄政
2024-10-05 20:09:29,663 - INFO - Fetched: ○大礼议
2024-10-05 20:09:29,663 - INFO - Fetched: ○沿海倭乱
2024-10-05 20:09:29,663 - INFO - Fetched: ○严嵩用事
2024-10-05 20:09:29,664 - INFO - Fetched: ○议复河套
2024-10-05 20:09:29,664 - INFO - Fetched: ○庚戌之变
2024-10-05 20:09:29,664 - INFO - Fetched: ○援朝鲜
2024-10-05 20:09:29,664 - INFO - Fetched: ○俺答封贡
2024-10-05 20:09:29,664 - INFO - Fetched: ○诛岑猛
2024-10-05 20:09:29,666 - INFO - Fetched: ○大礼议
2024-10-05 20:09:29,666 - INFO - Fetched: ○江陵柄政
2024-10-05 20:09:29,666 - INFO - Fetched: ○沿海倭乱
2024-10-05 20:09:29,666 - INFO - Fetched: ○严嵩用事
2024-10-05 20:09:29,666 - INFO - Fetched: ○议复河套
2024-10-05 20:09:29,667 - INFO - Fetched: ○援朝鲜
2024-10-05 20:09:29,667 - INFO - Fetched: ○庚戌之变
2024-10-05 20:09:29,667 - INFO - Fetched: ○俺答封贡
2024-10-05 20:09:29,667 - INFO - Fetched: ○诛岑猛
2024-10-05 20:09:29,668 - INFO - Fetched: ○江陵柄政
2024-10-05 20:09:29,668 - INFO - Fetched: ○大礼议
2024-10-05 20:09:29,668 - INFO - Fetched: ○议复河套
2024-10-05 20:09:29,669 - INFO - Fetched: ○援朝鲜
2024-10-05 20:09:29,669 - INFO - Fetched: ○沿海倭乱
2024-10-05 20:09:29,669 - INFO - Fetched: ○严嵩用事
2024-10-05 20:09:29,669 - INFO - Fetched: ○庚戌之变
2024-10-05 20:09:29,670 - INFO - Fetched: ○俺答封贡
2024-10-05 20:09:29,670 - INFO - Fetched: ○诛岑猛
2024-10-05 20:09:29,670 - INFO - Fetched: ○大礼议
2024-10-05 20:09:29,670 - INFO - Fetched: ○议复河套
2024-10-05 20:09:29,671 - INFO - Fetched: ○江陵柄政
2024-10-05 20:09:29,671 - INFO - Fetched: ○沿海倭乱
2024-10-05 20:09:29,671 - INFO - Fetched: ○援朝鲜
2024-10-05 20:09:29,673 - INFO - Fetched: ○严嵩用事
2024-10-05 20:09:29,673 - INFO - Fetched: ○庚戌之变
2024-10-05 20:09:29,673 - INFO - Fetched: ○俺答封贡
2024-10-05 20:09:29,673 - INFO - Fetched: ○诛岑猛
2024-10-05 20:09:29,674 - INFO - Fetched: ○议复河套
2024-10-05 20:09:29,674 - INFO - Fetched: ○大礼议
2024-10-05 20:09:29,675 - INFO - Fetched: ○江陵柄政
2024-10-05 20:09:29,675 - INFO - Fetched: ○沿海倭乱
2024-10-05 20:09:29,675 - INFO - Fetched: ○援朝鲜
2024-10-05 20:09:29,676 - INFO - Fetched: ○严嵩用事
2024-10-05 20:09:29,676 - INFO - Fetched: ○庚戌之变
2024-10-05 20:09:29,676 - INFO - Fetched: ○俺答封贡
2024-10-05 20:09:29,677 - INFO - Fetched: ○议复河套
2024-10-05 20:09:29,677 - INFO - Fetched: ○大礼议
2024-10-05 20:09:29,677 - INFO - Fetched: ○江陵柄政
2024-10-05 20:09:29,677 - INFO - Fetched: ○援朝鲜
2024-10-05 20:09:29,678 - INFO - Fetched: ○沿海倭乱
2024-10-05 20:09:29,678 - INFO - Fetched: ○严嵩用事
2024-10-05 20:09:29,678 - INFO - Fetched: ○庚戌之变
2024-10-05 20:09:29,678 - INFO - Fetched: ○俺答封贡
2024-10-05 20:09:29,678 - INFO - Fetched: ○议复河套
2024-10-05 20:09:29,679 - INFO - Fetched: ○大礼议
2024-10-05 20:09:29,679 - INFO - Fetched: ○江陵柄政
2024-10-05 20:09:29,679 - INFO - Fetched: ○援朝鲜
2024-10-05 20:09:29,680 - INFO - Fetched: ○沿海倭乱
2024-10-05 20:09:29,680 - INFO - Fetched: ○严嵩用事
2024-10-05 20:09:29,681 - INFO - Fetched: ○庚戌之变
2024-10-05 20:09:29,681 - INFO - Fetched: ○俺答封贡
2024-10-05 20:09:29,681 - INFO - Fetched: ○议复河套
2024-10-05 20:09:29,681 - INFO - Fetched: ○大礼议
2024-10-05 20:09:29,682 - INFO - Fetched: ○江陵柄政
2024-10-05 20:09:29,682 - INFO - Fetched: ○援朝鲜
2024-10-05 20:09:29,682 - INFO - Fetched: ○沿海倭乱
2024-10-05 20:09:29,682 - INFO - Fetched: ○严嵩用事
2024-10-05 20:09:29,683 - INFO - Fetched: ○庚戌之变
2024-10-05 20:09:29,683 - INFO - Fetched: ○俺答封贡
2024-10-05 20:09:29,684 - INFO - Fetched: ○议复河套
2024-10-05 20:09:29,684 - INFO - Fetched: ○大礼议
2024-10-05 20:09:29,684 - INFO - Fetched: ○援朝鲜
2024-10-05 20:09:29,684 - INFO - Fetched: ○江陵柄政
2024-10-05 20:09:29,685 - INFO - Fetched: ○严嵩用事
2024-10-05 20:09:29,685 - INFO - Fetched: ○沿海倭乱
2024-10-05 20:09:29,685 - INFO - Fetched: ○庚戌之变
2024-10-05 20:09:29,685 - INFO - Fetched: ○俺答封贡
2024-10-05 20:09:29,687 - INFO - Fetched: ○议复河套
2024-10-05 20:09:29,687 - INFO - Fetched: ○大礼议
2024-10-05 20:09:29,687 - INFO - Fetched: ○援朝鲜
2024-10-05 20:09:29,688 - INFO - Fetched: ○江陵柄政
2024-10-05 20:09:29,688 - INFO - Fetched: ○沿海倭乱
2024-10-05 20:09:29,688 - INFO - Fetched: ○严嵩用事
2024-10-05 20:09:29,688 - INFO - Fetched: ○俺答封贡
2024-10-05 20:09:29,689 - INFO - Fetched: ○议复河套
2024-10-05 20:09:29,689 - INFO - Fetched: ○大礼议
2024-10-05 20:09:29,689 - INFO - Fetched: ○江陵柄政
2024-10-05 20:09:29,690 - INFO - Fetched: ○援朝鲜
2024-10-05 20:09:29,690 - INFO - Fetched: ○沿海倭乱
2024-10-05 20:09:29,690 - INFO - Fetched: ○俺答封贡
2024-10-05 20:09:29,690 - INFO - Fetched: ○严嵩用事
2024-10-05 20:09:29,690 - INFO - Fetched: ○大礼议
2024-10-05 20:09:29,691 - INFO - Fetched: ○援朝鲜
2024-10-05 20:09:29,691 - INFO - Fetched: ○江陵柄政
2024-10-05 20:09:29,691 - INFO - Fetched: ○沿海倭乱
2024-10-05 20:09:29,692 - INFO - Fetched: ○俺答封贡
2024-10-05 20:09:29,692 - INFO - Fetched: ○严嵩用事
2024-10-05 20:09:29,692 - INFO - Fetched: ○大礼议
2024-10-05 20:09:29,693 - INFO - Fetched: ○援朝鲜
2024-10-05 20:09:29,693 - INFO - Fetched: ○江陵柄政
2024-10-05 20:09:29,694 - INFO - Fetched: ○沿海倭乱
2024-10-05 20:09:29,694 - INFO - Fetched: ○俺答封贡
2024-10-05 20:09:29,694 - INFO - Fetched: ○严嵩用事
2024-10-05 20:09:29,694 - INFO - Fetched: ○大礼议
2024-10-05 20:09:29,695 - INFO - Fetched: ○援朝鲜
2024-10-05 20:09:29,695 - INFO - Fetched: ○江陵柄政
2024-10-05 20:09:29,695 - INFO - Fetched: ○严嵩用事
2024-10-05 20:09:29,695 - INFO - Fetched: ○沿海倭乱
2024-10-05 20:09:29,696 - INFO - Fetched: ○俺答封贡
2024-10-05 20:09:29,696 - INFO - Fetched: ○大礼议
2024-10-05 20:09:29,697 - INFO - Fetched: ○江陵柄政
2024-10-05 20:09:29,697 - INFO - Fetched: ○援朝鲜
2024-10-05 20:09:29,697 - INFO - Fetched: ○严嵩用事
2024-10-05 20:09:29,697 - INFO - Fetched: ○沿海倭乱
2024-10-05 20:09:29,698 - INFO - Fetched: ○俺答封贡
2024-10-05 20:09:29,698 - INFO - Fetched: ○大礼议
2024-10-05 20:09:29,699 - INFO - Fetched: ○江陵柄政
2024-10-05 20:09:29,699 - INFO - Fetched: ○援朝鲜
2024-10-05 20:09:29,699 - INFO - Fetched: ○严嵩用事
2024-10-05 20:09:29,699 - INFO - Fetched: ○沿海倭乱
2024-10-05 20:09:29,699 - INFO - Fetched: ○俺答封贡
2024-10-05 20:09:29,700 - INFO - Fetched: ○大礼议
2024-10-05 20:09:29,701 - INFO - Fetched: ○江陵柄政
2024-10-05 20:09:29,701 - INFO - Fetched: ○援朝鲜
2024-10-05 20:09:29,701 - INFO - Fetched: ○严嵩用事
2024-10-05 20:09:29,701 - INFO - Fetched: ○沿海倭乱
2024-10-05 20:09:29,701 - INFO - Fetched: ○俺答封贡
2024-10-05 20:09:29,702 - INFO - Fetched: ○大礼议
2024-10-05 20:09:29,702 - INFO - Fetched: ○严嵩用事
2024-10-05 20:09:29,703 - INFO - Fetched: ○援朝鲜
2024-10-05 20:09:29,703 - INFO - Fetched: ○江陵柄政
2024-10-05 20:09:29,703 - INFO - Fetched: ○沿海倭乱
2024-10-05 20:09:29,703 - INFO - Fetched: ○俺答封贡
2024-10-05 20:09:29,704 - INFO - Fetched: ○大礼议
2024-10-05 20:09:29,704 - INFO - Fetched: ○严嵩用事
2024-10-05 20:09:29,705 - INFO - Fetched: ○援朝鲜
2024-10-05 20:09:29,705 - INFO - Fetched: ○江陵柄政
2024-10-05 20:09:29,705 - INFO - Fetched: ○沿海倭乱
2024-10-05 20:09:29,705 - INFO - Fetched: ○俺答封贡
2024-10-05 20:09:29,706 - INFO - Fetched: ○大礼议
2024-10-05 20:09:29,706 - INFO - Fetched: ○严嵩用事
2024-10-05 20:09:29,706 - INFO - Fetched: ○援朝鲜
2024-10-05 20:09:29,706 - INFO - Fetched: ○江陵柄政
2024-10-05 20:09:29,707 - INFO - Fetched: ○沿海倭乱
2024-10-05 20:09:29,707 - INFO - Fetched: ○俺答封贡
2024-10-05 20:09:29,707 - INFO - Fetched: ○大礼议
2024-10-05 20:09:29,708 - INFO - Fetched: ○严嵩用事
2024-10-05 20:09:29,708 - INFO - Fetched: ○援朝鲜
2024-10-05 20:09:29,708 - INFO - Fetched: ○江陵柄政
2024-10-05 20:09:29,708 - INFO - Fetched: ○沿海倭乱
2024-10-05 20:09:29,710 - INFO - Fetched: ○俺答封贡
2024-10-05 20:09:29,710 - INFO - Fetched: ○严嵩用事
2024-10-05 20:09:29,710 - INFO - Fetched: ○江陵柄政
2024-10-05 20:09:29,711 - INFO - Fetched: ○大礼议
2024-10-05 20:09:29,711 - INFO - Fetched: ○援朝鲜
2024-10-05 20:09:29,711 - INFO - Fetched: ○沿海倭乱
2024-10-05 20:09:29,712 - INFO - Fetched: ○严嵩用事
2024-10-05 20:09:29,712 - INFO - Fetched: ○俺答封贡
2024-10-05 20:09:29,713 - INFO - Fetched: ○大礼议
2024-10-05 20:09:29,713 - INFO - Fetched: ○江陵柄政
2024-10-05 20:09:29,713 - INFO - Fetched: ○沿海倭乱
2024-10-05 20:09:29,714 - INFO - Fetched: ○俺答封贡
2024-10-05 20:09:29,714 - INFO - Fetched: ○江陵柄政
2024-10-05 20:09:29,714 - INFO - Fetched: ○大礼议
2024-10-05 20:09:29,714 - INFO - Fetched: ○沿海倭乱
2024-10-05 20:09:29,715 - INFO - Fetched: ○俺答封贡
2024-10-05 20:09:29,715 - INFO - Fetched: ○江陵柄政
2024-10-05 20:09:29,715 - INFO - Fetched: ○大礼议
2024-10-05 20:09:29,715 - INFO - Fetched: ○沿海倭乱
2024-10-05 20:09:29,716 - INFO - Fetched: ○俺答封贡
2024-10-05 20:09:29,716 - INFO - Fetched: ○大礼议
2024-10-05 20:09:29,716 - INFO - Fetched: ○江陵柄政
2024-10-05 20:09:29,718 - INFO - Fetched: ○沿海倭乱
2024-10-05 20:09:29,718 - INFO - Fetched: ○俺答封贡
2024-10-05 20:09:29,719 - INFO - Fetched: ○大礼议
2024-10-05 20:09:29,719 - INFO - Fetched: ○江陵柄政
2024-10-05 20:09:29,719 - INFO - Fetched: ○沿海倭乱
2024-10-05 20:09:29,720 - INFO - Fetched: ○大礼议
2024-10-05 20:09:29,720 - INFO - Fetched: ○江陵柄政
2024-10-05 20:09:29,720 - INFO - Fetched: ○沿海倭乱
2024-10-05 20:09:29,721 - INFO - Fetched: ○大礼议
2024-10-05 20:09:29,721 - INFO - Fetched: ○江陵柄政
2024-10-05 20:09:29,721 - INFO - Fetched: ○沿海倭乱
2024-10-05 20:09:29,722 - INFO - Fetched: ○江陵柄政
2024-10-05 20:09:29,722 - INFO - Fetched: ○大礼议
2024-10-05 20:09:29,722 - INFO - Fetched: ○沿海倭乱
2024-10-05 20:09:29,723 - INFO - Fetched: ○江陵柄政
2024-10-05 20:09:29,723 - INFO - Fetched: ○沿海倭乱
2024-10-05 20:09:29,723 - INFO - Fetched: ○大礼议
2024-10-05 20:09:29,724 - INFO - Fetched: ○沿海倭乱
2024-10-05 20:09:29,724 - INFO - Fetched: ○大礼议
2024-10-05 20:09:29,725 - INFO - Fetched: ○沿海倭乱
2024-10-05 20:09:29,725 - INFO - Fetched: ○大礼议
2024-10-05 20:09:29,726 - INFO - Fetched: ○沿海倭乱
2024-10-05 20:09:29,726 - INFO - Fetched: ○大礼议
2024-10-05 20:09:29,726 - INFO - Fetched: ○沿海倭乱
2024-10-05 20:09:29,726 - INFO - Fetched: ○大礼议
2024-10-05 20:09:29,727 - INFO - Fetched: ○沿海倭乱
2024-10-05 20:09:29,728 - INFO - Fetched: ○大礼议
2024-10-05 20:09:29,734 - INFO - Fetched: ○争国本
2024-10-05 20:09:29,734 - INFO - Fetched: ○争国本
2024-10-05 20:09:29,735 - INFO - Fetched: ○争国本
2024-10-05 20:09:29,735 - INFO - Fetched: ○争国本
2024-10-05 20:09:29,736 - INFO - Fetched: ○争国本
2024-10-05 20:09:29,736 - INFO - Fetched: ○争国本
2024-10-05 20:09:29,737 - INFO - Fetched: ○争国本
2024-10-05 20:09:29,737 - INFO - Fetched: ○争国本
2024-10-05 20:09:29,738 - INFO - Fetched: ○争国本
2024-10-05 20:09:29,738 - INFO - Fetched: ○争国本
2024-10-05 20:09:29,739 - INFO - Fetched: ○争国本
2024-10-05 20:09:29,739 - INFO - Fetched: ○争国本
2024-10-05 20:09:29,739 - INFO - Fetched: ○争国本
2024-10-05 20:09:29,740 - INFO - Fetched: ○争国本
2024-10-05 20:09:29,740 - INFO - Fetched: ○争国本
2024-10-05 20:09:29,741 - INFO - Fetched: ○争国本
2024-10-05 20:09:29,741 - INFO - Fetched: ○争国本
2024-10-05 20:09:29,741 - INFO - Fetched: ○争国本
2024-10-05 20:09:29,742 - INFO - Fetched: ○争国本
2024-10-05 20:09:29,742 - INFO - Fetched: ○争国本
2024-10-05 20:09:29,743 - INFO - Fetched: ○争国本
2024-10-05 20:09:29,743 - INFO - Fetched: ○争国本
2024-10-05 20:09:29,743 - INFO - Fetched: ○争国本
2024-10-05 20:09:29,764 - INFO - Fetched: ○平杨应龙
2024-10-05 20:09:29,764 - INFO - Fetched: ○平孛拜
2024-10-05 20:09:29,764 - INFO - Fetched: ○三案
2024-10-05 20:09:29,765 - INFO - Fetched: ○崇祯治乱
2024-10-05 20:09:29,765 - INFO - Fetched: ○平杨应龙
2024-10-05 20:09:29,765 - INFO - Fetched: ○平孛拜
2024-10-05 20:09:29,765 - INFO - Fetched: ○三案
2024-10-05 20:09:29,766 - INFO - Fetched: ○平杨应龙
2024-10-05 20:09:29,766 - INFO - Fetched: ○平孛拜
2024-10-05 20:09:29,766 - INFO - Fetched: ○崇祯治乱
2024-10-05 20:09:29,767 - INFO - Fetched: ○三案
2024-10-05 20:09:29,767 - INFO - Fetched: ○平杨应龙
2024-10-05 20:09:29,767 - INFO - Fetched: ○平孛拜
2024-10-05 20:09:29,768 - INFO - Fetched: ○崇祯治乱
2024-10-05 20:09:29,768 - INFO - Fetched: ○三案
2024-10-05 20:09:29,768 - INFO - Fetched: ○平杨应龙
2024-10-05 20:09:29,769 - INFO - Fetched: ○平孛拜
2024-10-05 20:09:29,769 - INFO - Fetched: ○崇祯治乱
2024-10-05 20:09:29,769 - INFO - Fetched: ○三案
2024-10-05 20:09:29,769 - INFO - Fetched: ○平杨应龙
2024-10-05 20:09:29,770 - INFO - Fetched: ○平孛拜
2024-10-05 20:09:29,770 - INFO - Fetched: ○崇祯治乱
2024-10-05 20:09:29,771 - INFO - Fetched: ○三案
2024-10-05 20:09:29,771 - INFO - Fetched: ○平杨应龙
2024-10-05 20:09:29,771 - INFO - Fetched: ○平孛拜
2024-10-05 20:09:29,771 - INFO - Fetched: ○崇祯治乱
2024-10-05 20:09:29,773 - INFO - Fetched: ○三案
2024-10-05 20:09:29,773 - INFO - Fetched: ○平杨应龙
2024-10-05 20:09:29,773 - INFO - Fetched: ○平孛拜
2024-10-05 20:09:29,774 - INFO - Fetched: ○崇祯治乱
2024-10-05 20:09:29,774 - INFO - Fetched: ○三案
2024-10-05 20:09:29,774 - INFO - Fetched: ○平杨应龙
2024-10-05 20:09:29,775 - INFO - Fetched: ○崇祯治乱
2024-10-05 20:09:29,775 - INFO - Fetched: ○平孛拜
2024-10-05 20:09:29,776 - INFO - Fetched: ○平杨应龙
2024-10-05 20:09:29,776 - INFO - Fetched: ○三案
2024-10-05 20:09:29,776 - INFO - Fetched: ○崇祯治乱
2024-10-05 20:09:29,776 - INFO - Fetched: ○平孛拜
2024-10-05 20:09:29,777 - INFO - Fetched: ○平杨应龙
2024-10-05 20:09:29,777 - INFO - Fetched: ○崇祯治乱
2024-10-05 20:09:29,783 - INFO - Fetched: ○三案
2024-10-05 20:09:29,783 - INFO - Fetched: ○平孛拜
2024-10-05 20:09:29,792 - INFO - Fetched: ○平杨应龙
2024-10-05 20:09:29,793 - INFO - Fetched: ○崇祯治乱
2024-10-05 20:09:29,793 - INFO - Fetched: ○三案
2024-10-05 20:09:29,793 - INFO - Fetched: ○矿税之弊
2024-10-05 20:09:29,793 - INFO - Fetched: ○平孛拜
2024-10-05 20:09:29,794 - INFO - Fetched: ○东林党议
2024-10-05 20:09:29,794 - INFO - Fetched: ○平徐鸿儒
2024-10-05 20:09:29,795 - INFO - Fetched: ○平杨应龙
2024-10-05 20:09:29,795 - INFO - Fetched: ○崇祯治乱
2024-10-05 20:09:29,795 - INFO - Fetched: ○矿税之弊
2024-10-05 20:09:29,795 - INFO - Fetched: ○三案
2024-10-05 20:09:29,796 - INFO - Fetched: ○东林党议
2024-10-05 20:09:29,796 - INFO - Fetched: ○平徐鸿儒
2024-10-05 20:09:29,796 - INFO - Fetched: ○平杨应龙
2024-10-05 20:09:29,797 - INFO - Fetched: ○崇祯治乱
2024-10-05 20:09:29,797 - INFO - Fetched: ○矿税之弊
2024-10-05 20:09:29,797 - INFO - Fetched: ○三案
2024-10-05 20:09:29,797 - INFO - Fetched: ○东林党议
2024-10-05 20:09:29,798 - INFO - Fetched: ○平徐鸿儒
2024-10-05 20:09:29,798 - INFO - Fetched: ○崇祯治乱
2024-10-05 20:09:29,798 - INFO - Fetched: ○矿税之弊
2024-10-05 20:09:29,799 - INFO - Fetched: ○东林党议
2024-10-05 20:09:29,799 - INFO - Fetched: ○三案
2024-10-05 20:09:29,799 - INFO - Fetched: ○平徐鸿儒
2024-10-05 20:09:29,800 - INFO - Fetched: ○崇祯治乱
2024-10-05 20:09:29,800 - INFO - Fetched: ○矿税之弊
2024-10-05 20:09:29,800 - INFO - Fetched: ○东林党议
2024-10-05 20:09:29,800 - INFO - Fetched: ○三案
2024-10-05 20:09:29,801 - INFO - Fetched: ○平徐鸿儒
2024-10-05 20:09:29,801 - INFO - Fetched: ○崇祯治乱
2024-10-05 20:09:29,801 - INFO - Fetched: ○矿税之弊
2024-10-05 20:09:29,803 - INFO - Fetched: ○三案
2024-10-05 20:09:29,803 - INFO - Fetched: ○东林党议
2024-10-05 20:09:29,803 - INFO - Fetched: ○平徐鸿儒
2024-10-05 20:09:29,804 - INFO - Fetched: ○矿税之弊
2024-10-05 20:09:29,804 - INFO - Fetched: ○崇祯治乱
2024-10-05 20:09:29,804 - INFO - Fetched: ○东林党议
2024-10-05 20:09:29,804 - INFO - Fetched: ○三案
2024-10-05 20:09:29,805 - INFO - Fetched: ○平徐鸿儒
2024-10-05 20:09:29,805 - INFO - Fetched: ○矿税之弊
2024-10-05 20:09:29,805 - INFO - Fetched: ○东林党议
2024-10-05 20:09:29,806 - INFO - Fetched: ○崇祯治乱
2024-10-05 20:09:29,806 - INFO - Fetched: ○三案
2024-10-05 20:09:29,810 - INFO - Fetched: ○平徐鸿儒
2024-10-05 20:09:29,810 - INFO - Fetched: ○矿税之弊
2024-10-05 20:09:29,810 - INFO - Fetched: ○东林党议
2024-10-05 20:09:29,811 - INFO - Fetched: ○崇祯治乱
2024-10-05 20:09:29,811 - INFO - Fetched: ○宦侍误国
2024-10-05 20:09:29,811 - INFO - Fetched: ○三案
2024-10-05 20:09:29,812 - INFO - Fetched: ○平徐鸿儒
2024-10-05 20:09:29,812 - INFO - Fetched: ○矿税之弊
2024-10-05 20:09:29,812 - INFO - Fetched: ○东林党议
2024-10-05 20:09:29,812 - INFO - Fetched: ○崇祯治乱
2024-10-05 20:09:29,813 - INFO - Fetched: ○三案
2024-10-05 20:09:29,813 - INFO - Fetched: ○宦侍误国
2024-10-05 20:09:29,813 - INFO - Fetched: ○矿税之弊
2024-10-05 20:09:29,815 - INFO - Fetched: ○平徐鸿儒
2024-10-05 20:09:29,815 - INFO - Fetched: ○东林党议
2024-10-05 20:09:29,815 - INFO - Fetched: ○崇祯治乱
2024-10-05 20:09:29,816 - INFO - Fetched: ○三案
2024-10-05 20:09:29,816 - INFO - Fetched: ○宦侍误国
2024-10-05 20:09:29,816 - INFO - Fetched: ○矿税之弊
2024-10-05 20:09:29,816 - INFO - Fetched: ○东林党议
2024-10-05 20:09:29,817 - INFO - Fetched: ○崇祯治乱
2024-10-05 20:09:29,817 - INFO - Fetched: ○三案
2024-10-05 20:09:29,817 - INFO - Fetched: ○宦侍误国
2024-10-05 20:09:29,818 - INFO - Fetched: ○矿税之弊
2024-10-05 20:09:29,818 - INFO - Fetched: ○东林党议
2024-10-05 20:09:29,818 - INFO - Fetched: ○崇祯治乱
2024-10-05 20:09:29,819 - INFO - Fetched: ○宦侍误国
2024-10-05 20:09:29,819 - INFO - Fetched: ○矿税之弊
2024-10-05 20:09:29,819 - INFO - Fetched: ○东林党议
2024-10-05 20:09:29,820 - INFO - Fetched: ○崇祯治乱
2024-10-05 20:09:29,820 - INFO - Fetched: ○宦侍误国
2024-10-05 20:09:29,820 - INFO - Fetched: ○矿税之弊
2024-10-05 20:09:29,820 - INFO - Fetched: ○东林党议
2024-10-05 20:09:29,821 - INFO - Fetched: ○崇祯治乱
2024-10-05 20:09:29,821 - INFO - Fetched: ○宦侍误国
2024-10-05 20:09:29,822 - INFO - Fetched: ○矿税之弊
2024-10-05 20:09:29,822 - INFO - Fetched: ○东林党议
2024-10-05 20:09:29,823 - INFO - Fetched: ○宦侍误国
2024-10-05 20:09:29,823 - INFO - Fetched: ○崇祯治乱
2024-10-05 20:09:29,823 - INFO - Fetched: ○矿税之弊
2024-10-05 20:09:29,823 - INFO - Fetched: ○东林党议
2024-10-05 20:09:29,824 - INFO - Fetched: ○崇祯治乱
2024-10-05 20:09:29,824 - INFO - Fetched: ○宦侍误国
2024-10-05 20:09:29,824 - INFO - Fetched: ○矿税之弊
2024-10-05 20:09:29,825 - INFO - Fetched: ○东林党议
2024-10-05 20:09:29,825 - INFO - Fetched: ○崇祯治乱
2024-10-05 20:09:29,826 - INFO - Fetched: ○宦侍误国
2024-10-05 20:09:29,826 - INFO - Fetched: ○东林党议
2024-10-05 20:09:29,827 - INFO - Fetched: ○崇祯治乱
2024-10-05 20:09:29,827 - INFO - Fetched: ○宦侍误国
2024-10-05 20:09:29,828 - INFO - Fetched: ○东林党议
2024-10-05 20:09:29,828 - INFO - Fetched: ○宦侍误国
2024-10-05 20:09:29,828 - INFO - Fetched: ○崇祯治乱
2024-10-05 20:09:29,828 - INFO - Fetched: ○东林党议
2024-10-05 20:09:29,830 - INFO - Fetched: ○宦侍误国
2024-10-05 20:09:29,830 - INFO - Fetched: ○崇祯治乱
2024-10-05 20:09:29,830 - INFO - Fetched: ○东林党议
2024-10-05 20:09:29,831 - INFO - Fetched: ○宦侍误国
2024-10-05 20:09:29,835 - INFO - Fetched: ○崇祯治乱
2024-10-05 20:09:29,835 - INFO - Fetched: ○东林党议
2024-10-05 20:09:29,836 - INFO - Fetched: ○宦侍误国
2024-10-05 20:09:29,836 - INFO - Fetched: ○平奢安
2024-10-05 20:09:29,836 - INFO - Fetched: ○崇祯治乱
2024-10-05 20:09:29,836 - INFO - Fetched: ○东林党议
2024-10-05 20:09:29,843 - INFO - Fetched: ○宦侍误国
2024-10-05 20:09:29,845 - INFO - Fetched: ○平奢安
2024-10-05 20:09:29,845 - INFO - Fetched: ○东林党议
2024-10-05 20:09:29,845 - INFO - Fetched: ○崇祯治乱
2024-10-05 20:09:29,846 - INFO - Fetched: ○魏忠贤乱政
2024-10-05 20:09:29,846 - INFO - Fetched: ○平奢安
2024-10-05 20:09:29,847 - INFO - Fetched: ○东林党议
2024-10-05 20:09:29,847 - INFO - Fetched: ○崇祯治乱
2024-10-05 20:09:29,847 - INFO - Fetched: ○魏忠贤乱政
2024-10-05 20:09:29,848 - INFO - Fetched: ○平奢安
2024-10-05 20:09:29,848 - INFO - Fetched: ○东林党议
2024-10-05 20:09:29,848 - INFO - Fetched: ○魏忠贤乱政
2024-10-05 20:09:29,848 - INFO - Fetched: ○崇祯治乱
2024-10-05 20:09:29,849 - INFO - Fetched: ○平奢安
2024-10-05 20:09:29,849 - INFO - Fetched: ○魏忠贤乱政
2024-10-05 20:09:29,849 - INFO - Fetched: ○东林党议
2024-10-05 20:09:29,849 - INFO - Fetched: ○崇祯治乱
2024-10-05 20:09:29,850 - INFO - Fetched: ○平奢安
2024-10-05 20:09:29,850 - INFO - Fetched: ○魏忠贤乱政
2024-10-05 20:09:29,850 - INFO - Fetched: ○崇祯治乱
2024-10-05 20:09:29,851 - INFO - Fetched: ○东林党议
2024-10-05 20:09:29,851 - INFO - Fetched: ○平奢安
2024-10-05 20:09:29,852 - INFO - Fetched: ○魏忠贤乱政
2024-10-05 20:09:29,852 - INFO - Fetched: ○崇祯治乱
2024-10-05 20:09:29,853 - INFO - Fetched: ○东林党议
2024-10-05 20:09:29,853 - INFO - Fetched: ○平奢安
2024-10-05 20:09:29,853 - INFO - Fetched: ○魏忠贤乱政
2024-10-05 20:09:29,854 - INFO - Fetched: ○崇祯治乱
2024-10-05 20:09:29,854 - INFO - Fetched: ○东林党议
2024-10-05 20:09:29,854 - INFO - Fetched: ○平奢安
2024-10-05 20:09:29,854 - INFO - Fetched: ○魏忠贤乱政
2024-10-05 20:09:29,855 - INFO - Fetched: ○东林党议
2024-10-05 20:09:29,855 - INFO - Fetched: ○崇祯治乱
2024-10-05 20:09:29,856 - INFO - Fetched: ○平奢安
2024-10-05 20:09:29,856 - INFO - Fetched: ○魏忠贤乱政
2024-10-05 20:09:29,857 - INFO - Fetched: ○东林党议
2024-10-05 20:09:29,857 - INFO - Fetched: ○崇祯治乱
2024-10-05 20:09:29,857 - INFO - Fetched: ○魏忠贤乱政
2024-10-05 20:09:29,857 - INFO - Fetched: ○平奢安
2024-10-05 20:09:29,858 - INFO - Fetched: ○东林党议
2024-10-05 20:09:29,858 - INFO - Fetched: ○崇祯治乱
2024-10-05 20:09:29,858 - INFO - Fetched: ○魏忠贤乱政
2024-10-05 20:09:29,859 - INFO - Fetched: ○平奢安
2024-10-05 20:09:29,859 - INFO - Fetched: ○崇祯治乱
2024-10-05 20:09:29,859 - INFO - Fetched: ○东林党议
2024-10-05 20:09:29,860 - INFO - Fetched: ○魏忠贤乱政
2024-10-05 20:09:29,860 - INFO - Fetched: ○平奢安
2024-10-05 20:09:29,861 - INFO - Fetched: ○崇祯治乱
2024-10-05 20:09:29,861 - INFO - Fetched: ○魏忠贤乱政
2024-10-05 20:09:29,861 - INFO - Fetched: ○东林党议
2024-10-05 20:09:29,861 - INFO - Fetched: ○平奢安
2024-10-05 20:09:29,862 - INFO - Fetched: ○崇祯治乱
2024-10-05 20:09:29,862 - INFO - Fetched: ○平奢安
2024-10-05 20:09:29,862 - INFO - Fetched: ○魏忠贤乱政
2024-10-05 20:09:29,862 - INFO - Fetched: ○东林党议
2024-10-05 20:09:29,863 - INFO - Fetched: ○平奢安
2024-10-05 20:09:29,864 - INFO - Fetched: ○崇祯治乱
2024-10-05 20:09:29,864 - INFO - Fetched: ○魏忠贤乱政
2024-10-05 20:09:29,864 - INFO - Fetched: ○东林党议
2024-10-05 20:09:29,865 - INFO - Fetched: ○平奢安
2024-10-05 20:09:29,865 - INFO - Fetched: ○魏忠贤乱政
2024-10-05 20:09:29,865 - INFO - Fetched: ○崇祯治乱
2024-10-05 20:09:29,866 - INFO - Fetched: ○东林党议
2024-10-05 20:09:29,866 - INFO - Fetched: ○平奢安
2024-10-05 20:09:29,866 - INFO - Fetched: ○魏忠贤乱政
2024-10-05 20:09:29,867 - INFO - Fetched: ○东林党议
2024-10-05 20:09:29,867 - INFO - Fetched: ○平奢安
2024-10-05 20:09:29,868 - INFO - Fetched: ○东林党议
2024-10-05 20:09:29,868 - INFO - Fetched: ○魏忠贤乱政
2024-10-05 20:09:29,868 - INFO - Fetched: ○东林党议
2024-10-05 20:09:29,868 - INFO - Fetched: ○平奢安
2024-10-05 20:09:29,870 - INFO - Fetched: ○魏忠贤乱政
2024-10-05 20:09:29,871 - INFO - Fetched: ○东林党议
2024-10-05 20:09:29,871 - INFO - Fetched: ○平奢安
2024-10-05 20:09:29,871 - INFO - Fetched: ○魏忠贤乱政
2024-10-05 20:09:29,872 - INFO - Fetched: ○东林党议
2024-10-05 20:09:29,872 - INFO - Fetched: ○平奢安
2024-10-05 20:09:29,873 - INFO - Fetched: ○魏忠贤乱政
2024-10-05 20:09:29,873 - INFO - Fetched: ○东林党议
2024-10-05 20:09:29,873 - INFO - Fetched: ○平奢安
2024-10-05 20:09:29,874 - INFO - Fetched: ○魏忠贤乱政
2024-10-05 20:09:29,874 - INFO - Fetched: ○东林党议
2024-10-05 20:09:29,874 - INFO - Fetched: ○平奢安
2024-10-05 20:09:29,880 - INFO - Fetched: ○魏忠贤乱政
2024-10-05 20:09:29,884 - INFO - Fetched: ○平奢安
2024-10-05 20:09:29,884 - INFO - Fetched: ○东林党议
2024-10-05 20:09:29,885 - INFO - Fetched: ○郑芝龙受抚
2024-10-05 20:09:29,885 - INFO - Fetched: ○魏忠贤乱政
2024-10-05 20:09:29,885 - INFO - Fetched: ○修明历法
2024-10-05 20:09:29,886 - INFO - Fetched: ○平奢安
2024-10-05 20:09:29,886 - INFO - Fetched: ○东林党议
2024-10-05 20:09:29,887 - INFO - Fetched: ○魏忠贤乱政
2024-10-05 20:09:29,887 - INFO - Fetched: ○修明历法
2024-10-05 20:09:29,887 - INFO - Fetched: ○郑芝龙受抚
2024-10-05 20:09:29,887 - INFO - Fetched: ○平奢安
2024-10-05 20:09:29,887 - INFO - Fetched: ○东林党议
2024-10-05 20:09:29,888 - INFO - Fetched: ○修明历法
2024-10-05 20:09:29,889 - INFO - Fetched: ○魏忠贤乱政
2024-10-05 20:09:29,889 - INFO - Fetched: ○郑芝龙受抚
2024-10-05 20:09:29,889 - INFO - Fetched: ○东林党议
2024-10-05 20:09:29,890 - INFO - Fetched: ○修明历法
2024-10-05 20:09:29,890 - INFO - Fetched: ○郑芝龙受抚
2024-10-05 20:09:29,891 - INFO - Fetched: ○魏忠贤乱政
2024-10-05 20:09:29,891 - INFO - Fetched: ○东林党议
2024-10-05 20:09:29,892 - INFO - Fetched: ○修明历法
2024-10-05 20:09:29,892 - INFO - Fetched: ○郑芝龙受抚
2024-10-05 20:09:29,892 - INFO - Fetched: ○魏忠贤乱政
2024-10-05 20:09:29,893 - INFO - Fetched: ○修明历法
2024-10-05 20:09:29,893 - INFO - Fetched: ○郑芝龙受抚
2024-10-05 20:09:29,893 - INFO - Fetched: ○魏忠贤乱政
2024-10-05 20:09:29,894 - INFO - Fetched: ○郑芝龙受抚
2024-10-05 20:09:29,894 - INFO - Fetched: ○修明历法
2024-10-05 20:09:29,894 - INFO - Fetched: ○魏忠贤乱政
2024-10-05 20:09:29,895 - INFO - Fetched: ○修明历法
2024-10-05 20:09:29,895 - INFO - Fetched: ○魏忠贤乱政
2024-10-05 20:09:29,896 - INFO - Fetched: ○修明历法
2024-10-05 20:09:29,896 - INFO - Fetched: ○魏忠贤乱政
2024-10-05 20:09:29,896 - INFO - Fetched: ○修明历法
2024-10-05 20:09:29,896 - INFO - Fetched: ○魏忠贤乱政
2024-10-05 20:09:29,898 - INFO - Fetched: ○修明历法
2024-10-05 20:09:29,898 - INFO - Fetched: ○魏忠贤乱政
2024-10-05 20:09:29,899 - INFO - Fetched: ○修明历法
2024-10-05 20:09:29,899 - INFO - Fetched: ○魏忠贤乱政
2024-10-05 20:09:29,904 - INFO - Fetched: ○修明历法
2024-10-05 20:09:29,911 - INFO - Fetched: ○魏忠贤乱政
2024-10-05 20:09:29,916 - INFO - Fetched: ○张献忠之乱
2024-10-05 20:09:29,916 - INFO - Fetched: ○修明历法
2024-10-05 20:09:29,917 - INFO - Fetched: ○李自成之乱
2024-10-05 20:09:29,917 - INFO - Fetched: ○魏忠贤乱政
2024-10-05 20:09:29,917 - INFO - Fetched: ○甲申之变
2024-10-05 20:09:29,919 - INFO - Fetched: ○修明历法
2024-10-05 20:09:29,919 - INFO - Fetched: ○张献忠之乱
2024-10-05 20:09:29,919 - INFO - Fetched: ○魏忠贤乱政
2024-10-05 20:09:29,920 - INFO - Fetched: ○甲申之变
2024-10-05 20:09:29,920 - INFO - Fetched: ○李自成之乱
2024-10-05 20:09:29,920 - INFO - Fetched: ○修明历法
2024-10-05 20:09:29,921 - INFO - Fetched: ○魏忠贤乱政
2024-10-05 20:09:29,921 - INFO - Fetched: ○张献忠之乱
2024-10-05 20:09:29,921 - INFO - Fetched: ○甲申之变
2024-10-05 20:09:29,921 - INFO - Fetched: ○李自成之乱
2024-10-05 20:09:29,923 - INFO - Fetched: ○魏忠贤乱政
2024-10-05 20:09:29,933 - INFO - Fetched: ○张献忠之乱
2024-10-05 20:09:29,933 - INFO - Fetched: ○李自成之乱
2024-10-05 20:09:29,933 - INFO - Fetched: ○甲申之变
2024-10-05 20:09:29,938 - INFO - Fetched: ○魏忠贤乱政
2024-10-05 20:09:29,939 - INFO - Fetched: ○张献忠之乱
2024-10-05 20:09:29,939 - INFO - Fetched: ○中原群盗
2024-10-05 20:09:29,939 - INFO - Fetched: ○李自成之乱
2024-10-05 20:09:29,939 - INFO - Fetched: ○甲申殉难
2024-10-05 20:09:29,939 - INFO - Fetched: ○甲申之变
2024-10-05 20:09:29,940 - INFO - Fetched: ○魏忠贤乱政
2024-10-05 20:09:29,941 - INFO - Fetched: ○张献忠之乱
2024-10-05 20:09:29,941 - INFO - Fetched: ○中原群盗
2024-10-05 20:09:29,941 - INFO - Fetched: ○李自成之乱
2024-10-05 20:09:29,941 - INFO - Fetched: ○甲申殉难
2024-10-05 20:09:29,941 - INFO - Fetched: ○甲申之变
2024-10-05 20:09:29,942 - INFO - Fetched: ○魏忠贤乱政
2024-10-05 20:09:29,942 - INFO - Fetched: ○李自成之乱
2024-10-05 20:09:29,942 - INFO - Fetched: ○张献忠之乱
2024-10-05 20:09:29,942 - INFO - Fetched: ○甲申殉难
2024-10-05 20:09:29,942 - INFO - Fetched: ○中原群盗
2024-10-05 20:09:29,943 - INFO - Fetched: ○甲申之变
2024-10-05 20:09:29,943 - INFO - Fetched: ○魏忠贤乱政
2024-10-05 20:09:29,944 - INFO - Fetched: ○李自成之乱
2024-10-05 20:09:29,944 - INFO - Fetched: ○张献忠之乱
2024-10-05 20:09:29,944 - INFO - Fetched: ○甲申殉难
2024-10-05 20:09:29,944 - INFO - Fetched: ○中原群盗
2024-10-05 20:09:29,945 - INFO - Fetched: ○甲申之变
2024-10-05 20:09:29,945 - INFO - Fetched: ○魏忠贤乱政
2024-10-05 20:09:29,945 - INFO - Fetched: ○李自成之乱
2024-10-05 20:09:29,946 - INFO - Fetched: ○张献忠之乱
2024-10-05 20:09:29,946 - INFO - Fetched: ○甲申殉难
2024-10-05 20:09:29,946 - INFO - Fetched: ○中原群盗
2024-10-05 20:09:29,947 - INFO - Fetched: ○甲申之变
2024-10-05 20:09:29,947 - INFO - Fetched: ○魏忠贤乱政
2024-10-05 20:09:29,947 - INFO - Fetched: ○李自成之乱
2024-10-05 20:09:29,947 - INFO - Fetched: ○张献忠之乱
2024-10-05 20:09:29,947 - INFO - Fetched: ○甲申殉难
2024-10-05 20:09:29,948 - INFO - Fetched: ○中原群盗
2024-10-05 20:09:29,948 - INFO - Fetched: ○甲申之变
2024-10-05 20:09:29,948 - INFO - Fetched: ○魏忠贤乱政
2024-10-05 20:09:29,949 - INFO - Fetched: ○李自成之乱
2024-10-05 20:09:29,949 - INFO - Fetched: ○张献忠之乱
2024-10-05 20:09:29,949 - INFO - Fetched: ○甲申殉难
2024-10-05 20:09:29,950 - INFO - Fetched: ○中原群盗
2024-10-05 20:09:29,950 - INFO - Fetched: ○魏忠贤乱政
2024-10-05 20:09:29,950 - INFO - Fetched: ○甲申之变
2024-10-05 20:09:29,950 - INFO - Fetched: ○李自成之乱
2024-10-05 20:09:29,952 - INFO - Fetched: ○张献忠之乱
2024-10-05 20:09:29,952 - INFO - Fetched: ○甲申殉难
2024-10-05 20:09:29,953 - INFO - Fetched: ○中原群盗
2024-10-05 20:09:29,953 - INFO - Fetched: ○魏忠贤乱政
2024-10-05 20:09:29,953 - INFO - Fetched: ○甲申之变
2024-10-05 20:09:29,953 - INFO - Fetched: ○张献忠之乱
2024-10-05 20:09:29,953 - INFO - Fetched: ○李自成之乱
2024-10-05 20:09:29,954 - INFO - Fetched: ○甲申殉难
2024-10-05 20:09:29,954 - INFO - Fetched: ○中原群盗
2024-10-05 20:09:29,954 - INFO - Fetched: ○魏忠贤乱政
2024-10-05 20:09:29,955 - INFO - Fetched: ○甲申之变
2024-10-05 20:09:29,955 - INFO - Fetched: ○张献忠之乱
2024-10-05 20:09:29,955 - INFO - Fetched: ○李自成之乱
2024-10-05 20:09:29,956 - INFO - Fetched: ○甲申殉难
2024-10-05 20:09:29,956 - INFO - Fetched: ○中原群盗
2024-10-05 20:09:29,956 - INFO - Fetched: ○魏忠贤乱政
2024-10-05 20:09:29,957 - INFO - Fetched: ○李自成之乱
2024-10-05 20:09:29,957 - INFO - Fetched: ○甲申之变
2024-10-05 20:09:29,957 - INFO - Fetched: ○张献忠之乱
2024-10-05 20:09:29,958 - INFO - Fetched: ○甲申殉难
2024-10-05 20:09:29,958 - INFO - Fetched: ○中原群盗
2024-10-05 20:09:29,958 - INFO - Fetched: ○魏忠贤乱政
2024-10-05 20:09:29,958 - INFO - Fetched: ○李自成之乱
2024-10-05 20:09:29,959 - INFO - Fetched: ○甲申之变
2024-10-05 20:09:29,959 - INFO - Fetched: ○张献忠之乱
2024-10-05 20:09:29,959 - INFO - Fetched: ○甲申殉难
2024-10-05 20:09:29,960 - INFO - Fetched: ○中原群盗
2024-10-05 20:09:29,960 - INFO - Fetched: ○李自成之乱
2024-10-05 20:09:29,960 - INFO - Fetched: ○甲申之变
2024-10-05 20:09:29,960 - INFO - Fetched: ○张献忠之乱
2024-10-05 20:09:29,961 - INFO - Fetched: ○甲申殉难
2024-10-05 20:09:29,961 - INFO - Fetched: ○李自成之乱
2024-10-05 20:09:29,961 - INFO - Fetched: ○中原群盗
2024-10-05 20:09:29,962 - INFO - Fetched: ○甲申之变
2024-10-05 20:09:29,962 - INFO - Fetched: ○张献忠之乱
2024-10-05 20:09:29,962 - INFO - Fetched: ○甲申殉难
2024-10-05 20:09:29,963 - INFO - Fetched: ○李自成之乱
2024-10-05 20:09:29,963 - INFO - Fetched: ○中原群盗
2024-10-05 20:09:29,963 - INFO - Fetched: ○甲申之变
2024-10-05 20:09:29,963 - INFO - Fetched: ○张献忠之乱
2024-10-05 20:09:29,964 - INFO - Fetched: ○甲申殉难
2024-10-05 20:09:29,964 - INFO - Fetched: ○李自成之乱
2024-10-05 20:09:29,964 - INFO - Fetched: ○甲申之变
2024-10-05 20:09:29,964 - INFO - Fetched: ○中原群盗
2024-10-05 20:09:29,965 - INFO - Fetched: ○张献忠之乱
2024-10-05 20:09:29,965 - INFO - Fetched: ○甲申之变
2024-10-05 20:09:29,966 - INFO - Fetched: ○甲申殉难
2024-10-05 20:09:29,966 - INFO - Fetched: ○中原群盗
2024-10-05 20:09:29,966 - INFO - Fetched: ○李自成之乱
2024-10-05 20:09:29,966 - INFO - Fetched: ○张献忠之乱
2024-10-05 20:09:29,967 - INFO - Fetched: ○甲申殉难
2024-10-05 20:09:29,967 - INFO - Fetched: ○甲申之变
2024-10-05 20:09:29,967 - INFO - Fetched: ○中原群盗
2024-10-05 20:09:29,968 - INFO - Fetched: ○李自成之乱
2024-10-05 20:09:29,968 - INFO - Fetched: ○张献忠之乱
2024-10-05 20:09:29,968 - INFO - Fetched: ○甲申殉难
2024-10-05 20:09:29,969 - INFO - Fetched: ○甲申之变
2024-10-05 20:09:29,969 - INFO - Fetched: ○中原群盗
2024-10-05 20:09:29,969 - INFO - Fetched: ○李自成之乱
2024-10-05 20:09:29,969 - INFO - Fetched: ○张献忠之乱
2024-10-05 20:09:29,970 - INFO - Fetched: ○甲申之变
2024-10-05 20:09:29,970 - INFO - Fetched: ○中原群盗
2024-10-05 20:09:29,971 - INFO - Fetched: ○张献忠之乱
2024-10-05 20:09:29,971 - INFO - Fetched: ○李自成之乱
2024-10-05 20:09:29,971 - INFO - Fetched: ○甲申之变
2024-10-05 20:09:29,971 - INFO - Fetched: ○张献忠之乱
2024-10-05 20:09:29,973 - INFO - Fetched: ○中原群盗
2024-10-05 20:09:29,973 - INFO - Fetched: ○李自成之乱
2024-10-05 20:09:29,974 - INFO - Fetched: ○甲申之变
2024-10-05 20:09:29,974 - INFO - Fetched: ○张献忠之乱
2024-10-05 20:09:29,974 - INFO - Fetched: ○中原群盗
2024-10-05 20:09:29,974 - INFO - Fetched: ○李自成之乱
2024-10-05 20:09:29,975 - INFO - Fetched: ○张献忠之乱
2024-10-05 20:09:29,975 - INFO - Fetched: ○中原群盗
2024-10-05 20:09:29,975 - INFO - Fetched: ○李自成之乱
2024-10-05 20:09:29,976 - INFO - Fetched: ○张献忠之乱
2024-10-05 20:09:29,976 - INFO - Fetched: ○中原群盗
2024-10-05 20:09:29,976 - INFO - Fetched: ○李自成之乱
2024-10-05 20:09:29,977 - INFO - Fetched: ○张献忠之乱
2024-10-05 20:09:29,977 - INFO - Fetched: ○中原群盗
2024-10-05 20:09:29,977 - INFO - Fetched: ○李自成之乱
2024-10-05 20:09:29,978 - INFO - Fetched: ○张献忠之乱
2024-10-05 20:09:29,978 - INFO - Fetched: ○中原群盗
2024-10-05 20:09:29,978 - INFO - Fetched: ○李自成之乱
2024-10-05 20:09:29,979 - INFO - Fetched: ○中原群盗
2024-10-05 20:09:29,979 - INFO - Fetched: ○李自成之乱
2024-10-05 20:09:29,979 - INFO - Fetched: ○中原群盗
2024-10-05 20:09:29,979 - INFO - Fetched: ○李自成之乱
2024-10-05 20:09:29,980 - INFO - Fetched: ○中原群盗
2024-10-05 20:09:29,980 - INFO - Fetched: ○李自成之乱
2024-10-05 20:09:29,981 - INFO - Fetched: ○中原群盗
2024-10-05 20:09:29,981 - INFO - Fetched: ○李自成之乱
2024-10-05 20:09:29,981 - INFO - Fetched: ○中原群盗
2024-10-05 20:09:29,982 - INFO - Fetched: ○李自成之乱
2024-10-05 20:09:29,982 - INFO - Fetched: ○中原群盗
2024-10-05 20:09:29,982 - INFO - Fetched: ○李自成之乱
2024-10-05 20:09:29,983 - INFO - Fetched: ○中原群盗
2024-10-05 20:09:29,983 - INFO - Fetched: ○李自成之乱
2024-10-05 20:09:29,984 - INFO - Fetched: ○中原群盗
2024-10-05 20:09:29,984 - INFO - Fetched: ○李自成之乱
2024-10-05 20:09:29,984 - INFO - Fetched: ○中原群盗
2024-10-05 20:09:29,984 - INFO - Fetched: ○李自成之乱
2024-10-05 20:09:29,985 - INFO - Fetched: ○李自成之乱
2024-10-05 20:09:29,985 - INFO - Fetched: ○中原群盗
2024-10-05 20:09:29,985 - INFO - Fetched: ○李自成之乱
2024-10-05 20:09:29,986 - INFO - Fetched: ○中原群盗
2024-10-05 20:09:29,986 - INFO - Fetched: ○李自成之乱
2024-10-05 20:09:29,986 - INFO - Fetched: ○中原群盗
2024-10-05 20:09:29,987 - INFO - Fetched: ○李自成之乱
2024-10-05 20:09:29,987 - INFO - Fetched: ○中原群盗
2024-10-05 20:09:29,987 - INFO - Fetched: ○李自成之乱
2024-10-05 20:09:29,988 - INFO - Fetched: ○中原群盗
2024-10-05 20:09:29,988 - INFO - Fetched: ○中原群盗
2024-10-05 20:09:29,988 - INFO - Fetched: ○中原群盗
2024-10-05 20:09:29,990 - INFO - Fetched: ○中原群盗
2024-10-05 20:09:29,990 - INFO - Fetched: ○中原群盗
2024-10-05 20:09:29,991 - INFO - Fetched: ○中原群盗
2024-10-05 20:09:29,991 - INFO - Fetched: ○中原群盗
2024-10-05 20:09:29,992 - INFO - Fetched: ○中原群盗
2024-10-05 20:09:29,992 - INFO - Fetched: ○中原群盗
2024-10-05 20:09:29,992 - INFO - Fetched: ○中原群盗
2024-10-05 20:09:29,993 - INFO - Fetched: ○中原群盗
2024-10-05 20:09:29,993 - INFO - Fetched: ○中原群盗
2024-10-05 20:09:29,994 - INFO - Fetched: ○中原群盗
2024-10-05 20:09:29,994 - INFO - Fetched: ○中原群盗
2024-10-05 20:09:29,995 - INFO - Fetched: ○中原群盗
2024-10-05 20:09:29,995 - INFO - Fetched: ○中原群盗
2024-10-05 20:09:29,996 - INFO - Fetched: ○中原群盗
2024-10-05 20:09:29,996 - INFO - Fetched: ○中原群盗
2024-10-05 20:09:29,997 - INFO - Fetched: ○中原群盗
2024-10-05 20:09:29,997 - INFO - Fetched: ○中原群盗
2024-10-05 20:09:29,997 - INFO - Fetched: ○中原群盗
2024-10-05 20:09:29,998 - INFO - Fetched: ○中原群盗
2024-10-05 20:09:29,998 - INFO - Fetched: ○中原群盗
2024-10-05 20:09:29,998 - INFO - Fetched: ○中原群盗
2024-10-05 20:09:29,999 - INFO - Fetched: ○中原群盗
2024-10-05 20:09:29,999 - INFO - Fetched: ○中原群盗
2024-10-05 20:09:30,000 - INFO - Fetched: ○中原群盗
2024-10-05 20:09:30,000 - INFO - Fetched: ○中原群盗
2024-10-05 20:09:30,001 - INFO - Fetched: ○中原群盗
2024-10-05 20:09:30,001 - INFO - Fetched: ○中原群盗
2024-10-05 20:09:30,003 - INFO - Time cost: 1.46s
