2024-12-20 17:44:40,604 - INFO - Fetched: 第一章 万历皇帝 · 8
2024-12-20 17:44:40,607 - INFO - Fetched: 第一章 万历皇帝 · 4
2024-12-20 17:44:40,609 - INFO - Fetched: 第一章 万历皇帝 · 2
2024-12-20 17:44:40,632 - INFO - Fetched: 第一章 万历皇帝 · 3
2024-12-20 17:44:40,701 - INFO - Fetched: 第一章 万历皇帝 · 7
2024-12-20 17:44:40,701 - INFO - Fetched: 自序
2024-12-20 17:44:40,704 - INFO - Fetched: 第一章 万历皇帝 · 5
2024-12-20 17:44:40,705 - INFO - Fetched: 第一章 万历皇帝 · 1
2024-12-20 17:44:40,713 - INFO - Fetched: 第一章 万历皇帝 · 6
2024-12-20 17:44:40,716 - INFO - Fetched: 第一章 万历皇帝 · 9
2024-12-20 17:44:40,973 - INFO - Fetched: 第二章 首辅申时行 · 1
2024-12-20 17:44:40,980 - INFO - Fetched: 第二章 首辅申时行 · 2
2024-12-20 17:44:40,983 - INFO - Fetched: 第一章 万历皇帝 · 10
2024-12-20 17:44:41,000 - INFO - Fetched: 第二章 首辅申时行 · 3
2024-12-20 17:44:41,080 - INFO - Fetched: 第二章 首辅申时行 · 4
2024-12-20 17:44:41,087 - INFO - Fetched: 第二章 首辅申时行 · 7
2024-12-20 17:44:41,089 - INFO - Fetched: 第二章 首辅申时行 · 6
2024-12-20 17:44:41,091 - INFO - Fetched: 第二章 首辅申时行 · 5
2024-12-20 17:44:41,099 - INFO - Fetched: 第二章 首辅申时行 · 8
2024-12-20 17:44:41,108 - INFO - Fetched: 第三章 世间已无张居正 · 1
2024-12-20 17:44:41,340 - INFO - Fetched: 第三章 世间已无张居正 · 2
2024-12-20 17:44:41,363 - INFO - Fetched: 第三章 世间已无张居正 · 3
2024-12-20 17:44:41,367 - INFO - Fetched: 第三章 世间已无张居正 · 4
2024-12-20 17:44:41,368 - INFO - Fetched: 第三章 世间已无张居正 · 5
2024-12-20 17:44:41,456 - INFO - Fetched: 第三章 世间已无张居正 · 6
2024-12-20 17:44:41,469 - INFO - Fetched: 第三章 世间已无张居正 · 7
2024-12-20 17:44:41,474 - INFO - Fetched: 第四章 活着的祖宗 · 1
2024-12-20 17:44:41,479 - INFO - Fetched: 第四章 活着的祖宗 · 2
2024-12-20 17:44:41,501 - INFO - Fetched: 第四章 活着的祖宗 · 4
2024-12-20 17:44:41,524 - INFO - Fetched: 第四章 活着的祖宗 · 3
2024-12-20 17:44:41,705 - INFO - Fetched: 第四章 活着的祖宗 · 5
2024-12-20 17:44:41,735 - INFO - Fetched: 第五章 海瑞——古怪的模范官僚 · 1
2024-12-20 17:44:41,737 - INFO - Fetched: 第四章 活着的祖宗 · 6
2024-12-20 17:44:41,743 - INFO - Fetched: 第五章 海瑞——古怪的模范官僚 · 2
2024-12-20 17:44:41,832 - INFO - Fetched: 第五章 海瑞——古怪的模范官僚 · 3
2024-12-20 17:44:41,850 - INFO - Fetched: 第五章 海瑞——古怪的模范官僚 · 5
2024-12-20 17:44:41,863 - INFO - Fetched: 第五章 海瑞——古怪的模范官僚 · 4
2024-12-20 17:44:41,868 - INFO - Fetched: 第五章 海瑞——古怪的模范官僚 · 6
2024-12-20 17:44:41,884 - INFO - Fetched: 第五章 海瑞——古怪的模范官僚 · 7
2024-12-20 17:44:41,913 - INFO - Fetched: 第六章 戚继光——孤独的将领 · 1
2024-12-20 17:44:42,077 - INFO - Fetched: 第六章 戚继光——孤独的将领 · 2
2024-12-20 17:44:42,101 - INFO - Fetched: 第六章 戚继光——孤独的将领 · 3
2024-12-20 17:44:42,111 - INFO - Fetched: 第六章 戚继光——孤独的将领 · 4
2024-12-20 17:44:42,121 - INFO - Fetched: 第六章 戚继光——孤独的将领 · 5
2024-12-20 17:44:42,211 - INFO - Fetched: 第六章 戚继光——孤独的将领 · 6
2024-12-20 17:44:42,231 - INFO - Fetched: 第六章 戚继光——孤独的将领 · 7
2024-12-20 17:44:42,244 - INFO - Fetched: 第六章 戚继光——孤独的将领 · 8
2024-12-20 17:44:42,254 - INFO - Fetched: 第六章 戚继光——孤独的将领 · 9
2024-12-20 17:44:42,271 - INFO - Fetched: 第七章 李贽——自相冲突的哲学家 · 1
2024-12-20 17:44:42,307 - INFO - Fetched: 第七章 李贽——自相冲突的哲学家 · 2
2024-12-20 17:44:42,446 - INFO - Fetched: 第七章 李贽——自相冲突的哲学家 · 3
2024-12-20 17:44:42,466 - INFO - Fetched: 第七章 李贽——自相冲突的哲学家 · 4
2024-12-20 17:44:42,483 - INFO - Fetched: 第七章 李贽——自相冲突的哲学家 · 5
2024-12-20 17:44:42,500 - INFO - Fetched: 第七章 李贽——自相冲突的哲学家 · 6
2024-12-20 17:44:42,591 - INFO - Fetched: 第七章 李贽——自相冲突的哲学家 · 7
2024-12-20 17:44:42,611 - INFO - Fetched: 第七章 李贽——自相冲突的哲学家 · 8
2024-12-20 17:44:42,624 - INFO - Fetched: 第七章 李贽——自相冲突的哲学家 · 9
2024-12-20 17:44:42,646 - INFO - Fetched: 附录一
2024-12-20 17:44:42,657 - INFO - Fetched: 附录二
2024-12-20 17:44:42,699 - INFO - Fetched: 《万历十五年》和我的“大”历史观 · 1
2024-12-20 17:44:42,817 - INFO - Fetched: 《万历十五年》和我的“大”历史观 · 2
2024-12-20 17:44:42,834 - INFO - Fetched: 《万历十五年》和我的“大”历史观 · 3
2024-12-20 17:44:42,857 - INFO - Fetched: 《万历十五年》和我的“大”历史观 · 4
2024-12-20 17:44:42,860 - INFO - Time cost: 4.48s
