2024-12-15 14:51:10,832 - INFO - ====== WebDriver manager ======
2024-12-15 14:51:13,607 - INFO - Get LATEST edgedriver version for Edge 131.0.2903
2024-12-15 14:51:13,942 - INFO - Get LATEST edgedriver version for Edge 131.0.2903
2024-12-15 14:51:14,210 - INFO - Driver [C:\Users\66324\.wdm\drivers\edgedriver\win64\131.0.2903.99\msedgedriver.exe] found in cache
2024-12-15 14:51:18,010 - INFO - US10027134B2
2024-12-15 14:51:18,010 - INFO - US11177479B2
2024-12-15 14:51:18,010 - INFO - US10629868B2
2024-12-15 14:51:18,010 - INFO - US10243236B2
2024-12-15 14:51:18,011 - INFO - US11949093B2
2024-12-15 14:51:18,011 - INFO - US11024854B2
2024-12-15 14:51:18,011 - INFO - US20220246903A1
2024-12-15 14:51:18,011 - INFO - US11327139B2
2024-12-15 14:51:18,011 - INFO - US12126054B2
2024-12-15 14:51:18,011 - INFO - US11646463B2
2024-12-15 14:51:18,011 - INFO - -----1-----
2024-12-15 14:51:20,357 - INFO - US11355742B2
2024-12-15 14:51:20,357 - INFO - US12119511B2
2024-12-15 14:51:20,358 - INFO - US10673032B2
2024-12-15 14:51:20,358 - INFO - US10930932B2
2024-12-15 14:51:20,358 - INFO - US11175343B2
2024-12-15 14:51:20,358 - INFO - US11975617B2
2024-12-15 14:51:20,358 - INFO - US11646424B2
2024-12-15 14:51:20,358 - INFO - US11177468B2
2024-12-15 14:51:20,358 - INFO - US12027680B2
2024-12-15 14:51:20,358 - INFO - US11600886B2
2024-12-15 14:51:20,358 - INFO - -----2-----
2024-12-15 14:51:22,758 - INFO - US11302972B2
2024-12-15 14:51:22,758 - INFO - US11600871B2
2024-12-15 14:51:22,758 - INFO - US11133494B2
2024-12-15 14:51:22,758 - INFO - US11133543B2
2024-12-15 14:51:22,758 - INFO - US11656289B2
2024-12-15 14:51:22,758 - INFO - US20220085384A1
2024-12-15 14:51:22,758 - INFO - US20220123423A1
2024-12-15 14:51:22,758 - INFO - US11590857B2
2024-12-15 14:51:22,758 - INFO - US11646415B2
2024-12-15 14:51:22,758 - INFO - US11482761B2
2024-12-15 14:51:22,758 - INFO - -----3-----
2024-12-15 14:51:24,627 - INFO - US11616251B2
2024-12-15 14:51:24,628 - INFO - US11269011B2
2024-12-15 14:51:24,628 - INFO - US11498451B2
2024-12-15 14:51:24,628 - INFO - US11631862B2
2024-12-15 14:51:24,628 - INFO - US11231467B2
2024-12-15 14:51:24,628 - INFO - US10965138B2
2024-12-15 14:51:24,628 - INFO - US11031622B2
2024-12-15 14:51:24,628 - INFO - US10686171B2
2024-12-15 14:51:24,628 - INFO - CN203631621U
2024-12-15 14:51:24,628 - INFO - US11664486B2
2024-12-15 14:51:24,628 - INFO - -----4-----
2024-12-15 14:51:26,515 - INFO - US11417869B2
2024-12-15 14:51:26,516 - INFO - US11791518B2
2024-12-15 14:51:26,516 - INFO - US11527752B2
2024-12-15 14:51:26,516 - INFO - US10862170B2
2024-12-15 14:51:26,516 - INFO - US11684946B2
2024-12-15 14:51:26,516 - INFO - US11101515B2
2024-12-15 14:51:26,516 - INFO - US11955655B2
2024-12-15 14:51:26,516 - INFO - US11228073B2
2024-12-15 14:51:26,516 - INFO - US11251500B2
2024-12-15 14:51:26,516 - INFO - US20220052346A1
2024-12-15 14:51:26,516 - INFO - -----5-----
2024-12-15 14:51:28,856 - INFO - US20220135133A1
2024-12-15 14:51:28,856 - INFO - US11575134B2
2024-12-15 14:51:28,856 - INFO - US11923547B2
2024-12-15 14:51:28,856 - INFO - US11550561B2
2024-12-15 14:51:28,856 - INFO - US11721811B2
2024-12-15 14:51:28,856 - INFO - US20210336262A1
2024-12-15 14:51:28,856 - INFO - US20220158246A1
2024-12-15 14:51:28,856 - INFO - US10290865B2
2024-12-15 14:51:28,856 - INFO - US11335969B2
2024-12-15 14:51:28,856 - INFO - US10923761B2
2024-12-15 14:51:28,856 - INFO - -----6-----
2024-12-15 14:51:31,188 - INFO - US11909065B2
2024-12-15 14:51:31,188 - INFO - US11283061B2
2024-12-15 14:51:31,188 - INFO - US20230307635A1
2024-12-15 14:51:31,188 - INFO - US20240088396A1
2024-12-15 14:51:31,188 - INFO - US11133508B2
2024-12-15 14:51:31,188 - INFO - US11404894B2
2024-12-15 14:51:31,188 - INFO - US11942636B2
2024-12-15 14:51:31,188 - INFO - US12054039B2
2024-12-15 14:51:31,188 - INFO - US11967725B2
2024-12-15 14:51:31,188 - INFO - US12021235B2
2024-12-15 14:51:31,188 - INFO - -----7-----
2024-12-15 14:51:33,063 - INFO - US20230178788A1
2024-12-15 14:51:33,064 - INFO - US20220123444A1
2024-12-15 14:51:33,064 - INFO - US11609276B2
2024-12-15 14:51:33,064 - INFO - US11984589B2
2024-12-15 14:51:33,064 - INFO - US20220037660A1
2024-12-15 14:51:33,064 - INFO - US11349126B2
2024-12-15 14:51:33,064 - INFO - US10263304B2
2024-12-15 14:51:33,064 - INFO - US10629864B2
2024-12-15 14:51:33,064 - INFO - US10403878B2
2024-12-15 14:51:33,064 - INFO - CN205050912U
2024-12-15 14:51:33,064 - INFO - -----8-----
2024-12-15 14:51:35,478 - INFO - US10826035B2
2024-12-15 14:51:35,479 - INFO - US20210320368A1
2024-12-15 14:51:35,479 - INFO - US10050244B2
2024-12-15 14:51:35,479 - INFO - US10818896B2
2024-12-15 14:51:35,479 - INFO - US10581042B2
2024-12-15 14:51:35,479 - INFO - US20220093932A1
2024-12-15 14:51:35,479 - INFO - US20220059902A1
2024-12-15 14:51:35,479 - INFO - US11133564B2
2024-12-15 14:51:35,479 - INFO - US20220185698A1
2024-12-15 14:51:35,479 - INFO - US20220263201A1
2024-12-15 14:51:35,479 - INFO - -----9-----
2024-12-15 14:51:37,839 - INFO - US12051820B2
2024-12-15 14:51:37,839 - INFO - US20230117662A1
2024-12-15 14:51:37,839 - INFO - US20230246184A1
2024-12-15 14:51:37,839 - INFO - US11581567B2
2024-12-15 14:51:37,840 - INFO - US11757157B2
2024-12-15 14:51:37,840 - INFO - US11121367B2
2024-12-15 14:51:37,840 - INFO - US20240213786A1
2024-12-15 14:51:37,840 - INFO - US12021253B2
2024-12-15 14:51:37,840 - INFO - US11177475B2
2024-12-15 14:51:37,840 - INFO - US10439430B2
2024-12-15 14:51:37,840 - INFO - -----10-----
2024-12-15 14:51:48,020 - INFO - Fetched US11949093B2
2024-12-15 14:51:48,777 - INFO - Fetched US10629868B2
2024-12-15 14:51:48,993 - INFO - Fetched US10027134B2
2024-12-15 14:51:49,168 - INFO - Fetched US10243236B2
2024-12-15 14:51:49,506 - INFO - Fetched US20220246903A1
2024-12-15 14:51:49,618 - INFO - Fetched US11327139B2
2024-12-15 14:51:50,062 - INFO - Fetched US11024854B2
2024-12-15 14:51:50,270 - INFO - Fetched US12126054B2
2024-12-15 14:51:50,569 - INFO - Fetched US11646463B2
2024-12-15 14:51:50,783 - INFO - Fetched US11177479B2
2024-12-15 14:51:51,083 - INFO - Fetched US11355742B2
2024-12-15 14:51:51,609 - INFO - Fetched US10930932B2
2024-12-15 14:51:51,833 - INFO - Fetched US12119511B2
2024-12-15 14:51:52,010 - INFO - Fetched US11175343B2
2024-12-15 14:51:52,168 - INFO - Fetched US10673032B2
2024-12-15 14:51:52,382 - INFO - Fetched US11975617B2
2024-12-15 14:51:52,904 - INFO - Fetched US11302972B2
2024-12-15 14:51:53,047 - INFO - Fetched US11600871B2
2024-12-15 14:51:53,277 - INFO - Fetched US12027680B2
2024-12-15 14:51:53,596 - INFO - Fetched US11177468B2
2024-12-15 14:51:53,692 - INFO - Fetched US11600886B2
2024-12-15 14:51:54,208 - INFO - Fetched US11133494B2
2024-12-15 14:51:54,651 - INFO - Fetched US11133543B2
2024-12-15 14:51:55,008 - INFO - Fetched US11646424B2
2024-12-15 14:51:55,414 - INFO - Fetched US20220123423A1
2024-12-15 14:51:55,759 - INFO - Fetched US11590857B2
2024-12-15 14:51:55,887 - INFO - Fetched US11656289B2
2024-12-15 14:51:56,345 - INFO - Fetched US11269011B2
2024-12-15 14:51:56,747 - INFO - Fetched US20220085384A1
2024-12-15 14:51:56,928 - INFO - Fetched US11498451B2
2024-12-15 14:51:57,040 - INFO - Fetched US11631862B2
2024-12-15 14:51:57,341 - INFO - Fetched US11616251B2
2024-12-15 14:51:57,738 - INFO - Fetched US11646415B2
2024-12-15 14:51:58,129 - INFO - Fetched US11231467B2
2024-12-15 14:51:58,384 - INFO - Fetched US11482761B2
2024-12-15 14:51:58,486 - INFO - Fetched US10965138B2
2024-12-15 14:51:58,991 - INFO - Fetched US10686171B2
2024-12-15 14:51:59,099 - INFO - Fetched CN203631621U
2024-12-15 14:51:59,364 - INFO - Fetched US11031622B2
2024-12-15 14:51:59,667 - INFO - Fetched US11417869B2
2024-12-15 14:52:00,416 - INFO - Fetched US11684946B2
2024-12-15 14:52:01,186 - INFO - Fetched US11664486B2
2024-12-15 14:52:01,616 - INFO - Fetched US10862170B2
2024-12-15 14:52:02,156 - INFO - Fetched US11101515B2
2024-12-15 14:52:02,336 - INFO - Fetched US11251500B2
2024-12-15 14:52:02,647 - INFO - Fetched US11228073B2
2024-12-15 14:52:02,921 - INFO - Fetched US11527752B2
2024-12-15 14:52:03,344 - INFO - Fetched US11955655B2
2024-12-15 14:52:03,779 - INFO - Fetched US11791518B2
2024-12-15 14:52:05,105 - INFO - Fetched US11550561B2
2024-12-15 14:52:05,440 - INFO - Fetched US11721811B2
2024-12-15 14:52:05,981 - INFO - Fetched US20220052346A1
2024-12-15 14:52:06,327 - INFO - Fetched US11575134B2
2024-12-15 14:52:06,494 - INFO - Fetched US10290865B2
2024-12-15 14:52:06,602 - INFO - Fetched US11335969B2
2024-12-15 14:52:06,874 - INFO - Fetched US20220135133A1
2024-12-15 14:52:07,478 - INFO - Fetched US20220158246A1
2024-12-15 14:52:08,442 - INFO - Fetched US20210336262A1
2024-12-15 14:52:08,558 - INFO - Fetched US11909065B2
2024-12-15 14:52:09,245 - INFO - Fetched US11923547B2
2024-12-15 14:52:09,596 - INFO - Fetched US20240088396A1
2024-12-15 14:52:09,750 - INFO - Fetched US10923761B2
2024-12-15 14:52:10,003 - INFO - Fetched US11283061B2
2024-12-15 14:52:10,131 - INFO - Fetched US11133508B2
2024-12-15 14:52:10,671 - INFO - Fetched US11404894B2
2024-12-15 14:52:11,818 - INFO - Fetched US20230307635A1
2024-12-15 14:52:12,219 - INFO - Fetched US12054039B2
2024-12-15 14:52:12,636 - INFO - Fetched US11942636B2
2024-12-15 14:52:12,735 - INFO - Fetched US11609276B2
2024-12-15 14:52:13,493 - INFO - Fetched US20220123444A1
2024-12-15 14:52:13,923 - INFO - Fetched US10263304B2
2024-12-15 14:52:14,187 - INFO - Fetched US11984589B2
2024-12-15 14:52:14,890 - INFO - Fetched US12021235B2
2024-12-15 14:52:14,960 - INFO - Fetched US10629864B2
2024-12-15 14:52:15,239 - INFO - Fetched US20230178788A1
2024-12-15 14:52:15,429 - INFO - Fetched CN205050912U
2024-12-15 14:52:15,748 - INFO - Fetched US11967725B2
2024-12-15 14:52:16,109 - INFO - Fetched US20220037660A1
2024-12-15 14:52:16,543 - INFO - Fetched US10403878B2
2024-12-15 14:52:16,758 - INFO - Fetched US11349126B2
2024-12-15 14:52:16,930 - INFO - Fetched US10826035B2
2024-12-15 14:52:17,178 - INFO - Fetched US20210320368A1
2024-12-15 14:52:17,413 - INFO - Fetched US10581042B2
2024-12-15 14:52:17,504 - INFO - Fetched US10050244B2
2024-12-15 14:52:18,011 - INFO - Fetched US20220059902A1
2024-12-15 14:52:18,401 - INFO - Fetched US12051820B2
2024-12-15 14:52:18,881 - INFO - Fetched US10818896B2
2024-12-15 14:52:19,462 - INFO - Fetched US20220263201A1
2024-12-15 14:52:19,960 - INFO - Fetched US11581567B2
2024-12-15 14:52:20,327 - INFO - Fetched US20220093932A1
2024-12-15 14:52:20,698 - INFO - Fetched US20220185698A1
2024-12-15 14:52:21,557 - INFO - Fetched US11133564B2
2024-12-15 14:52:21,853 - INFO - Fetched US11757157B2
2024-12-15 14:52:21,901 - INFO - Fetched US11121367B2
2024-12-15 14:52:22,234 - INFO - Fetched US20230246184A1
2024-12-15 14:52:22,612 - INFO - Fetched US10439430B2
2024-12-15 14:52:22,821 - INFO - Fetched US11177475B2
2024-12-15 14:52:22,958 - INFO - Fetched US20240213786A1
2024-12-15 14:52:23,325 - INFO - Fetched US20230117662A1
2024-12-15 14:52:23,465 - INFO - Fetched US12021253B2
2024-12-15 14:52:23,466 - INFO - Time cost: 36.19s
