2024-09-23 17:02:35,396 - INFO - Fetched: 卷十·本纪第十·英宗前纪
2024-09-23 17:02:35,415 - INFO - Fetched: 卷六·本纪第六·成祖二
2024-09-23 17:02:35,421 - INFO - Fetched: 卷五·本纪第五·成祖一
2024-09-23 17:02:35,598 - INFO - Fetched: 卷一·本纪第一·太祖一
2024-09-23 17:02:35,604 - INFO - Fetched: 卷八·本纪第八·仁宗
2024-09-23 17:02:35,612 - INFO - Fetched: 卷三·本纪第三·太祖三
2024-09-23 17:02:35,651 - INFO - Fetched: 卷四·本纪第四·恭闵帝
2024-09-23 17:02:35,661 - INFO - Fetched: 卷七·本纪第七·成祖三
2024-09-23 17:02:35,667 - INFO - Fetched: 卷九·本纪第九·宣宗
2024-09-23 17:02:35,756 - INFO - Fetched: 卷十一·本纪第十一·景帝
2024-09-23 17:02:35,795 - INFO - Fetched: 卷十二·本纪第十二·英宗后纪
2024-09-23 17:02:35,803 - INFO - Fetched: 卷十三·本纪第十三·宪宗一
2024-09-23 17:02:35,856 - INFO - Fetched: 卷二·本纪第二·太祖二
2024-09-23 17:02:35,959 - INFO - Fetched: 卷十四·本纪第十四·宪宗二
2024-09-23 17:02:35,997 - INFO - Fetched: 卷十六·本纪第十六·武宗
2024-09-23 17:02:36,002 - INFO - Fetched: 卷十五·本纪第十五·孝宗
2024-09-23 17:02:36,021 - INFO - Fetched: 卷十七·本纪第十七·世宗一
2024-09-23 17:02:36,039 - INFO - Fetched: 卷十八·本纪第十八·世宗二
2024-09-23 17:02:36,055 - INFO - Fetched: 卷十九·本纪第十九·穆宗
2024-09-23 17:02:36,114 - INFO - Fetched: 卷二十·本纪第二十·神宗一
2024-09-23 17:02:36,154 - INFO - Fetched: 卷二十一·本纪第二十一·神宗二
2024-09-23 17:02:36,163 - INFO - Fetched: 卷二十二·本纪第二十二·熹宗
2024-09-23 17:02:36,243 - INFO - Fetched: 卷二十三·本纪第二十三·庄烈帝一
2024-09-23 17:02:36,318 - INFO - Fetched: 卷二十四·本纪第二十四·庄烈帝二
2024-09-23 17:02:36,370 - INFO - Fetched: 卷二十六·志第二·天文二
2024-09-23 17:02:36,378 - INFO - Fetched: 卷二十五·志第一·天文一
2024-09-23 17:02:36,401 - INFO - Fetched: 卷二十七·志第三·天文三
2024-09-23 17:02:36,438 - INFO - Fetched: 卷二十九·志第五·五行二
2024-09-23 17:02:36,524 - INFO - Fetched: 卷三十二·志第八·历二
2024-09-23 17:02:36,615 - INFO - Fetched: 卷二十八·志第四·五行一
2024-09-23 17:02:36,653 - INFO - Fetched: 卷三十三·志第九·历三
2024-09-23 17:02:36,683 - INFO - Fetched: 卷三十·志第六·五行三
2024-09-23 17:02:36,698 - INFO - Fetched: 卷三十四·志第十·历四
2024-09-23 17:02:36,737 - INFO - Fetched: 卷三十五·志第十一·历五
2024-09-23 17:02:36,748 - INFO - Fetched: 卷三十六·志第十二·历六
2024-09-23 17:02:36,776 - INFO - Fetched: 卷三十七·志第十三·历七
2024-09-23 17:02:36,818 - INFO - Fetched: 卷三十八·志第十四·历八
2024-09-23 17:02:36,898 - INFO - Fetched: 卷三十九·志第十五·历九
2024-09-23 17:02:36,905 - INFO - Fetched: 卷三十一·志第七·历一
2024-09-23 17:02:37,014 - INFO - Fetched: 卷四十·志第十六·地理一
2024-09-23 17:02:37,041 - INFO - Fetched: 卷四十一·志第十七·地理二
2024-09-23 17:02:37,054 - INFO - Fetched: 卷四十二·志第十八·地理三
2024-09-23 17:02:37,065 - INFO - Fetched: 卷四十三·志第十九·地理四
2024-09-23 17:02:37,105 - INFO - Fetched: 卷四十四·志第二十·地理五
2024-09-23 17:02:37,123 - INFO - Fetched: 卷四十五·志第二十一·地理六
2024-09-23 17:02:37,154 - INFO - Fetched: 卷四十六·志第二十二·地理七
2024-09-23 17:02:37,205 - INFO - Fetched: 卷四十七·志第二十三·礼一
2024-09-23 17:02:37,259 - INFO - Fetched: 卷四十八·志第二十四·礼二
2024-09-23 17:02:37,402 - INFO - Fetched: 卷五十·志第二十六·礼四
2024-09-23 17:02:37,422 - INFO - Fetched: 卷五十二·志第二十八·礼六
2024-09-23 17:02:37,430 - INFO - Fetched: 卷五十三·志第二十九·礼七
2024-09-23 17:02:37,436 - INFO - Fetched: 卷五十一·志第二十七·礼五
2024-09-23 17:02:37,453 - INFO - Fetched: 卷四十九·志第二十五·礼三
2024-09-23 17:02:37,471 - INFO - Fetched: 卷五十四·志第三十·礼八
2024-09-23 17:02:37,503 - INFO - Fetched: 卷五十五·志第三十一·礼九
2024-09-23 17:02:37,605 - INFO - Fetched: 卷五十七·志第三十三·礼十一
2024-09-23 17:02:37,621 - INFO - Fetched: 卷五十八·志第三十四·礼十二
2024-09-23 17:02:37,707 - INFO - Fetched: 卷五十六·志第三十二·礼十
2024-09-23 17:02:37,803 - INFO - Fetched: 卷五十九·志第三十五·礼十三
2024-09-23 17:02:37,809 - INFO - Fetched: 卷六十·志第三十六·礼十四
2024-09-23 17:02:37,837 - INFO - Fetched: 卷六十二·志第三十八·乐二
2024-09-23 17:02:37,847 - INFO - Fetched: 卷六十三·志第三十九·乐三
2024-09-23 17:02:37,852 - INFO - Fetched: 卷六十四·志第四十·仪卫
2024-09-23 17:02:37,874 - INFO - Fetched: 卷六十五·志第四十一·舆服一
2024-09-23 17:02:38,006 - INFO - Fetched: 卷六十六·志第四十二·舆服二
2024-09-23 17:02:38,013 - INFO - Fetched: 卷六十一·志第三十七·乐一
2024-09-23 17:02:38,104 - INFO - Fetched: 卷六十八·志第四十四·舆服四
2024-09-23 17:02:38,167 - INFO - Fetched: 卷六十七·志第四十三·舆服三
2024-09-23 17:02:38,173 - INFO - Fetched: 卷六十九·志第四十五·选举一
2024-09-23 17:02:38,205 - INFO - Fetched: 卷七十·志第四十六·选举二
2024-09-23 17:02:38,213 - INFO - Fetched: 卷七十一·志第四十七·选举三
2024-09-23 17:02:38,224 - INFO - Fetched: 卷七十三·志第四十九·职官二
2024-09-23 17:02:38,406 - INFO - Fetched: 卷七十五·志第五十一·职官四
2024-09-23 17:02:38,412 - INFO - Fetched: 卷七十二·志第四十八·职官一
2024-09-23 17:02:38,419 - INFO - Fetched: 卷七十六·志第五十二·职官五
2024-09-23 17:02:38,430 - INFO - Fetched: 卷七十四·志第五十·职官三
2024-09-23 17:02:38,474 - INFO - Fetched: 卷七十七·志第五十三·食货一
2024-09-23 17:02:38,534 - INFO - Fetched: 卷七十八·志第五十四·食货二
2024-09-23 17:02:38,549 - INFO - Fetched: 卷七十九·志第五十五·食货三
2024-09-23 17:02:38,577 - INFO - Fetched: 卷八十一·志第五十七·食货五
2024-09-23 17:02:38,609 - INFO - Fetched: 卷八十二·志第五十八·食货六
2024-09-23 17:02:38,772 - INFO - Fetched: 卷八十·志第五十六·食货四
2024-09-23 17:02:38,850 - INFO - Fetched: 卷八十七·志第六十三·河渠五
2024-09-23 17:02:38,909 - INFO - Fetched: 卷八十八·志第六十四·河渠六
2024-09-23 17:02:38,976 - INFO - Fetched: 卷八十五·志第六十一·河渠三
2024-09-23 17:02:38,988 - INFO - Fetched: 卷九十一·志第六十七·兵三
2024-09-23 17:02:38,993 - INFO - Fetched: 卷八十六·志第六十二·河渠四
2024-09-23 17:02:39,013 - INFO - Fetched: 卷八十四·志第六十·河渠二
2024-09-23 17:02:39,020 - INFO - Fetched: 卷八十三·志第五十九·河渠一
2024-09-23 17:02:39,108 - INFO - Fetched: 卷八十九·志第六十五·兵一
2024-09-23 17:02:39,126 - INFO - Fetched: 卷九十·志第六十六·兵二卫所
2024-09-23 17:02:39,151 - INFO - Fetched: 卷九十二·志第六十八·兵四
2024-09-23 17:02:39,232 - INFO - Fetched: 卷九十三·志第六十九·刑法一
2024-09-23 17:02:39,346 - INFO - Fetched: 卷九十五·志第七十一·刑法三
2024-09-23 17:02:39,384 - INFO - Fetched: 卷九十六·志第七十二·艺文一
2024-09-23 17:02:39,437 - INFO - Fetched: 卷九十九·志第七十五·艺文四
2024-09-23 17:02:39,462 - INFO - Fetched: 卷九十八·志第七十四·艺文三
2024-09-23 17:02:39,469 - INFO - Fetched: 卷九十四·志第七十·刑法二
2024-09-23 17:02:39,475 - INFO - Fetched: 卷一百·表第一·诸王世表一
2024-09-23 17:02:39,528 - INFO - Fetched: 卷一百一·表第二·诸王世表二
2024-09-23 17:02:39,560 - INFO - Fetched: 卷九十七·志第七十三·艺文二
2024-09-23 17:02:39,565 - INFO - Fetched: 卷一百二·表第三·诸王世表三
2024-09-23 17:02:39,621 - INFO - Fetched: 卷一百三·表第四·诸王世表四
2024-09-23 17:02:39,711 - INFO - Fetched: 卷一百四·表第五·诸王世表五
2024-09-23 17:02:39,746 - INFO - Fetched: 卷一百五·表第六·功臣世表一
2024-09-23 17:02:39,821 - INFO - Fetched: 卷一百六·表第七·功臣世表二
2024-09-23 17:02:39,831 - INFO - Fetched: 卷一百八·表第九·外戚恩泽侯表
2024-09-23 17:02:39,837 - INFO - Fetched: 卷一百九·表第十·宰辅年表一
2024-09-23 17:02:39,842 - INFO - Fetched: 卷一百七·表第八·功臣世表三
2024-09-23 17:02:39,917 - INFO - Fetched: 卷一百十·表第十一·宰辅年表二
2024-09-23 17:02:39,924 - INFO - Fetched: 卷一百十二·表第十三·七卿年表二
2024-09-23 17:02:39,949 - INFO - Fetched: 卷一百十一·表第十二·七卿年表一
2024-09-23 17:02:40,010 - INFO - Fetched: 卷一百十三·列传第一·后妃
2024-09-23 17:02:40,116 - INFO - Fetched: 卷一百十五·列传第三
2024-09-23 17:02:40,216 - INFO - Fetched: 卷一百十七·列传第五·诸王二
2024-09-23 17:02:40,223 - INFO - Fetched: 卷一百十八·列传第六·诸王三
2024-09-23 17:02:40,231 - INFO - Fetched: 卷一百十六·列传第四·诸王
2024-09-23 17:02:40,238 - INFO - Fetched: 卷一百十九·列传第七·诸王四
2024-09-23 17:02:40,260 - INFO - Fetched: 卷一百十四·列传第二·后妃二
2024-09-23 17:02:40,327 - INFO - Fetched: 卷一百二十一·列传第九
2024-09-23 17:02:40,333 - INFO - Fetched: 卷一百二十二·列传第十
2024-09-23 17:02:40,386 - INFO - Fetched: 卷一百二十三·列传第十一
2024-09-23 17:02:40,439 - INFO - Fetched: 卷一百二十·列传第八·诸王五
2024-09-23 17:02:40,512 - INFO - Fetched: 卷一百二十四·列传第十二
2024-09-23 17:02:40,618 - INFO - Fetched: 卷一百二十七·列传第十五
2024-09-23 17:02:40,624 - INFO - Fetched: 卷一百二十八·列传第十六
2024-09-23 17:02:40,718 - INFO - Fetched: 卷一百三十一·列传第十九
2024-09-23 17:02:40,772 - INFO - Fetched: 卷一百二十五·列传第十三
2024-09-23 17:02:40,779 - INFO - Fetched: 卷一百二十六·列传第十四
2024-09-23 17:02:40,816 - INFO - Fetched: 卷一百二十九·列传第十七
2024-09-23 17:02:40,864 - INFO - Fetched: 卷一百三十·列传第十八
2024-09-23 17:02:40,880 - INFO - Fetched: 卷一百三十四·列传第二十二
2024-09-23 17:02:40,937 - INFO - Fetched: 卷一百三十二·列传第二十
2024-09-23 17:02:40,988 - INFO - Fetched: 卷一百三十三·列传第二十一
2024-09-23 17:02:41,013 - INFO - Fetched: 卷一百三十五·列传第二十三
2024-09-23 17:02:41,019 - INFO - Fetched: 卷一百三十六·列传第二十四
2024-09-23 17:02:41,118 - INFO - Fetched: 卷一百三十七·列传第二十五
2024-09-23 17:02:41,150 - INFO - Fetched: 卷一百三十九·列传第二十七
2024-09-23 17:02:41,180 - INFO - Fetched: 卷一百四十·列传第二十八
2024-09-23 17:02:41,227 - INFO - Fetched: 卷一百四十一·列传第二十九
2024-09-23 17:02:41,247 - INFO - Fetched: 卷一百四十二·列传第三十
2024-09-23 17:02:41,315 - INFO - Fetched: 卷一百三十八·列传第二十六
2024-09-23 17:02:41,355 - INFO - Fetched: 卷一百四十四·列传第三十二
2024-09-23 17:02:41,416 - INFO - Fetched: 卷一百四十五·列传第三十三
2024-09-23 17:02:41,423 - INFO - Fetched: 卷一百四十六·列传第三十四
2024-09-23 17:02:41,522 - INFO - Fetched: 卷一百四十七·列传第三十五
2024-09-23 17:02:41,528 - INFO - Fetched: 卷一百四十八·列传第三十六
2024-09-23 17:02:41,536 - INFO - Fetched: 卷一百四十三·列传第三十一
2024-09-23 17:02:41,543 - INFO - Fetched: 卷一百四十九·列传第三十七
2024-09-23 17:02:41,616 - INFO - Fetched: 卷一百五十·列传第三十八
2024-09-23 17:02:41,622 - INFO - Fetched: 卷一百五十一·列传第三十九
2024-09-23 17:02:41,676 - INFO - Fetched: 卷一百五十二·列传第四十
2024-09-23 17:02:41,721 - INFO - Fetched: 卷一百五十三·列传第四十一
2024-09-23 17:02:41,839 - INFO - Fetched: 卷一百五十五·列传第四十三
2024-09-23 17:02:41,921 - INFO - Fetched: 卷一百五十六·列传第四十四
2024-09-23 17:02:41,927 - INFO - Fetched: 卷一百五十八·列传第四十六
2024-09-23 17:02:41,935 - INFO - Fetched: 卷一百五十九·列传第四十七
2024-09-23 17:02:42,025 - INFO - Fetched: 卷一百五十四·列传第四十二
2024-09-23 17:02:42,046 - INFO - Fetched: 卷一百六十二·列传第五十
2024-09-23 17:02:42,087 - INFO - Fetched: 卷一百六十三·列传第五十一
2024-09-23 17:02:42,118 - INFO - Fetched: 卷一百五十七·列传第四十五
2024-09-23 17:02:42,165 - INFO - Fetched: 卷一百六十·列传第四十八
2024-09-23 17:02:42,181 - INFO - Fetched: 卷一百六十一·列传第四十九
2024-09-23 17:02:42,290 - INFO - Fetched: 卷一百六十六·列传第五十四
2024-09-23 17:02:42,321 - INFO - Fetched: 卷一百六十五·列传第五十三
2024-09-23 17:02:42,327 - INFO - Fetched: 卷一百六十七·列传第五十五
2024-09-23 17:02:42,430 - INFO - Fetched: 卷一百六十九·列传第五十七
2024-09-23 17:02:42,439 - INFO - Fetched: 卷一百六十四·列传第五十二
2024-09-23 17:02:42,457 - INFO - Fetched: 卷一百七十·列传第五十八
2024-09-23 17:02:42,520 - INFO - Fetched: 卷一百七十一·列传第五十九
2024-09-23 17:02:42,535 - INFO - Fetched: 卷一百七十二·列传第六十
2024-09-23 17:02:42,630 - INFO - Fetched: 卷一百六十八·列传第五十六
2024-09-23 17:02:42,695 - INFO - Fetched: 卷一百七十五·列传第六十三
2024-09-23 17:02:42,731 - INFO - Fetched: 卷一百七十三·列传第六十一
2024-09-23 17:02:42,829 - INFO - Fetched: 卷一百七十八·列传第六十六
2024-09-23 17:02:42,837 - INFO - Fetched: 卷一百七十四·列传第六十二
2024-09-23 17:02:42,892 - INFO - Fetched: 卷一百七十六·列传第六十四
2024-09-23 17:02:42,923 - INFO - Fetched: 卷一百八十一·列传第六十九
2024-09-23 17:02:42,975 - INFO - Fetched: 卷一百七十七·列传第六十五
2024-09-23 17:02:43,022 - INFO - Fetched: 卷一百七十九·列传第六十七
2024-09-23 17:02:43,038 - INFO - Fetched: 卷一百八十二·列传第七十
2024-09-23 17:02:43,061 - INFO - Fetched: 卷一百八十三·列传第七十一
2024-09-23 17:02:43,132 - INFO - Fetched: 卷一百八十·列传第六十八
2024-09-23 17:02:43,228 - INFO - Fetched: 卷一百八十五·列传第七十三
2024-09-23 17:02:43,267 - INFO - Fetched: 卷一百八十七·列传第七十五
2024-09-23 17:02:43,279 - INFO - Fetched: 卷一百八十四·列传第七十二
2024-09-23 17:02:43,337 - INFO - Fetched: 卷一百八十九·列传第七十七
2024-09-23 17:02:43,389 - INFO - Fetched: 卷一百九十·列传第七十八
2024-09-23 17:02:43,397 - INFO - Fetched: 卷一百八十六·列传第七十四
2024-09-23 17:02:43,433 - INFO - Fetched: 卷一百九十二·列传第八十
2024-09-23 17:02:43,441 - INFO - Fetched: 卷一百九十一·列传第七十九
2024-09-23 17:02:43,460 - INFO - Fetched: 卷一百八十八·列传第七十六
2024-09-23 17:02:43,536 - INFO - Fetched: 卷一百九十三·列传第八十一
2024-09-23 17:02:43,727 - INFO - Fetched: 卷一百九十七·列传第八十五
2024-09-23 17:02:43,825 - INFO - Fetched: 卷二百·列传第八十八
2024-09-23 17:02:43,830 - INFO - Fetched: 卷一百九十五·列传第八十三
2024-09-23 17:02:43,838 - INFO - Fetched: 卷一百九十四·列传第八十二
2024-09-23 17:02:43,846 - INFO - Fetched: 卷二百二·列传第九十
2024-09-23 17:02:43,854 - INFO - Fetched: 卷二百一·列传第八十九
2024-09-23 17:02:43,860 - INFO - Fetched: 卷一百九十六·列传第八十四
2024-09-23 17:02:43,926 - INFO - Fetched: 卷一百九十九·列传第八十七
2024-09-23 17:02:43,935 - INFO - Fetched: 卷一百九十八·列传第八十六
2024-09-23 17:02:44,092 - INFO - Fetched: 卷二百四·列传第九十二
2024-09-23 17:02:44,140 - INFO - Fetched: 卷二百三·列传第九十一
2024-09-23 17:02:44,228 - INFO - Fetched: 卷二百六·列传第九十四
2024-09-23 17:02:44,234 - INFO - Fetched: 卷二百七·列传第九十五
2024-09-23 17:02:44,436 - INFO - Fetched: 卷二百八·列传第九十六
2024-09-23 17:02:44,443 - INFO - Fetched: 卷二百九·列传第九十七
2024-09-23 17:02:44,450 - INFO - Fetched: 卷二百五·列传第九十三
2024-09-23 17:02:44,459 - INFO - Fetched: 卷二百十·列传第九十八
2024-09-23 17:02:44,476 - INFO - Fetched: 卷二百十一·列传第九十九
2024-09-23 17:02:44,484 - INFO - Fetched: 卷二百十二·列传第一百
2024-09-23 17:02:44,596 - INFO - Fetched: 卷二百十五·列传第一百三
2024-09-23 17:02:44,648 - INFO - Fetched: 卷二百十三·列传第一百一
2024-09-23 17:02:44,703 - INFO - Fetched: 卷二百十四·列传第一百二
2024-09-23 17:02:44,764 - INFO - Fetched: 卷二百十六·列传第一百四
2024-09-23 17:02:44,827 - INFO - Fetched: 卷二百十九·列传第一百七
2024-09-23 17:02:44,836 - INFO - Fetched: 卷二百二十·列传第一百八
2024-09-23 17:02:44,843 - INFO - Fetched: 卷二百十八·列传第一百六
2024-09-23 17:02:44,849 - INFO - Fetched: 卷二百十七·列传第一百五
2024-09-23 17:02:44,855 - INFO - Fetched: 卷二百二十一·列传第一百九
2024-09-23 17:02:45,028 - INFO - Fetched: 卷二百二十四·列传第一百十二
2024-09-23 17:02:45,037 - INFO - Fetched: 卷二百二十二·列传第一百十
2024-09-23 17:02:45,084 - INFO - Fetched: 卷二百二十五·列传第一百十三
2024-09-23 17:02:45,132 - INFO - Fetched: 卷二百二十六·列传第一百十四
2024-09-23 17:02:45,144 - INFO - Fetched: 卷二百二十三·列传第一百十一
2024-09-23 17:02:45,218 - INFO - Fetched: 卷二百二十七·列传第一百十五
2024-09-23 17:02:45,229 - INFO - Fetched: 卷二百二十八·列传第一百十六
2024-09-23 17:02:45,236 - INFO - Fetched: 卷二百二十九·列传第一百十七
2024-09-23 17:02:45,388 - INFO - Fetched: 卷二百三十二·列传第一百二十
2024-09-23 17:02:45,400 - INFO - Fetched: 卷二百三十三·列传第一百二十一
2024-09-23 17:02:45,436 - INFO - Fetched: 卷二百三十·列传第一百十八
2024-09-23 17:02:45,444 - INFO - Fetched: 卷二百三十一·列传第一百十九
2024-09-23 17:02:45,467 - INFO - Fetched: 卷二百三十四·列传第一百二十二
2024-09-23 17:02:45,499 - INFO - Fetched: 卷二百三十五·列传第一百二十三
2024-09-23 17:02:45,531 - INFO - Fetched: 卷二百三十六·列传第一百二十四
2024-09-23 17:02:45,586 - INFO - Fetched: 卷二百三十七·列传第一百二十五
2024-09-23 17:02:45,610 - INFO - Fetched: 卷二百三十八·列传一百二十六
2024-09-23 17:02:45,632 - INFO - Fetched: 卷二百三十九·列传第一百二十七
2024-09-23 17:02:45,755 - INFO - Fetched: 卷二百四十·列传第一百二十八
2024-09-23 17:02:45,835 - INFO - Fetched: 卷二百四十二·列传第一百三十
2024-09-23 17:02:45,844 - INFO - Fetched: 卷二百四十三·列传第一百三十一
2024-09-23 17:02:45,861 - INFO - Fetched: 卷二百四十四·列传第一百三十二
2024-09-23 17:02:45,906 - INFO - Fetched: 卷二百四十六·列传第一百三十四
2024-09-23 17:02:45,945 - INFO - Fetched: 卷二百四十一·列传第一百二十九
2024-09-23 17:02:45,967 - INFO - Fetched: 卷二百四十七·列传第一百三十五
2024-09-23 17:02:45,974 - INFO - Fetched: 卷二百四十八·列传第一百三十六
2024-09-23 17:02:46,034 - INFO - Fetched: 卷二百四十九·列传第一百三十七
2024-09-23 17:02:46,052 - INFO - Fetched: 卷二百四十五·列传第一百三十三
2024-09-23 17:02:46,245 - INFO - Fetched: 卷二百五十三·列传第一百四十一
2024-09-23 17:02:46,296 - INFO - Fetched: 卷二百五十·列传第一百三十八
2024-09-23 17:02:46,333 - INFO - Fetched: 卷二百五十五·列传第一百四十三
2024-09-23 17:02:46,342 - INFO - Fetched: 卷二百五十六·列传第一百四十四
2024-09-23 17:02:46,433 - INFO - Fetched: 卷二百五十二·列传第一百四十
2024-09-23 17:02:46,440 - INFO - Fetched: 卷二百五十一·列传第一百三十九
2024-09-23 17:02:46,448 - INFO - Fetched: 卷二百五十九·列传第一百四十七
2024-09-23 17:02:46,456 - INFO - Fetched: 卷二百五十四·列传第一百四十二
2024-09-23 17:02:46,569 - INFO - Fetched: 卷二百五十七·列传第一百四十五
2024-09-23 17:02:46,606 - INFO - Fetched: 卷二百五十八·列传第一百四十六
2024-09-23 17:02:46,642 - INFO - Fetched: 卷二百六十·列传第一百四十八
2024-09-23 17:02:46,673 - INFO - Fetched: 卷二百六十一·列传一百四十九
2024-09-23 17:02:46,742 - INFO - Fetched: 卷二百六十三·列传第一百五十一
2024-09-23 17:02:46,811 - INFO - Fetched: 卷二百六十四·列传第一百五十二
2024-09-23 17:02:46,835 - INFO - Fetched: 卷二百六十七·列传第一百五十五
2024-09-23 17:02:46,842 - INFO - Fetched: 卷二百六十六·列传第一百五十四
2024-09-23 17:02:46,849 - INFO - Fetched: 卷二百六十五·列传第一百五十三
2024-09-23 17:02:46,889 - INFO - Fetched: 卷二百六十二·列传第一百五十
2024-09-23 17:02:46,934 - INFO - Fetched: 卷二百六十八·列传第一百五十六
2024-09-23 17:02:46,983 - INFO - Fetched: 卷二百六十九·列传第一百五十七
2024-09-23 17:02:47,035 - INFO - Fetched: 卷二百七十·列传第一百五十八
2024-09-23 17:02:47,043 - INFO - Fetched: 卷二百七十一·列传第一百五十九
2024-09-23 17:02:47,178 - INFO - Fetched: 卷二百七十三·列传第一百六十一
2024-09-23 17:02:47,200 - INFO - Fetched: 卷二百七十四·列传第一百六十二
2024-09-23 17:02:47,289 - INFO - Fetched: 卷二百七十二·列传第一百六十
2024-09-23 17:02:47,300 - INFO - Fetched: 卷二百七十八·列传第一百六十六
2024-09-23 17:02:47,410 - INFO - Fetched: 卷二百七十七·列传第一百六十五
2024-09-23 17:02:47,439 - INFO - Fetched: 卷二百八十一·列传第一百六十九·循吏
2024-09-23 17:02:47,452 - INFO - Fetched: 卷二百八十·列传第一百六十八
2024-09-23 17:02:47,458 - INFO - Fetched: 卷二百七十五·列传第一百六十三
2024-09-23 17:02:47,464 - INFO - Fetched: 卷二百七十六·列传第一百六十四
2024-09-23 17:02:47,540 - INFO - Fetched: 卷二百七十九·列传第一百六十七
2024-09-23 17:02:47,572 - INFO - Fetched: 卷二百八十三·列传第一百七十一·儒林二
2024-09-23 17:02:47,655 - INFO - Fetched: 卷二百八十四·列传第一百七十二·儒林三
2024-09-23 17:02:47,739 - INFO - Fetched: 卷二百八十二·列传第一百七十·儒林一
2024-09-23 17:02:47,776 - INFO - Fetched: 卷二百八十六·列传第一百七十四·文苑二
2024-09-23 17:02:47,804 - INFO - Fetched: 卷二百八十七·列传第一百七十五·文苑三
2024-09-23 17:02:47,844 - INFO - Fetched: 卷二百九十·列传第一百七十八·忠义二
2024-09-23 17:02:47,852 - INFO - Fetched: 卷二百八十八·列传第一百七十六·文苑四
2024-09-23 17:02:47,858 - INFO - Fetched: 卷二百八十五·列传第一百七十三·文苑一
2024-09-23 17:02:47,941 - INFO - Fetched: 卷二百九十二·列传第一百八十·忠义四
2024-09-23 17:02:48,041 - INFO - Fetched: 卷二百八十九·列传第一百七十七·忠义一
2024-09-23 17:02:48,094 - INFO - Fetched: 卷二百九十一·列传第一百七十九·忠义三
2024-09-23 17:02:48,102 - INFO - Fetched: 卷二百九十四·列传第一百八十二·忠义六
2024-09-23 17:02:48,143 - INFO - Fetched: 卷二百九十五·列传第一百八十三·忠义七
2024-09-23 17:02:48,168 - INFO - Fetched: 卷二百九十六·列传第一百八十四·孝义
2024-09-23 17:02:48,204 - INFO - Fetched: 卷二百九十三·列传第一百八十一·忠义五
2024-09-23 17:02:48,242 - INFO - Fetched: 卷二百九十九·列传第一百八十七·方伎
2024-09-23 17:02:48,250 - INFO - Fetched: 卷二百九十七·列传第一百八十五·孝义二
2024-09-23 17:02:48,256 - INFO - Fetched: 卷二百九十八·列传第一百八十六·隐逸
2024-09-23 17:02:48,314 - INFO - Fetched: 卷三百·列传第一百八十八·外戚
2024-09-23 17:02:48,441 - INFO - Fetched: 卷三百一·列传第一百八十九·列女一
2024-09-23 17:02:48,471 - INFO - Fetched: 卷三百二·列传第一百九十·列女二
2024-09-23 17:02:48,580 - INFO - Fetched: 卷三百六·列传第一百九十四·阉党
2024-09-23 17:02:48,652 - INFO - Fetched: 卷三百三·列传第一百九十一·列女三
2024-09-23 17:02:48,679 - INFO - Fetched: 卷三百十·列传第一百九十八·土司
2024-09-23 17:02:48,702 - INFO - Fetched: 卷三百四·列传第一百九十二·宦官一
2024-09-23 17:02:48,749 - INFO - Fetched: 卷三百五·列传第一百九十三·宦官二
2024-09-23 17:02:48,813 - INFO - Fetched: 卷三百九·列传第一百九十七·流贼
2024-09-23 17:02:48,876 - INFO - Fetched: 卷三百八·列传第一百九十六·奸臣
2024-09-23 17:02:48,884 - INFO - Fetched: 卷三百七·列传第一百九十五·佞幸
2024-09-23 17:02:48,891 - INFO - Fetched: 卷三百十二·列传第二百·四川土司二
2024-09-23 17:02:48,947 - INFO - Fetched: 卷三百十三·列传第二百一·云南土司
2024-09-23 17:02:49,042 - INFO - Fetched: 卷三百十四·列传第二百二·云南土司二
2024-09-23 17:02:49,051 - INFO - Fetched: 卷三百十一·列传第一百九十九·四川土司
2024-09-23 17:02:49,060 - INFO - Fetched: 卷三百十五·列传第二百三·云南土司三
2024-09-23 17:02:49,116 - INFO - Fetched: 卷三百十七·列传第二百五·广西土司
2024-09-23 17:02:49,251 - INFO - Fetched: 卷三百十六·列传第二百四·贵州土司
2024-09-23 17:02:49,258 - INFO - Fetched: 卷三百十九·列传第二百七·广西土司三
2024-09-23 17:02:49,326 - INFO - Fetched: 卷三百二十二·列传第二百十·外国三
2024-09-23 17:02:49,359 - INFO - Fetched: 卷三百十八·列传第二百六·广西土司二
2024-09-23 17:02:49,444 - INFO - Fetched: 卷三百二十五·列传第二百十三·外国六
2024-09-23 17:02:49,451 - INFO - Fetched: 卷三百二十·列传第二百八·外国一
2024-09-23 17:02:49,461 - INFO - Fetched: 卷三百二十一·列传第二百九·外国二
2024-09-23 17:02:49,480 - INFO - Fetched: 卷三百二十六·列传第二百十四·外国七
2024-09-23 17:02:49,597 - INFO - Fetched: 卷三百二十四·列传第二百十二·外国五
2024-09-23 17:02:49,645 - INFO - Fetched: 卷三百二十七·列传第二百十五·外国八鞑靼
2024-09-23 17:02:49,652 - INFO - Fetched: 卷三百二十三·列传第二百十一·外国四
2024-09-23 17:02:49,660 - INFO - Fetched: 卷三百二十八·列传第二百十六·外国九瓦剌
2024-09-23 17:02:49,698 - INFO - Fetched: 卷三百二十九·列传第二百十七·西域一
2024-09-23 17:02:49,745 - INFO - Fetched: 卷三百三十·列传第二百十八·西域二西番诸卫
2024-09-23 17:02:49,816 - INFO - Fetched: 卷三百三十一·列传第二百十七·西域三
2024-09-23 17:02:49,854 - INFO - Fetched: 附录
2024-09-23 17:02:50,019 - INFO - Fetched: 卷三百三十二·列传第二百二十·西域四
2024-09-23 17:02:50,021 - INFO - Time cost: 15.4s
2024-09-23 17:16:04,737 - INFO - Fetched: 卷七·本纪第七·成祖三
2024-09-23 17:16:04,747 - INFO - Fetched: 卷六·本纪第六·成祖二
2024-09-23 17:16:04,755 - INFO - Fetched: 卷九·本纪第九·宣宗
2024-09-23 17:16:04,762 - INFO - Fetched: 卷八·本纪第八·仁宗
2024-09-23 17:16:04,770 - INFO - Fetched: 卷十·本纪第十·英宗前纪
2024-09-23 17:16:04,893 - INFO - Fetched: 卷三·本纪第三·太祖三
2024-09-23 17:16:04,933 - INFO - Fetched: 卷二·本纪第二·太祖二
2024-09-23 17:16:04,939 - INFO - Fetched: 卷一·本纪第一·太祖一
2024-09-23 17:16:04,985 - INFO - Fetched: 卷五·本纪第五·成祖一
2024-09-23 17:16:05,000 - INFO - Fetched: 卷四·本纪第四·恭闵帝
2024-09-23 17:16:05,095 - INFO - Fetched: 卷十一·本纪第十一·景帝
2024-09-23 17:16:05,106 - INFO - Fetched: 卷十二·本纪第十二·英宗后纪
2024-09-23 17:16:05,133 - INFO - Fetched: 卷十三·本纪第十三·宪宗一
2024-09-23 17:16:05,139 - INFO - Fetched: 卷十四·本纪第十四·宪宗二
2024-09-23 17:16:05,146 - INFO - Fetched: 卷十五·本纪第十五·孝宗
2024-09-23 17:16:05,247 - INFO - Fetched: 卷十六·本纪第十六·武宗
2024-09-23 17:16:05,291 - INFO - Fetched: 卷十七·本纪第十七·世宗一
2024-09-23 17:16:05,311 - INFO - Fetched: 卷十八·本纪第十八·世宗二
2024-09-23 17:16:05,362 - INFO - Fetched: 卷十九·本纪第十九·穆宗
2024-09-23 17:16:05,375 - INFO - Fetched: 卷二十·本纪第二十·神宗一
2024-09-23 17:16:05,457 - INFO - Fetched: 卷二十一·本纪第二十一·神宗二
2024-09-23 17:16:05,466 - INFO - Fetched: 卷二十二·本纪第二十二·熹宗
2024-09-23 17:16:05,504 - INFO - Fetched: 卷二十四·本纪第二十四·庄烈帝二
2024-09-23 17:16:05,508 - INFO - Fetched: 卷二十三·本纪第二十三·庄烈帝一
2024-09-23 17:16:05,537 - INFO - Fetched: 卷二十五·志第一·天文一
2024-09-23 17:16:05,609 - INFO - Fetched: 卷二十六·志第二·天文二
2024-09-23 17:16:05,651 - INFO - Fetched: 卷二十七·志第三·天文三
2024-09-23 17:16:05,748 - INFO - Fetched: 卷二十九·志第五·五行二
2024-09-23 17:16:05,764 - INFO - Fetched: 卷三十·志第六·五行三
2024-09-23 17:16:05,835 - INFO - Fetched: 卷三十一·志第七·历一
2024-09-23 17:16:05,841 - INFO - Fetched: 卷三十二·志第八·历二
2024-09-23 17:16:05,860 - INFO - Fetched: 卷二十八·志第四·五行一
2024-09-23 17:16:05,873 - INFO - Fetched: 卷三十三·志第九·历三
2024-09-23 17:16:05,878 - INFO - Fetched: 卷三十四·志第十·历四
2024-09-23 17:16:05,906 - INFO - Fetched: 卷三十五·志第十一·历五
2024-09-23 17:16:05,971 - INFO - Fetched: 卷三十六·志第十二·历六
2024-09-23 17:16:06,013 - INFO - Fetched: 卷三十七·志第十三·历七
2024-09-23 17:16:06,151 - INFO - Fetched: 卷三十八·志第十四·历八
2024-09-23 17:16:06,156 - INFO - Fetched: 卷三十九·志第十五·历九
2024-09-23 17:16:06,198 - INFO - Fetched: 卷四十·志第十六·地理一
2024-09-23 17:16:06,209 - INFO - Fetched: 卷四十一·志第十七·地理二
2024-09-23 17:16:06,241 - INFO - Fetched: 卷四十二·志第十八·地理三
2024-09-23 17:16:06,252 - INFO - Fetched: 卷四十三·志第十九·地理四
2024-09-23 17:16:06,264 - INFO - Fetched: 卷四十四·志第二十·地理五
2024-09-23 17:16:06,276 - INFO - Fetched: 卷四十五·志第二十一·地理六
2024-09-23 17:16:06,347 - INFO - Fetched: 卷四十六·志第二十二·地理七
2024-09-23 17:16:06,375 - INFO - Fetched: 卷四十七·志第二十三·礼一
2024-09-23 17:16:06,542 - INFO - Fetched: 卷四十八·志第二十四·礼二
2024-09-23 17:16:06,556 - INFO - Fetched: 卷五十·志第二十六·礼四
2024-09-23 17:16:06,571 - INFO - Fetched: 卷五十一·志第二十七·礼五
2024-09-23 17:16:06,657 - INFO - Fetched: 卷五十二·志第二十八·礼六
2024-09-23 17:16:06,705 - INFO - Fetched: 卷五十六·志第三十二·礼十
2024-09-23 17:16:06,713 - INFO - Fetched: 卷四十九·志第二十五·礼三
2024-09-23 17:16:06,742 - INFO - Fetched: 卷五十七·志第三十三·礼十一
2024-09-23 17:16:06,838 - INFO - Fetched: 卷五十三·志第二十九·礼七
2024-09-23 17:16:06,844 - INFO - Fetched: 卷五十四·志第三十·礼八
2024-09-23 17:16:06,947 - INFO - Fetched: 卷五十八·志第三十四·礼十二
2024-09-23 17:16:06,953 - INFO - Fetched: 卷六十·志第三十六·礼十四
2024-09-23 17:16:07,041 - INFO - Fetched: 卷六十一·志第三十七·乐一
2024-09-23 17:16:07,048 - INFO - Fetched: 卷五十五·志第三十一·礼九
2024-09-23 17:16:07,088 - INFO - Fetched: 卷六十二·志第三十八·乐二
2024-09-23 17:16:07,094 - INFO - Fetched: 卷五十九·志第三十五·礼十三
2024-09-23 17:16:07,100 - INFO - Fetched: 卷六十四·志第四十·仪卫
2024-09-23 17:16:07,200 - INFO - Fetched: 卷六十五·志第四十一·舆服一
2024-09-23 17:16:07,208 - INFO - Fetched: 卷六十六·志第四十二·舆服二
2024-09-23 17:16:07,273 - INFO - Fetched: 卷六十三·志第三十九·乐三
2024-09-23 17:16:07,357 - INFO - Fetched: 卷六十八·志第四十四·舆服四
2024-09-23 17:16:07,362 - INFO - Fetched: 卷六十七·志第四十三·舆服三
2024-09-23 17:16:07,443 - INFO - Fetched: 卷七十·志第四十六·选举二
2024-09-23 17:16:07,450 - INFO - Fetched: 卷六十九·志第四十五·选举一
2024-09-23 17:16:07,466 - INFO - Fetched: 卷七十三·志第四十九·职官二
2024-09-23 17:16:07,563 - INFO - Fetched: 卷七十四·志第五十·职官三
2024-09-23 17:16:07,574 - INFO - Fetched: 卷七十五·志第五十一·职官四
2024-09-23 17:16:07,640 - INFO - Fetched: 卷七十一·志第四十七·选举三
2024-09-23 17:16:07,648 - INFO - Fetched: 卷七十二·志第四十八·职官一
2024-09-23 17:16:07,743 - INFO - Fetched: 卷七十八·志第五十四·食货二
2024-09-23 17:16:07,809 - INFO - Fetched: 卷七十九·志第五十五·食货三
2024-09-23 17:16:07,844 - INFO - Fetched: 卷八十·志第五十六·食货四
2024-09-23 17:16:07,857 - INFO - Fetched: 卷八十一·志第五十七·食货五
2024-09-23 17:16:07,863 - INFO - Fetched: 卷七十六·志第五十二·职官五
2024-09-23 17:16:07,943 - INFO - Fetched: 卷七十七·志第五十三·食货一
2024-09-23 17:16:07,950 - INFO - Fetched: 卷八十二·志第五十八·食货六
2024-09-23 17:16:07,956 - INFO - Fetched: 卷八十三·志第五十九·河渠一
2024-09-23 17:16:08,013 - INFO - Fetched: 卷八十四·志第六十·河渠二
2024-09-23 17:16:08,104 - INFO - Fetched: 卷八十六·志第六十二·河渠四
2024-09-23 17:16:08,172 - INFO - Fetched: 卷八十五·志第六十一·河渠三
2024-09-23 17:16:08,217 - INFO - Fetched: 卷八十八·志第六十四·河渠六
2024-09-23 17:16:08,244 - INFO - Fetched: 卷八十九·志第六十五·兵一
2024-09-23 17:16:08,347 - INFO - Fetched: 卷九十二·志第六十八·兵四
2024-09-23 17:16:08,352 - INFO - Fetched: 卷九十一·志第六十七·兵三
2024-09-23 17:16:08,361 - INFO - Fetched: 卷八十七·志第六十三·河渠五
2024-09-23 17:16:08,385 - INFO - Fetched: 卷九十四·志第七十·刑法二
2024-09-23 17:16:08,421 - INFO - Fetched: 卷九十·志第六十六·兵二卫所
2024-09-23 17:16:08,478 - INFO - Fetched: 卷九十五·志第七十一·刑法三
2024-09-23 17:16:08,512 - INFO - Fetched: 卷九十三·志第六十九·刑法一
2024-09-23 17:16:08,563 - INFO - Fetched: 卷九十六·志第七十二·艺文一
2024-09-23 17:16:08,615 - INFO - Fetched: 卷九十七·志第七十三·艺文二
2024-09-23 17:16:08,640 - INFO - Fetched: 卷九十八·志第七十四·艺文三
2024-09-23 17:16:08,744 - INFO - Fetched: 卷一百一·表第二·诸王世表二
2024-09-23 17:16:08,793 - INFO - Fetched: 卷九十九·志第七十五·艺文四
2024-09-23 17:16:08,799 - INFO - Fetched: 卷一百·表第一·诸王世表一
2024-09-23 17:16:08,804 - INFO - Fetched: 卷一百二·表第三·诸王世表三
2024-09-23 17:16:08,810 - INFO - Fetched: 卷一百三·表第四·诸王世表四
2024-09-23 17:16:08,853 - INFO - Fetched: 卷一百四·表第五·诸王世表五
2024-09-23 17:16:08,876 - INFO - Fetched: 卷一百五·表第六·功臣世表一
2024-09-23 17:16:08,916 - INFO - Fetched: 卷一百六·表第七·功臣世表二
2024-09-23 17:16:08,988 - INFO - Fetched: 卷一百七·表第八·功臣世表三
2024-09-23 17:16:08,995 - INFO - Fetched: 卷一百八·表第九·外戚恩泽侯表
2024-09-23 17:16:09,153 - INFO - Fetched: 卷一百九·表第十·宰辅年表一
2024-09-23 17:16:09,172 - INFO - Fetched: 卷一百十·表第十一·宰辅年表二
2024-09-23 17:16:09,180 - INFO - Fetched: 卷一百十二·表第十三·七卿年表二
2024-09-23 17:16:09,214 - INFO - Fetched: 卷一百十四·列传第二·后妃二
2024-09-23 17:16:09,248 - INFO - Fetched: 卷一百十五·列传第三
2024-09-23 17:16:09,365 - INFO - Fetched: 卷一百十七·列传第五·诸王二
2024-09-23 17:16:09,372 - INFO - Fetched: 卷一百十一·表第十二·七卿年表一
2024-09-23 17:16:09,520 - INFO - Fetched: 卷一百十九·列传第七·诸王四
2024-09-23 17:16:09,550 - INFO - Fetched: 卷一百十八·列传第六·诸王三
2024-09-23 17:16:09,556 - INFO - Fetched: 卷一百十三·列传第一·后妃
2024-09-23 17:16:09,582 - INFO - Fetched: 卷一百二十二·列传第十
2024-09-23 17:16:09,648 - INFO - Fetched: 卷一百十六·列传第四·诸王
2024-09-23 17:16:09,751 - INFO - Fetched: 卷一百二十四·列传第十二
2024-09-23 17:16:09,805 - INFO - Fetched: 卷一百二十三·列传第十一
2024-09-23 17:16:09,900 - INFO - Fetched: 卷一百二十·列传第八·诸王五
2024-09-23 17:16:09,906 - INFO - Fetched: 卷一百二十七·列传第十五
2024-09-23 17:16:09,920 - INFO - Fetched: 卷一百二十一·列传第九
2024-09-23 17:16:09,950 - INFO - Fetched: 卷一百二十八·列传第十六
2024-09-23 17:16:09,958 - INFO - Fetched: 卷一百二十五·列传第十三
2024-09-23 17:16:10,074 - INFO - Fetched: 卷一百二十六·列传第十四
2024-09-23 17:16:10,121 - INFO - Fetched: 卷一百三十一·列传第十九
2024-09-23 17:16:10,148 - INFO - Fetched: 卷一百二十九·列传第十七
2024-09-23 17:16:10,175 - INFO - Fetched: 卷一百三十二·列传第二十
2024-09-23 17:16:10,191 - INFO - Fetched: 卷一百三十·列传第十八
2024-09-23 17:16:10,262 - INFO - Fetched: 卷一百三十三·列传第二十一
2024-09-23 17:16:10,268 - INFO - Fetched: 卷一百三十四·列传第二十二
2024-09-23 17:16:10,285 - INFO - Fetched: 卷一百三十五·列传第二十三
2024-09-23 17:16:10,358 - INFO - Fetched: 卷一百三十六·列传第二十四
2024-09-23 17:16:10,453 - INFO - Fetched: 卷一百三十八·列传第二十六
2024-09-23 17:16:10,504 - INFO - Fetched: 卷一百三十九·列传第二十七
2024-09-23 17:16:10,511 - INFO - Fetched: 卷一百四十·列传第二十八
2024-09-23 17:16:10,552 - INFO - Fetched: 卷一百四十一·列传第二十九
2024-09-23 17:16:10,558 - INFO - Fetched: 卷一百三十七·列传第二十五
2024-09-23 17:16:10,566 - INFO - Fetched: 卷一百四十二·列传第三十
2024-09-23 17:16:10,620 - INFO - Fetched: 卷一百四十三·列传第三十一
2024-09-23 17:16:10,651 - INFO - Fetched: 卷一百四十四·列传第三十二
2024-09-23 17:16:10,659 - INFO - Fetched: 卷一百四十五·列传第三十三
2024-09-23 17:16:10,751 - INFO - Fetched: 卷一百四十六·列传第三十四
2024-09-23 17:16:10,820 - INFO - Fetched: 卷一百四十七·列传第三十五
2024-09-23 17:16:10,875 - INFO - Fetched: 卷一百四十八·列传第三十六
2024-09-23 17:16:10,880 - INFO - Fetched: 卷一百四十九·列传第三十七
2024-09-23 17:16:10,918 - INFO - Fetched: 卷一百五十·列传第三十八
2024-09-23 17:16:10,924 - INFO - Fetched: 卷一百五十一·列传第三十九
2024-09-23 17:16:10,954 - INFO - Fetched: 卷一百五十二·列传第四十
2024-09-23 17:16:11,005 - INFO - Fetched: 卷一百五十三·列传第四十一
2024-09-23 17:16:11,025 - INFO - Fetched: 卷一百五十五·列传第四十三
2024-09-23 17:16:11,125 - INFO - Fetched: 卷一百五十六·列传第四十四
2024-09-23 17:16:11,188 - INFO - Fetched: 卷一百五十七·列传第四十五
2024-09-23 17:16:11,201 - INFO - Fetched: 卷一百五十四·列传第四十二
2024-09-23 17:16:11,256 - INFO - Fetched: 卷一百五十八·列传第四十六
2024-09-23 17:16:11,262 - INFO - Fetched: 卷一百五十九·列传第四十七
2024-09-23 17:16:11,280 - INFO - Fetched: 卷一百六十·列传第四十八
2024-09-23 17:16:11,287 - INFO - Fetched: 卷一百六十一·列传第四十九
2024-09-23 17:16:11,383 - INFO - Fetched: 卷一百六十二·列传第五十
2024-09-23 17:16:11,497 - INFO - Fetched: 卷一百六十五·列传第五十三
2024-09-23 17:16:11,555 - INFO - Fetched: 卷一百六十三·列传第五十一
2024-09-23 17:16:11,563 - INFO - Fetched: 卷一百六十七·列传第五十五
2024-09-23 17:16:11,577 - INFO - Fetched: 卷一百六十四·列传第五十二
2024-09-23 17:16:11,627 - INFO - Fetched: 卷一百六十九·列传第五十七
2024-09-23 17:16:11,656 - INFO - Fetched: 卷一百六十八·列传第五十六
2024-09-23 17:16:11,662 - INFO - Fetched: 卷一百七十·列传第五十八
2024-09-23 17:16:11,755 - INFO - Fetched: 卷一百六十六·列传第五十四
2024-09-23 17:16:11,769 - INFO - Fetched: 卷一百七十二·列传第六十
2024-09-23 17:16:11,831 - INFO - Fetched: 卷一百七十一·列传第五十九
2024-09-23 17:16:11,916 - INFO - Fetched: 卷一百七十四·列传第六十二
2024-09-23 17:16:11,925 - INFO - Fetched: 卷一百七十五·列传第六十三
2024-09-23 17:16:11,994 - INFO - Fetched: 卷一百七十七·列传第六十五
2024-09-23 17:16:12,031 - INFO - Fetched: 卷一百七十九·列传第六十七
2024-09-23 17:16:12,066 - INFO - Fetched: 卷一百七十三·列传第六十一
2024-09-23 17:16:12,128 - INFO - Fetched: 卷一百七十六·列传第六十四
2024-09-23 17:16:12,195 - INFO - Fetched: 卷一百八十二·列传第七十
2024-09-23 17:16:12,210 - INFO - Fetched: 卷一百七十八·列传第六十六
2024-09-23 17:16:12,301 - INFO - Fetched: 卷一百八十三·列传第七十一
2024-09-23 17:16:12,307 - INFO - Fetched: 卷一百八十四·列传第七十二
2024-09-23 17:16:12,316 - INFO - Fetched: 卷一百八十·列传第六十八
2024-09-23 17:16:12,359 - INFO - Fetched: 卷一百八十一·列传第六十九
2024-09-23 17:16:12,368 - INFO - Fetched: 卷一百八十五·列传第七十三
2024-09-23 17:16:12,398 - INFO - Fetched: 卷一百八十六·列传第七十四
2024-09-23 17:16:12,501 - INFO - Fetched: 卷一百八十八·列传第七十六
2024-09-23 17:16:12,562 - INFO - Fetched: 卷一百八十九·列传第七十七
2024-09-23 17:16:12,580 - INFO - Fetched: 卷一百九十·列传第七十八
2024-09-23 17:16:12,633 - INFO - Fetched: 卷一百八十七·列传第七十五
2024-09-23 17:16:12,760 - INFO - Fetched: 卷一百九十五·列传第八十三
2024-09-23 17:16:12,767 - INFO - Fetched: 卷一百九十六·列传第八十四
2024-09-23 17:16:12,819 - INFO - Fetched: 卷一百九十一·列传第七十九
2024-09-23 17:16:12,828 - INFO - Fetched: 卷一百九十二·列传第八十
2024-09-23 17:16:12,860 - INFO - Fetched: 卷一百九十三·列传第八十一
2024-09-23 17:16:12,875 - INFO - Fetched: 卷一百九十七·列传第八十五
2024-09-23 17:16:12,962 - INFO - Fetched: 卷一百九十四·列传第八十二
2024-09-23 17:16:12,969 - INFO - Fetched: 卷一百九十九·列传第八十七
2024-09-23 17:16:13,012 - INFO - Fetched: 卷二百·列传第八十八
2024-09-23 17:16:13,088 - INFO - Fetched: 卷一百九十八·列传第八十六
2024-09-23 17:16:13,125 - INFO - Fetched: 卷二百一·列传第八十九
2024-09-23 17:16:13,134 - INFO - Fetched: 卷二百二·列传第九十
2024-09-23 17:16:13,365 - INFO - Fetched: 卷二百七·列传第九十五
2024-09-23 17:16:13,391 - INFO - Fetched: 卷二百三·列传第九十一
2024-09-23 17:16:13,397 - INFO - Fetched: 卷二百四·列传第九十二
2024-09-23 17:16:13,405 - INFO - Fetched: 卷二百九·列传第九十七
2024-09-23 17:16:13,411 - INFO - Fetched: 卷二百五·列传第九十三
2024-09-23 17:16:13,433 - INFO - Fetched: 卷二百六·列传第九十四
2024-09-23 17:16:13,466 - INFO - Fetched: 卷二百十·列传第九十八
2024-09-23 17:16:13,497 - INFO - Fetched: 卷二百十一·列传第九十九
2024-09-23 17:16:13,506 - INFO - Fetched: 卷二百十二·列传第一百
2024-09-23 17:16:13,564 - INFO - Fetched: 卷二百八·列传第九十六
2024-09-23 17:16:13,765 - INFO - Fetched: 卷二百十四·列传第一百二
2024-09-23 17:16:13,803 - INFO - Fetched: 卷二百十八·列传第一百六
2024-09-23 17:16:13,877 - INFO - Fetched: 卷二百二十·列传第一百八
2024-09-23 17:16:13,883 - INFO - Fetched: 卷二百二十一·列传第一百九
2024-09-23 17:16:13,900 - INFO - Fetched: 卷二百十三·列传第一百一
2024-09-23 17:16:13,927 - INFO - Fetched: 卷二百十五·列传第一百三
2024-09-23 17:16:13,969 - INFO - Fetched: 卷二百十六·列传第一百四
2024-09-23 17:16:13,976 - INFO - Fetched: 卷二百十七·列传第一百五
2024-09-23 17:16:14,008 - INFO - Fetched: 卷二百十九·列传第一百七
2024-09-23 17:16:14,125 - INFO - Fetched: 卷二百二十二·列传第一百十
2024-09-23 17:16:14,180 - INFO - Fetched: 卷二百二十四·列传第一百十二
2024-09-23 17:16:14,237 - INFO - Fetched: 卷二百二十五·列传第一百十三
2024-09-23 17:16:14,265 - INFO - Fetched: 卷二百二十六·列传第一百十四
2024-09-23 17:16:14,282 - INFO - Fetched: 卷二百二十七·列传第一百十五
2024-09-23 17:16:14,288 - INFO - Fetched: 卷二百二十八·列传第一百十六
2024-09-23 17:16:14,296 - INFO - Fetched: 卷二百二十三·列传第一百十一
2024-09-23 17:16:14,334 - INFO - Fetched: 卷二百二十九·列传第一百十七
2024-09-23 17:16:14,365 - INFO - Fetched: 卷二百三十·列传第一百十八
2024-09-23 17:16:14,372 - INFO - Fetched: 卷二百三十一·列传第一百十九
2024-09-23 17:16:14,500 - INFO - Fetched: 卷二百三十二·列传第一百二十
2024-09-23 17:16:14,580 - INFO - Fetched: 卷二百三十三·列传第一百二十一
2024-09-23 17:16:14,609 - INFO - Fetched: 卷二百三十四·列传第一百二十二
2024-09-23 17:16:14,667 - INFO - Fetched: 卷二百三十六·列传第一百二十四
2024-09-23 17:16:14,673 - INFO - Fetched: 卷二百三十八·列传一百二十六
2024-09-23 17:16:14,680 - INFO - Fetched: 卷二百三十七·列传第一百二十五
2024-09-23 17:16:14,712 - INFO - Fetched: 卷二百三十九·列传第一百二十七
2024-09-23 17:16:14,733 - INFO - Fetched: 卷二百四十一·列传第一百二十九
2024-09-23 17:16:14,813 - INFO - Fetched: 卷二百三十五·列传第一百二十三
2024-09-23 17:16:14,877 - INFO - Fetched: 卷二百四十二·列传第一百三十
2024-09-23 17:16:14,908 - INFO - Fetched: 卷二百四十·列传第一百二十八
2024-09-23 17:16:14,971 - INFO - Fetched: 卷二百四十三·列传第一百三十一
2024-09-23 17:16:15,080 - INFO - Fetched: 卷二百四十八·列传第一百三十六
2024-09-23 17:16:15,092 - INFO - Fetched: 卷二百四十九·列传第一百三十七
2024-09-23 17:16:15,140 - INFO - Fetched: 卷二百四十四·列传第一百三十二
2024-09-23 17:16:15,176 - INFO - Fetched: 卷二百五十·列传第一百三十八
2024-09-23 17:16:15,193 - INFO - Fetched: 卷二百四十六·列传第一百三十四
2024-09-23 17:16:15,201 - INFO - Fetched: 卷二百四十七·列传第一百三十五
2024-09-23 17:16:15,217 - INFO - Fetched: 卷二百四十五·列传第一百三十三
2024-09-23 17:16:15,278 - INFO - Fetched: 卷二百五十一·列传第一百三十九
2024-09-23 17:16:15,293 - INFO - Fetched: 卷二百五十二·列传第一百四十
2024-09-23 17:16:15,340 - INFO - Fetched: 卷二百五十三·列传第一百四十一
2024-09-23 17:16:15,472 - INFO - Fetched: 卷二百五十四·列传第一百四十二
2024-09-23 17:16:15,501 - INFO - Fetched: 卷二百五十六·列传第一百四十四
2024-09-23 17:16:15,573 - INFO - Fetched: 卷二百五十七·列传第一百四十五
2024-09-23 17:16:15,583 - INFO - Fetched: 卷二百五十八·列传第一百四十六
2024-09-23 17:16:15,650 - INFO - Fetched: 卷二百五十五·列传第一百四十三
2024-09-23 17:16:15,672 - INFO - Fetched: 卷二百六十一·列传一百四十九
2024-09-23 17:16:15,713 - INFO - Fetched: 卷二百六十三·列传第一百五十一
2024-09-23 17:16:15,773 - INFO - Fetched: 卷二百五十九·列传第一百四十七
2024-09-23 17:16:15,782 - INFO - Fetched: 卷二百六十·列传第一百四十八
2024-09-23 17:16:15,839 - INFO - Fetched: 卷二百六十四·列传第一百五十二
2024-09-23 17:16:15,870 - INFO - Fetched: 卷二百六十二·列传第一百五十
2024-09-23 17:16:15,886 - INFO - Fetched: 卷二百六十五·列传第一百五十三
2024-09-23 17:16:15,935 - INFO - Fetched: 卷二百六十六·列传第一百五十四
2024-09-23 17:16:15,945 - INFO - Fetched: 卷二百六十七·列传第一百五十五
2024-09-23 17:16:16,006 - INFO - Fetched: 卷二百六十八·列传第一百五十六
2024-09-23 17:16:16,083 - INFO - Fetched: 卷二百七十·列传第一百五十八
2024-09-23 17:16:16,132 - INFO - Fetched: 卷二百七十一·列传第一百五十九
2024-09-23 17:16:16,172 - INFO - Fetched: 卷二百七十二·列传第一百六十
2024-09-23 17:16:16,208 - INFO - Fetched: 卷二百七十三·列传第一百六十一
2024-09-23 17:16:16,239 - INFO - Fetched: 卷二百六十九·列传第一百五十七
2024-09-23 17:16:16,276 - INFO - Fetched: 卷二百七十五·列传第一百六十三
2024-09-23 17:16:16,306 - INFO - Fetched: 卷二百七十六·列传第一百六十四
2024-09-23 17:16:16,314 - INFO - Fetched: 卷二百七十七·列传第一百六十五
2024-09-23 17:16:16,384 - INFO - Fetched: 卷二百七十八·列传第一百六十六
2024-09-23 17:16:16,446 - INFO - Fetched: 卷二百七十四·列传第一百六十二
2024-09-23 17:16:16,473 - INFO - Fetched: 卷二百七十九·列传第一百六十七
2024-09-23 17:16:16,490 - INFO - Fetched: 卷二百八十·列传第一百六十八
2024-09-23 17:16:16,584 - INFO - Fetched: 卷二百八十二·列传第一百七十·儒林一
2024-09-23 17:16:16,637 - INFO - Fetched: 卷二百八十四·列传第一百七十二·儒林三
2024-09-23 17:16:16,676 - INFO - Fetched: 卷二百八十六·列传第一百七十四·文苑二
2024-09-23 17:16:16,727 - INFO - Fetched: 卷二百八十一·列传第一百六十九·循吏
2024-09-23 17:16:16,802 - INFO - Fetched: 卷二百八十三·列传第一百七十一·儒林二
2024-09-23 17:16:16,819 - INFO - Fetched: 卷二百八十八·列传第一百七十六·文苑四
2024-09-23 17:16:16,844 - INFO - Fetched: 卷二百八十九·列传第一百七十七·忠义一
2024-09-23 17:16:16,850 - INFO - Fetched: 卷二百九十·列传第一百七十八·忠义二
2024-09-23 17:16:16,883 - INFO - Fetched: 卷二百八十五·列传第一百七十三·文苑一
2024-09-23 17:16:16,931 - INFO - Fetched: 卷二百八十七·列传第一百七十五·文苑三
2024-09-23 17:16:16,975 - INFO - Fetched: 卷二百九十一·列传第一百七十九·忠义三
2024-09-23 17:16:17,007 - INFO - Fetched: 卷二百九十二·列传第一百八十·忠义四
2024-09-23 17:16:17,055 - INFO - Fetched: 卷二百九十三·列传第一百八十一·忠义五
2024-09-23 17:16:17,195 - INFO - Fetched: 卷二百九十六·列传第一百八十四·孝义
2024-09-23 17:16:17,211 - INFO - Fetched: 卷二百九十七·列传第一百八十五·孝义二
2024-09-23 17:16:17,248 - INFO - Fetched: 卷二百九十九·列传第一百八十七·方伎
2024-09-23 17:16:17,281 - INFO - Fetched: 卷二百九十四·列传第一百八十二·忠义六
2024-09-23 17:16:17,382 - INFO - Fetched: 卷二百九十五·列传第一百八十三·忠义七
2024-09-23 17:16:17,388 - INFO - Fetched: 卷三百二·列传第一百九十·列女二
2024-09-23 17:16:17,395 - INFO - Fetched: 卷二百九十八·列传第一百八十六·隐逸
2024-09-23 17:16:17,418 - INFO - Fetched: 卷三百三·列传第一百九十一·列女三
2024-09-23 17:16:17,679 - INFO - Fetched: 卷三百·列传第一百八十八·外戚
2024-09-23 17:16:17,708 - INFO - Fetched: 卷三百一·列传第一百八十九·列女一
2024-09-23 17:16:17,759 - INFO - Fetched: 卷三百五·列传第一百九十三·宦官二
2024-09-23 17:16:17,779 - INFO - Fetched: 卷三百十·列传第一百九十八·土司
2024-09-23 17:16:17,785 - INFO - Fetched: 卷三百四·列传第一百九十二·宦官一
2024-09-23 17:16:17,793 - INFO - Fetched: 卷三百十一·列传第一百九十九·四川土司
2024-09-23 17:16:17,801 - INFO - Fetched: 卷三百六·列传第一百九十四·阉党
2024-09-23 17:16:17,849 - INFO - Fetched: 卷三百七·列传第一百九十五·佞幸
2024-09-23 17:16:17,949 - INFO - Fetched: 卷三百八·列传第一百九十六·奸臣
2024-09-23 17:16:17,991 - INFO - Fetched: 卷三百九·列传第一百九十七·流贼
2024-09-23 17:16:18,221 - INFO - Fetched: 卷三百十二·列传第二百·四川土司二
2024-09-23 17:16:18,288 - INFO - Fetched: 卷三百十三·列传第二百一·云南土司
2024-09-23 17:16:18,311 - INFO - Fetched: 卷三百十六·列传第二百四·贵州土司
2024-09-23 17:16:18,317 - INFO - Fetched: 卷三百十四·列传第二百二·云南土司二
2024-09-23 17:16:18,324 - INFO - Fetched: 卷三百十五·列传第二百三·云南土司三
2024-09-23 17:16:18,336 - INFO - Fetched: 卷三百十七·列传第二百五·广西土司
2024-09-23 17:16:18,380 - INFO - Fetched: 卷三百二十一·列传第二百九·外国二
2024-09-23 17:16:18,503 - INFO - Fetched: 卷三百二十·列传第二百八·外国一
2024-09-23 17:16:18,531 - INFO - Fetched: 卷三百十八·列传第二百六·广西土司二
2024-09-23 17:16:18,602 - INFO - Fetched: 卷三百十九·列传第二百七·广西土司三
2024-09-23 17:16:18,608 - INFO - Fetched: 卷三百二十二·列传第二百十·外国三
2024-09-23 17:16:18,684 - INFO - Fetched: 卷三百二十四·列传第二百十二·外国五
2024-09-23 17:16:18,699 - INFO - Fetched: 卷三百二十六·列传第二百十四·外国七
2024-09-23 17:16:18,780 - INFO - Fetched: 卷三百二十八·列传第二百十六·外国九瓦剌
2024-09-23 17:16:18,837 - INFO - Fetched: 卷三百二十三·列传第二百十一·外国四
2024-09-23 17:16:18,885 - INFO - Fetched: 卷三百二十九·列传第二百十七·西域一
2024-09-23 17:16:18,893 - INFO - Fetched: 卷三百二十五·列传第二百十三·外国六
2024-09-23 17:16:18,902 - INFO - Fetched: 卷三百二十七·列传第二百十五·外国八鞑靼
2024-09-23 17:16:18,994 - INFO - Fetched: 卷三百三十一·列传第二百十七·西域三
2024-09-23 17:16:19,053 - INFO - Fetched: 附录
2024-09-23 17:16:19,086 - INFO - Fetched: 卷三百三十·列传第二百十八·西域二西番诸卫
2024-09-23 17:16:19,196 - INFO - Fetched: 卷三百三十二·列传第二百二十·西域四
2024-09-23 17:16:19,199 - INFO - Time cost: 15.25s
2024-09-23 17:16:32,082 - INFO - Fetched: 卷八·本纪第八·仁宗
2024-09-23 17:16:32,089 - INFO - Fetched: 卷十·本纪第十·英宗前纪
2024-09-23 17:16:32,137 - INFO - Fetched: 卷九·本纪第九·宣宗
2024-09-23 17:16:32,161 - INFO - Fetched: 卷六·本纪第六·成祖二
2024-09-23 17:16:32,379 - INFO - Fetched: 卷四·本纪第四·恭闵帝
2024-09-23 17:16:32,386 - INFO - Fetched: 卷五·本纪第五·成祖一
2024-09-23 17:16:32,394 - INFO - Fetched: 卷七·本纪第七·成祖三
2024-09-23 17:16:32,442 - INFO - Fetched: 卷十一·本纪第十一·景帝
2024-09-23 17:16:32,445 - INFO - Fetched: 卷十二·本纪第十二·英宗后纪
2024-09-23 17:16:32,528 - INFO - Fetched: 卷三·本纪第三·太祖三
2024-09-23 17:16:32,535 - INFO - Fetched: 卷十三·本纪第十三·宪宗一
2024-09-23 17:16:32,545 - INFO - Fetched: 卷十四·本纪第十四·宪宗二
2024-09-23 17:16:32,563 - INFO - Fetched: 卷二·本纪第二·太祖二
2024-09-23 17:16:32,572 - INFO - Fetched: 卷一·本纪第一·太祖一
2024-09-23 17:16:32,779 - INFO - Fetched: 卷十六·本纪第十六·武宗
2024-09-23 17:16:32,785 - INFO - Fetched: 卷十五·本纪第十五·孝宗
2024-09-23 17:16:32,792 - INFO - Fetched: 卷十七·本纪第十七·世宗一
2024-09-23 17:16:32,807 - INFO - Fetched: 卷十八·本纪第十八·世宗二
2024-09-23 17:16:32,848 - INFO - Fetched: 卷十九·本纪第十九·穆宗
2024-09-23 17:16:32,898 - INFO - Fetched: 卷二十一·本纪第二十一·神宗二
2024-09-23 17:16:32,903 - INFO - Fetched: 卷二十·本纪第二十·神宗一
2024-09-23 17:16:32,930 - INFO - Fetched: 卷二十二·本纪第二十二·熹宗
2024-09-23 17:16:32,941 - INFO - Fetched: 卷二十三·本纪第二十三·庄烈帝一
2024-09-23 17:16:32,952 - INFO - Fetched: 卷二十四·本纪第二十四·庄烈帝二
2024-09-23 17:16:33,152 - INFO - Fetched: 卷二十六·志第二·天文二
2024-09-23 17:16:33,159 - INFO - Fetched: 卷二十五·志第一·天文一
2024-09-23 17:16:33,168 - INFO - Fetched: 卷二十七·志第三·天文三
2024-09-23 17:16:33,176 - INFO - Fetched: 卷二十八·志第四·五行一
2024-09-23 17:16:33,339 - INFO - Fetched: 卷三十三·志第九·历三
2024-09-23 17:16:33,345 - INFO - Fetched: 卷三十二·志第八·历二
2024-09-23 17:16:33,350 - INFO - Fetched: 卷三十四·志第十·历四
2024-09-23 17:16:33,400 - INFO - Fetched: 卷二十九·志第五·五行二
2024-09-23 17:16:33,447 - INFO - Fetched: 卷三十·志第六·五行三
2024-09-23 17:16:33,466 - INFO - Fetched: 卷三十一·志第七·历一
2024-09-23 17:16:33,537 - INFO - Fetched: 卷三十六·志第十二·历六
2024-09-23 17:16:33,547 - INFO - Fetched: 卷三十五·志第十一·历五
2024-09-23 17:16:33,552 - INFO - Fetched: 卷三十八·志第十四·历八
2024-09-23 17:16:33,560 - INFO - Fetched: 卷三十七·志第十三·历七
2024-09-23 17:16:33,739 - INFO - Fetched: 卷四十一·志第十七·地理二
2024-09-23 17:16:33,744 - INFO - Fetched: 卷三十九·志第十五·历九
2024-09-23 17:16:33,756 - INFO - Fetched: 卷四十·志第十六·地理一
2024-09-23 17:16:33,768 - INFO - Fetched: 卷四十二·志第十八·地理三
2024-09-23 17:16:33,838 - INFO - Fetched: 卷四十三·志第十九·地理四
2024-09-23 17:16:33,851 - INFO - Fetched: 卷四十四·志第二十·地理五
2024-09-23 17:16:33,903 - INFO - Fetched: 卷四十五·志第二十一·地理六
2024-09-23 17:16:33,934 - INFO - Fetched: 卷四十七·志第二十三·礼一
2024-09-23 17:16:33,948 - INFO - Fetched: 卷四十六·志第二十二·地理七
2024-09-23 17:16:33,954 - INFO - Fetched: 卷四十八·志第二十四·礼二
2024-09-23 17:16:34,134 - INFO - Fetched: 卷四十九·志第二十五·礼三
2024-09-23 17:16:34,142 - INFO - Fetched: 卷五十二·志第二十八·礼六
2024-09-23 17:16:34,148 - INFO - Fetched: 卷五十一·志第二十七·礼五
2024-09-23 17:16:34,157 - INFO - Fetched: 卷五十·志第二十六·礼四
2024-09-23 17:16:34,335 - INFO - Fetched: 卷五十八·志第三十四·礼十二
2024-09-23 17:16:34,341 - INFO - Fetched: 卷五十七·志第三十三·礼十一
2024-09-23 17:16:34,386 - INFO - Fetched: 卷五十三·志第二十九·礼七
2024-09-23 17:16:34,436 - INFO - Fetched: 卷五十四·志第三十·礼八
2024-09-23 17:16:34,459 - INFO - Fetched: 卷五十五·志第三十一·礼九
2024-09-23 17:16:34,477 - INFO - Fetched: 卷五十六·志第三十二·礼十
2024-09-23 17:16:34,535 - INFO - Fetched: 卷五十九·志第三十五·礼十三
2024-09-23 17:16:34,541 - INFO - Fetched: 卷六十一·志第三十七·乐一
2024-09-23 17:16:34,691 - INFO - Fetched: 卷六十·志第三十六·礼十四
2024-09-23 17:16:34,721 - INFO - Fetched: 卷六十三·志第三十九·乐三
2024-09-23 17:16:34,727 - INFO - Fetched: 卷六十四·志第四十·仪卫
2024-09-23 17:16:34,745 - INFO - Fetched: 卷六十二·志第三十八·乐二
2024-09-23 17:16:34,752 - INFO - Fetched: 卷六十五·志第四十一·舆服一
2024-09-23 17:16:34,810 - INFO - Fetched: 卷六十六·志第四十二·舆服二
2024-09-23 17:16:34,843 - INFO - Fetched: 卷六十八·志第四十四·舆服四
2024-09-23 17:16:34,939 - INFO - Fetched: 卷七十·志第四十六·选举二
2024-09-23 17:16:34,945 - INFO - Fetched: 卷六十九·志第四十五·选举一
2024-09-23 17:16:35,004 - INFO - Fetched: 卷六十七·志第四十三·舆服三
2024-09-23 17:16:35,101 - INFO - Fetched: 卷七十三·志第四十九·职官二
2024-09-23 17:16:35,138 - INFO - Fetched: 卷七十五·志第五十一·职官四
2024-09-23 17:16:35,187 - INFO - Fetched: 卷七十六·志第五十二·职官五
2024-09-23 17:16:35,199 - INFO - Fetched: 卷七十七·志第五十三·食货一
2024-09-23 17:16:35,253 - INFO - Fetched: 卷七十一·志第四十七·选举三
2024-09-23 17:16:35,275 - INFO - Fetched: 卷七十二·志第四十八·职官一
2024-09-23 17:16:35,339 - INFO - Fetched: 卷七十四·志第五十·职官三
2024-09-23 17:16:35,346 - INFO - Fetched: 卷七十九·志第五十五·食货三
2024-09-23 17:16:35,373 - INFO - Fetched: 卷八十·志第五十六·食货四
2024-09-23 17:16:35,473 - INFO - Fetched: 卷八十一·志第五十七·食货五
2024-09-23 17:16:35,508 - INFO - Fetched: 卷八十二·志第五十八·食货六
2024-09-23 17:16:35,539 - INFO - Fetched: 卷七十八·志第五十四·食货二
2024-09-23 17:16:35,561 - INFO - Fetched: 卷八十四·志第六十·河渠二
2024-09-23 17:16:35,568 - INFO - Fetched: 卷八十三·志第五十九·河渠一
2024-09-23 17:16:35,642 - INFO - Fetched: 卷八十六·志第六十二·河渠四
2024-09-23 17:16:35,754 - INFO - Fetched: 卷八十七·志第六十三·河渠五
2024-09-23 17:16:35,760 - INFO - Fetched: 卷八十九·志第六十五·兵一
2024-09-23 17:16:35,797 - INFO - Fetched: 卷八十五·志第六十一·河渠三
2024-09-23 17:16:35,850 - INFO - Fetched: 卷九十·志第六十六·兵二卫所
2024-09-23 17:16:35,871 - INFO - Fetched: 卷九十一·志第六十七·兵三
2024-09-23 17:16:35,906 - INFO - Fetched: 卷八十八·志第六十四·河渠六
2024-09-23 17:16:35,942 - INFO - Fetched: 卷九十三·志第六十九·刑法一
2024-09-23 17:16:35,950 - INFO - Fetched: 卷九十二·志第六十八·兵四
2024-09-23 17:16:35,956 - INFO - Fetched: 卷九十四·志第七十·刑法二
2024-09-23 17:16:36,017 - INFO - Fetched: 卷九十五·志第七十一·刑法三
2024-09-23 17:16:36,161 - INFO - Fetched: 卷九十六·志第七十二·艺文一
2024-09-23 17:16:36,193 - INFO - Fetched: 卷九十七·志第七十三·艺文二
2024-09-23 17:16:36,282 - INFO - Fetched: 卷九十九·志第七十五·艺文四
2024-09-23 17:16:36,286 - INFO - Fetched: 卷一百·表第一·诸王世表一
2024-09-23 17:16:36,291 - INFO - Fetched: 卷一百一·表第二·诸王世表二
2024-09-23 17:16:36,299 - INFO - Fetched: 卷一百二·表第三·诸王世表三
2024-09-23 17:16:36,340 - INFO - Fetched: 卷一百四·表第五·诸王世表五
2024-09-23 17:16:36,345 - INFO - Fetched: 卷一百三·表第四·诸王世表四
2024-09-23 17:16:36,369 - INFO - Fetched: 卷九十八·志第七十四·艺文三
2024-09-23 17:16:36,387 - INFO - Fetched: 卷一百五·表第六·功臣世表一
2024-09-23 17:16:36,542 - INFO - Fetched: 卷一百六·表第七·功臣世表二
2024-09-23 17:16:36,578 - INFO - Fetched: 卷一百七·表第八·功臣世表三
2024-09-23 17:16:36,644 - INFO - Fetched: 卷一百八·表第九·外戚恩泽侯表
2024-09-23 17:16:36,650 - INFO - Fetched: 卷一百九·表第十·宰辅年表一
2024-09-23 17:16:36,656 - INFO - Fetched: 卷一百十一·表第十二·七卿年表一
2024-09-23 17:16:36,665 - INFO - Fetched: 卷一百十·表第十一·宰辅年表二
2024-09-23 17:16:36,745 - INFO - Fetched: 卷一百十三·列传第一·后妃
2024-09-23 17:16:36,750 - INFO - Fetched: 卷一百十二·表第十三·七卿年表二
2024-09-23 17:16:36,757 - INFO - Fetched: 卷一百十四·列传第二·后妃二
2024-09-23 17:16:36,763 - INFO - Fetched: 卷一百十五·列传第三
2024-09-23 17:16:36,982 - INFO - Fetched: 卷一百十七·列传第五·诸王二
2024-09-23 17:16:37,032 - INFO - Fetched: 卷一百十九·列传第七·诸王四
2024-09-23 17:16:37,046 - INFO - Fetched: 卷一百二十一·列传第九
2024-09-23 17:16:37,088 - INFO - Fetched: 卷一百十六·列传第四·诸王
2024-09-23 17:16:37,155 - INFO - Fetched: 卷一百二十二·列传第十
2024-09-23 17:16:37,173 - INFO - Fetched: 卷一百十八·列传第六·诸王三
2024-09-23 17:16:37,197 - INFO - Fetched: 卷一百二十·列传第八·诸王五
2024-09-23 17:16:37,298 - INFO - Fetched: 卷一百二十四·列传第十二
2024-09-23 17:16:37,310 - INFO - Fetched: 卷一百二十三·列传第十一
2024-09-23 17:16:37,325 - INFO - Fetched: 卷一百二十五·列传第十三
2024-09-23 17:16:37,404 - INFO - Fetched: 卷一百二十七·列传第十五
2024-09-23 17:16:37,452 - INFO - Fetched: 卷一百二十八·列传第十六
2024-09-23 17:16:37,460 - INFO - Fetched: 卷一百二十九·列传第十七
2024-09-23 17:16:37,546 - INFO - Fetched: 卷一百三十一·列传第十九
2024-09-23 17:16:37,555 - INFO - Fetched: 卷一百三十二·列传第二十
2024-09-23 17:16:37,561 - INFO - Fetched: 卷一百二十六·列传第十四
2024-09-23 17:16:37,661 - INFO - Fetched: 卷一百三十三·列传第二十一
2024-09-23 17:16:37,687 - INFO - Fetched: 卷一百三十四·列传第二十二
2024-09-23 17:16:37,694 - INFO - Fetched: 卷一百三十五·列传第二十三
2024-09-23 17:16:37,751 - INFO - Fetched: 卷一百三十·列传第十八
2024-09-23 17:16:37,773 - INFO - Fetched: 卷一百三十六·列传第二十四
2024-09-23 17:16:37,852 - INFO - Fetched: 卷一百三十八·列传第二十六
2024-09-23 17:16:37,858 - INFO - Fetched: 卷一百三十七·列传第二十五
2024-09-23 17:16:37,922 - INFO - Fetched: 卷一百四十一·列传第二十九
2024-09-23 17:16:37,951 - INFO - Fetched: 卷一百四十·列传第二十八
2024-09-23 17:16:38,020 - INFO - Fetched: 卷一百四十二·列传第三十
2024-09-23 17:16:38,059 - INFO - Fetched: 卷一百四十四·列传第三十二
2024-09-23 17:16:38,067 - INFO - Fetched: 卷一百四十三·列传第三十一
2024-09-23 17:16:38,094 - INFO - Fetched: 卷一百三十九·列传第二十七
2024-09-23 17:16:38,148 - INFO - Fetched: 卷一百四十五·列传第三十三
2024-09-23 17:16:38,155 - INFO - Fetched: 卷一百四十六·列传第三十四
2024-09-23 17:16:38,232 - INFO - Fetched: 卷一百四十八·列传第三十六
2024-09-23 17:16:38,254 - INFO - Fetched: 卷一百四十七·列传第三十五
2024-09-23 17:16:38,280 - INFO - Fetched: 卷一百四十九·列传第三十七
2024-09-23 17:16:38,349 - INFO - Fetched: 卷一百五十·列传第三十八
2024-09-23 17:16:38,379 - INFO - Fetched: 卷一百五十一·列传第三十九
2024-09-23 17:16:38,424 - INFO - Fetched: 卷一百五十二·列传第四十
2024-09-23 17:16:38,451 - INFO - Fetched: 卷一百五十三·列传第四十一
2024-09-23 17:16:38,474 - INFO - Fetched: 卷一百五十四·列传第四十二
2024-09-23 17:16:38,525 - INFO - Fetched: 卷一百五十六·列传第四十四
2024-09-23 17:16:38,599 - INFO - Fetched: 卷一百五十七·列传第四十五
2024-09-23 17:16:38,652 - INFO - Fetched: 卷一百五十八·列传第四十六
2024-09-23 17:16:38,660 - INFO - Fetched: 卷一百五十九·列传第四十七
2024-09-23 17:16:38,716 - INFO - Fetched: 卷一百五十五·列传第四十三
2024-09-23 17:16:38,754 - INFO - Fetched: 卷一百六十·列传第四十八
2024-09-23 17:16:38,792 - INFO - Fetched: 卷一百六十二·列传第五十
2024-09-23 17:16:38,863 - INFO - Fetched: 卷一百六十三·列传第五十一
2024-09-23 17:16:38,893 - INFO - Fetched: 卷一百六十五·列传第五十三
2024-09-23 17:16:38,921 - INFO - Fetched: 卷一百六十一·列传第四十九
2024-09-23 17:16:38,964 - INFO - Fetched: 卷一百六十六·列传第五十四
2024-09-23 17:16:39,017 - INFO - Fetched: 卷一百六十八·列传第五十六
2024-09-23 17:16:39,029 - INFO - Fetched: 卷一百六十四·列传第五十二
2024-09-23 17:16:39,050 - INFO - Fetched: 卷一百六十七·列传第五十五
2024-09-23 17:16:39,102 - INFO - Fetched: 卷一百六十九·列传第五十七
2024-09-23 17:16:39,152 - INFO - Fetched: 卷一百七十·列传第五十八
2024-09-23 17:16:39,177 - INFO - Fetched: 卷一百七十一·列传第五十九
2024-09-23 17:16:39,267 - INFO - Fetched: 卷一百七十三·列传第六十一
2024-09-23 17:16:39,283 - INFO - Fetched: 卷一百七十四·列传第六十二
2024-09-23 17:16:39,354 - INFO - Fetched: 卷一百七十五·列传第六十三
2024-09-23 17:16:39,457 - INFO - Fetched: 卷一百七十二·列传第六十
2024-09-23 17:16:39,490 - INFO - Fetched: 卷一百七十九·列传第六十七
2024-09-23 17:16:39,555 - INFO - Fetched: 卷一百八十一·列传第六十九
2024-09-23 17:16:39,564 - INFO - Fetched: 卷一百八十·列传第六十八
2024-09-23 17:16:39,573 - INFO - Fetched: 卷一百七十六·列传第六十四
2024-09-23 17:16:39,585 - INFO - Fetched: 卷一百七十七·列传第六十五
2024-09-23 17:16:39,655 - INFO - Fetched: 卷一百七十八·列传第六十六
2024-09-23 17:16:39,662 - INFO - Fetched: 卷一百八十二·列传第七十
2024-09-23 17:16:39,718 - INFO - Fetched: 卷一百八十四·列传第七十二
2024-09-23 17:16:39,828 - INFO - Fetched: 卷一百八十三·列传第七十一
2024-09-23 17:16:39,866 - INFO - Fetched: 卷一百八十五·列传第七十三
2024-09-23 17:16:39,883 - INFO - Fetched: 卷一百八十六·列传第七十四
2024-09-23 17:16:39,956 - INFO - Fetched: 卷一百八十九·列传第七十七
2024-09-23 17:16:39,963 - INFO - Fetched: 卷一百九十·列传第七十八
2024-09-23 17:16:39,973 - INFO - Fetched: 卷一百八十七·列传第七十五
2024-09-23 17:16:40,059 - INFO - Fetched: 卷一百九十二·列传第八十
2024-09-23 17:16:40,081 - INFO - Fetched: 卷一百九十三·列传第八十一
2024-09-23 17:16:40,128 - INFO - Fetched: 卷一百八十八·列传第七十六
2024-09-23 17:16:40,205 - INFO - Fetched: 卷一百九十四·列传第八十二
2024-09-23 17:16:40,261 - INFO - Fetched: 卷一百九十一·列传第七十九
2024-09-23 17:16:40,266 - INFO - Fetched: 卷一百九十五·列传第八十三
2024-09-23 17:16:40,282 - INFO - Fetched: 卷一百九十六·列传第八十四
2024-09-23 17:16:40,328 - INFO - Fetched: 卷一百九十七·列传第八十五
2024-09-23 17:16:40,360 - INFO - Fetched: 卷一百九十九·列传第八十七
2024-09-23 17:16:40,472 - INFO - Fetched: 卷二百一·列传第八十九
2024-09-23 17:16:40,493 - INFO - Fetched: 卷一百九十八·列传第八十六
2024-09-23 17:16:40,502 - INFO - Fetched: 卷二百二·列传第九十
2024-09-23 17:16:40,658 - INFO - Fetched: 卷二百·列传第八十八
2024-09-23 17:16:40,672 - INFO - Fetched: 卷二百六·列传第九十四
2024-09-23 17:16:40,704 - INFO - Fetched: 卷二百七·列传第九十五
2024-09-23 17:16:40,759 - INFO - Fetched: 卷二百三·列传第九十一
2024-09-23 17:16:40,860 - INFO - Fetched: 卷二百四·列传第九十二
2024-09-23 17:16:40,866 - INFO - Fetched: 卷二百五·列传第九十三
2024-09-23 17:16:40,874 - INFO - Fetched: 卷二百十·列传第九十八
2024-09-23 17:16:40,882 - INFO - Fetched: 卷二百十一·列传第九十九
2024-09-23 17:16:40,932 - INFO - Fetched: 卷二百八·列传第九十六
2024-09-23 17:16:41,033 - INFO - Fetched: 卷二百十二·列传第一百
2024-09-23 17:16:41,040 - INFO - Fetched: 卷二百九·列传第九十七
2024-09-23 17:16:41,062 - INFO - Fetched: 卷二百十三·列传第一百一
2024-09-23 17:16:41,067 - INFO - Fetched: 卷二百十四·列传第一百二
2024-09-23 17:16:41,124 - INFO - Fetched: 卷二百十五·列传第一百三
2024-09-23 17:16:41,260 - INFO - Fetched: 卷二百十八·列传第一百六
2024-09-23 17:16:41,267 - INFO - Fetched: 卷二百十九·列传第一百七
2024-09-23 17:16:41,275 - INFO - Fetched: 卷二百十六·列传第一百四
2024-09-23 17:16:41,281 - INFO - Fetched: 卷二百十七·列传第一百五
2024-09-23 17:16:41,322 - INFO - Fetched: 卷二百二十·列传第一百八
2024-09-23 17:16:41,414 - INFO - Fetched: 卷二百二十二·列传第一百十
2024-09-23 17:16:41,461 - INFO - Fetched: 卷二百二十四·列传第一百十二
2024-09-23 17:16:41,470 - INFO - Fetched: 卷二百二十三·列传第一百十一
2024-09-23 17:16:41,486 - INFO - Fetched: 卷二百二十五·列传第一百十三
2024-09-23 17:16:41,592 - INFO - Fetched: 卷二百二十一·列传第一百九
2024-09-23 17:16:41,626 - INFO - Fetched: 卷二百二十六·列传第一百十四
2024-09-23 17:16:41,661 - INFO - Fetched: 卷二百二十七·列传第一百十五
2024-09-23 17:16:41,668 - INFO - Fetched: 卷二百二十八·列传第一百十六
2024-09-23 17:16:41,719 - INFO - Fetched: 卷二百三十·列传第一百十八
2024-09-23 17:16:41,788 - INFO - Fetched: 卷二百三十一·列传第一百十九
2024-09-23 17:16:41,843 - INFO - Fetched: 卷二百三十三·列传第一百二十一
2024-09-23 17:16:41,862 - INFO - Fetched: 卷二百二十九·列传第一百十七
2024-09-23 17:16:41,870 - INFO - Fetched: 卷二百三十四·列传第一百二十二
2024-09-23 17:16:41,966 - INFO - Fetched: 卷二百三十五·列传第一百二十三
2024-09-23 17:16:41,999 - INFO - Fetched: 卷二百三十六·列传第一百二十四
2024-09-23 17:16:42,025 - INFO - Fetched: 卷二百三十七·列传第一百二十五
2024-09-23 17:16:42,076 - INFO - Fetched: 卷二百三十八·列传一百二十六
2024-09-23 17:16:42,084 - INFO - Fetched: 卷二百三十二·列传第一百二十
2024-09-23 17:16:42,109 - INFO - Fetched: 卷二百三十九·列传第一百二十七
2024-09-23 17:16:42,163 - INFO - Fetched: 卷二百四十·列传第一百二十八
2024-09-23 17:16:42,203 - INFO - Fetched: 卷二百四十一·列传第一百二十九
2024-09-23 17:16:42,233 - INFO - Fetched: 卷二百四十二·列传第一百三十
2024-09-23 17:16:42,346 - INFO - Fetched: 卷二百四十四·列传第一百三十二
2024-09-23 17:16:42,363 - INFO - Fetched: 卷二百四十五·列传第一百三十三
2024-09-23 17:16:42,468 - INFO - Fetched: 卷二百四十三·列传第一百三十一
2024-09-23 17:16:42,476 - INFO - Fetched: 卷二百四十八·列传第一百三十六
2024-09-23 17:16:42,498 - INFO - Fetched: 卷二百四十九·列传第一百三十七
2024-09-23 17:16:42,537 - INFO - Fetched: 卷二百五十·列传第一百三十八
2024-09-23 17:16:42,574 - INFO - Fetched: 卷二百五十一·列传第一百三十九
2024-09-23 17:16:42,580 - INFO - Fetched: 卷二百四十六·列传第一百三十四
2024-09-23 17:16:42,593 - INFO - Fetched: 卷二百五十二·列传第一百四十
2024-09-23 17:16:42,672 - INFO - Fetched: 卷二百四十七·列传第一百三十五
2024-09-23 17:16:42,712 - INFO - Fetched: 卷二百五十三·列传第一百四十一
2024-09-23 17:16:42,734 - INFO - Fetched: 卷二百五十四·列传第一百四十二
2024-09-23 17:16:42,867 - INFO - Fetched: 卷二百五十六·列传第一百四十四
2024-09-23 17:16:42,890 - INFO - Fetched: 卷二百五十七·列传第一百四十五
2024-09-23 17:16:42,967 - INFO - Fetched: 卷二百六十·列传第一百四十八
2024-09-23 17:16:43,082 - INFO - Fetched: 卷二百五十五·列传第一百四十三
2024-09-23 17:16:43,089 - INFO - Fetched: 卷二百六十二·列传第一百五十
2024-09-23 17:16:43,097 - INFO - Fetched: 卷二百五十八·列传第一百四十六
2024-09-23 17:16:43,109 - INFO - Fetched: 卷二百六十四·列传第一百五十二
2024-09-23 17:16:43,137 - INFO - Fetched: 卷二百五十九·列传第一百四十七
2024-09-23 17:16:43,272 - INFO - Fetched: 卷二百六十三·列传第一百五十一
2024-09-23 17:16:43,324 - INFO - Fetched: 卷二百六十一·列传一百四十九
2024-09-23 17:16:43,331 - INFO - Fetched: 卷二百六十七·列传第一百五十五
2024-09-23 17:16:43,431 - INFO - Fetched: 卷二百六十五·列传第一百五十三
2024-09-23 17:16:43,469 - INFO - Fetched: 卷二百六十八·列传第一百五十六
2024-09-23 17:16:43,475 - INFO - Fetched: 卷二百六十六·列传第一百五十四
2024-09-23 17:16:43,482 - INFO - Fetched: 卷二百七十·列传第一百五十八
2024-09-23 17:16:43,492 - INFO - Fetched: 卷二百七十一·列传第一百五十九
2024-09-23 17:16:43,503 - INFO - Fetched: 卷二百七十二·列传第一百六十
2024-09-23 17:16:43,637 - INFO - Fetched: 卷二百七十三·列传第一百六十一
2024-09-23 17:16:43,668 - INFO - Fetched: 卷二百六十九·列传第一百五十七
2024-09-23 17:16:43,696 - INFO - Fetched: 卷二百七十五·列传第一百六十三
2024-09-23 17:16:43,824 - INFO - Fetched: 卷二百七十六·列传第一百六十四
2024-09-23 17:16:43,869 - INFO - Fetched: 卷二百七十四·列传第一百六十二
2024-09-23 17:16:43,879 - INFO - Fetched: 卷二百七十七·列传第一百六十五
2024-09-23 17:16:43,886 - INFO - Fetched: 卷二百八十·列传第一百六十八
2024-09-23 17:16:43,893 - INFO - Fetched: 卷二百七十八·列传第一百六十六
2024-09-23 17:16:44,042 - INFO - Fetched: 卷二百七十九·列传第一百六十七
2024-09-23 17:16:44,071 - INFO - Fetched: 卷二百八十四·列传第一百七十二·儒林三
2024-09-23 17:16:44,081 - INFO - Fetched: 卷二百八十三·列传第一百七十一·儒林二
2024-09-23 17:16:44,089 - INFO - Fetched: 卷二百八十一·列传第一百六十九·循吏
2024-09-23 17:16:44,199 - INFO - Fetched: 卷二百八十二·列传第一百七十·儒林一
2024-09-23 17:16:44,218 - INFO - Fetched: 卷二百八十五·列传第一百七十三·文苑一
2024-09-23 17:16:44,272 - INFO - Fetched: 卷二百八十八·列传第一百七十六·文苑四
2024-09-23 17:16:44,286 - INFO - Fetched: 卷二百八十九·列传第一百七十七·忠义一
2024-09-23 17:16:44,390 - INFO - Fetched: 卷二百八十六·列传第一百七十四·文苑二
2024-09-23 17:16:44,414 - INFO - Fetched: 卷二百九十·列传第一百七十八·忠义二
2024-09-23 17:16:44,451 - INFO - Fetched: 卷二百八十七·列传第一百七十五·文苑三
2024-09-23 17:16:44,473 - INFO - Fetched: 卷二百九十三·列传第一百八十一·忠义五
2024-09-23 17:16:44,480 - INFO - Fetched: 卷二百九十一·列传第一百七十九·忠义三
2024-09-23 17:16:44,488 - INFO - Fetched: 卷二百九十二·列传第一百八十·忠义四
2024-09-23 17:16:44,575 - INFO - Fetched: 卷二百九十四·列传第一百八十二·忠义六
2024-09-23 17:16:44,598 - INFO - Fetched: 卷二百九十五·列传第一百八十三·忠义七
2024-09-23 17:16:44,672 - INFO - Fetched: 卷二百九十六·列传第一百八十四·孝义
2024-09-23 17:16:44,773 - INFO - Fetched: 卷二百九十八·列传第一百八十六·隐逸
2024-09-23 17:16:44,789 - INFO - Fetched: 卷二百九十九·列传第一百八十七·方伎
2024-09-23 17:16:44,874 - INFO - Fetched: 卷二百九十七·列传第一百八十五·孝义二
2024-09-23 17:16:44,883 - INFO - Fetched: 卷三百三·列传第一百九十一·列女三
2024-09-23 17:16:44,952 - INFO - Fetched: 卷三百四·列传第一百九十二·宦官一
2024-09-23 17:16:44,981 - INFO - Fetched: 卷三百五·列传第一百九十三·宦官二
2024-09-23 17:16:45,003 - INFO - Fetched: 卷三百·列传第一百八十八·外戚
2024-09-23 17:16:45,031 - INFO - Fetched: 卷三百一·列传第一百八十九·列女一
2024-09-23 17:16:45,045 - INFO - Fetched: 卷三百二·列传第一百九十·列女二
2024-09-23 17:16:45,283 - INFO - Fetched: 卷三百十·列传第一百九十八·土司
2024-09-23 17:16:45,297 - INFO - Fetched: 卷三百六·列传第一百九十四·阉党
2024-09-23 17:16:45,305 - INFO - Fetched: 卷三百七·列传第一百九十五·佞幸
2024-09-23 17:16:45,441 - INFO - Fetched: 卷三百八·列传第一百九十六·奸臣
2024-09-23 17:16:45,448 - INFO - Fetched: 卷三百十三·列传第二百一·云南土司
2024-09-23 17:16:45,576 - INFO - Fetched: 卷三百九·列传第一百九十七·流贼
2024-09-23 17:16:45,583 - INFO - Fetched: 卷三百十二·列传第二百·四川土司二
2024-09-23 17:16:45,593 - INFO - Fetched: 卷三百十一·列传第一百九十九·四川土司
2024-09-23 17:16:45,623 - INFO - Fetched: 卷三百十五·列传第二百三·云南土司三
2024-09-23 17:16:45,629 - INFO - Fetched: 卷三百十四·列传第二百二·云南土司二
2024-09-23 17:16:45,691 - INFO - Fetched: 卷三百十七·列传第二百五·广西土司
2024-09-23 17:16:45,823 - INFO - Fetched: 卷三百十九·列传第二百七·广西土司三
2024-09-23 17:16:45,831 - INFO - Fetched: 卷三百二十·列传第二百八·外国一
2024-09-23 17:16:45,881 - INFO - Fetched: 卷三百十六·列传第二百四·贵州土司
2024-09-23 17:16:45,888 - INFO - Fetched: 卷三百十八·列传第二百六·广西土司二
2024-09-23 17:16:45,993 - INFO - Fetched: 卷三百二十一·列传第二百九·外国二
2024-09-23 17:16:46,000 - INFO - Fetched: 卷三百二十二·列传第二百十·外国三
2024-09-23 17:16:46,014 - INFO - Fetched: 卷三百二十五·列传第二百十三·外国六
2024-09-23 17:16:46,098 - INFO - Fetched: 卷三百二十六·列传第二百十四·外国七
2024-09-23 17:16:46,179 - INFO - Fetched: 卷三百二十四·列传第二百十二·外国五
2024-09-23 17:16:46,185 - INFO - Fetched: 卷三百二十三·列传第二百十一·外国四
2024-09-23 17:16:46,204 - INFO - Fetched: 卷三百二十七·列传第二百十五·外国八鞑靼
2024-09-23 17:16:46,212 - INFO - Fetched: 卷三百二十八·列传第二百十六·外国九瓦剌
2024-09-23 17:16:46,426 - INFO - Fetched: 附录
2024-09-23 17:16:46,433 - INFO - Fetched: 卷三百三十二·列传第二百二十·西域四
2024-09-23 17:16:46,479 - INFO - Fetched: 卷三百二十九·列传第二百十七·西域一
2024-09-23 17:16:46,496 - INFO - Fetched: 卷三百三十·列传第二百十八·西域二西番诸卫
2024-09-23 17:16:46,582 - INFO - Fetched: 卷三百三十一·列传第二百十七·西域三
2024-09-23 17:16:46,584 - INFO - Time cost: 15.25s
2024-09-23 17:16:53,411 - ERROR - An error occurred: [WinError 183] 当文件已存在时，无法创建该文件。: 'mingshi'.
2024-09-23 17:18:41,139 - ERROR - An error occurred: [WinError 183] 当文件已存在时，无法创建该文件。: 'mingshi'.
2024-09-23 17:22:49,542 - ERROR - An error occurred: [WinError 183] 当文件已存在时，无法创建该文件。: 'mingshi'.
2024-09-23 18:09:49,181 - ERROR - An error occurred: [WinError 183] 当文件已存在时，无法创建该文件。: 'mingshi'.
2024-09-23 18:09:56,740 - INFO - Fetched: 卷七·本纪第七·成祖三
2024-09-23 18:09:56,772 - INFO - Fetched: 卷九·本纪第九·宣宗
2024-09-23 18:09:56,794 - INFO - Fetched: 卷十·本纪第十·英宗前纪
2024-09-23 18:09:56,804 - INFO - Fetched: 卷四·本纪第四·恭闵帝
2024-09-23 18:09:56,814 - INFO - Fetched: 卷八·本纪第八·仁宗
2024-09-23 18:09:56,828 - INFO - Fetched: 卷五·本纪第五·成祖一
2024-09-23 18:09:56,835 - INFO - Fetched: 卷六·本纪第六·成祖二
2024-09-23 18:09:56,991 - INFO - Fetched: 卷一·本纪第一·太祖一
2024-09-23 18:09:57,099 - INFO - Fetched: 卷三·本纪第三·太祖三
2024-09-23 18:09:57,106 - INFO - Fetched: 卷二·本纪第二·太祖二
2024-09-23 18:09:57,246 - INFO - Fetched: 卷十二·本纪第十二·英宗后纪
2024-09-23 18:09:57,253 - INFO - Fetched: 卷十一·本纪第十一·景帝
2024-09-23 18:09:57,302 - INFO - Fetched: 卷十七·本纪第十七·世宗一
2024-09-23 18:09:57,307 - INFO - Fetched: 卷十五·本纪第十五·孝宗
2024-09-23 18:09:57,314 - INFO - Fetched: 卷十三·本纪第十三·宪宗一
2024-09-23 18:09:57,320 - INFO - Fetched: 卷十六·本纪第十六·武宗
2024-09-23 18:09:57,327 - INFO - Fetched: 卷十四·本纪第十四·宪宗二
2024-09-23 18:09:57,395 - INFO - Fetched: 卷十八·本纪第十八·世宗二
2024-09-23 18:09:57,526 - INFO - Fetched: 卷十九·本纪第十九·穆宗
2024-09-23 18:09:57,532 - INFO - Fetched: 卷二十·本纪第二十·神宗一
2024-09-23 18:09:57,618 - INFO - Fetched: 卷二十二·本纪第二十二·熹宗
2024-09-23 18:09:57,693 - INFO - Fetched: 卷二十三·本纪第二十三·庄烈帝一
2024-09-23 18:09:57,704 - INFO - Fetched: 卷二十五·志第一·天文一
2024-09-23 18:09:57,710 - INFO - Fetched: 卷二十四·本纪第二十四·庄烈帝二
2024-09-23 18:09:57,719 - INFO - Fetched: 卷二十六·志第二·天文二
2024-09-23 18:09:58,037 - INFO - Fetched: 卷二十七·志第三·天文三
2024-09-23 18:09:58,203 - INFO - Fetched: 卷二十一·本纪第二十一·神宗二
2024-09-23 18:09:58,228 - INFO - Fetched: 卷二十九·志第五·五行二
2024-09-23 18:09:58,407 - INFO - Fetched: 卷三十六·志第十二·历六
2024-09-23 18:09:58,447 - INFO - Fetched: 卷三十二·志第八·历二
2024-09-23 18:09:58,535 - INFO - Fetched: 卷二十八·志第四·五行一
2024-09-23 18:09:58,563 - INFO - Fetched: 卷三十七·志第十三·历七
2024-09-23 18:09:58,612 - INFO - Fetched: 卷三十八·志第十四·历八
2024-09-23 18:09:58,632 - INFO - Fetched: 卷三十五·志第十一·历五
2024-09-23 18:09:58,795 - INFO - Fetched: 卷三十九·志第十五·历九
2024-09-23 18:09:58,821 - INFO - Fetched: 卷四十·志第十六·地理一
2024-09-23 18:09:58,910 - INFO - Fetched: 卷四十一·志第十七·地理二
2024-09-23 18:09:58,937 - INFO - Fetched: 卷四十二·志第十八·地理三
2024-09-23 18:09:58,968 - INFO - Fetched: 卷三十·志第六·五行三
2024-09-23 18:09:59,231 - INFO - Fetched: 卷四十四·志第二十·地理五
2024-09-23 18:09:59,246 - INFO - Fetched: 卷四十三·志第十九·地理四
2024-09-23 18:09:59,448 - INFO - Fetched: 卷三十四·志第十·历四
2024-09-23 18:09:59,543 - INFO - Fetched: 卷四十五·志第二十一·地理六
2024-09-23 18:09:59,555 - INFO - Fetched: 卷三十三·志第九·历三
2024-09-23 18:09:59,560 - INFO - Fetched: 卷四十八·志第二十四·礼二
2024-09-23 18:09:59,799 - INFO - Fetched: 卷五十·志第二十六·礼四
2024-09-23 18:09:59,826 - INFO - Fetched: 卷五十一·志第二十七·礼五
2024-09-23 18:09:59,928 - INFO - Fetched: 卷五十三·志第二十九·礼七
2024-09-23 18:09:59,935 - INFO - Fetched: 卷四十九·志第二十五·礼三
2024-09-23 18:09:59,958 - INFO - Fetched: 卷三十一·志第七·历一
2024-09-23 18:09:59,977 - INFO - Fetched: 卷四十六·志第二十二·地理七
2024-09-23 18:10:00,051 - INFO - Fetched: 卷四十七·志第二十三·礼一
2024-09-23 18:10:00,103 - INFO - Fetched: 卷五十四·志第三十·礼八
2024-09-23 18:10:00,168 - INFO - Fetched: 卷五十六·志第三十二·礼十
2024-09-23 18:10:00,200 - INFO - Fetched: 卷五十二·志第二十八·礼六
2024-09-23 18:10:00,239 - INFO - Fetched: 卷五十七·志第三十三·礼十一
2024-09-23 18:10:00,303 - INFO - Fetched: 卷五十八·志第三十四·礼十二
2024-09-23 18:10:00,309 - INFO - Fetched: 卷五十五·志第三十一·礼九
2024-09-23 18:10:00,317 - INFO - Fetched: 卷五十九·志第三十五·礼十三
2024-09-23 18:10:00,532 - INFO - Fetched: 卷六十一·志第三十七·乐一
2024-09-23 18:10:00,538 - INFO - Fetched: 卷六十四·志第四十·仪卫
2024-09-23 18:10:00,594 - INFO - Fetched: 卷六十二·志第三十八·乐二
2024-09-23 18:10:00,600 - INFO - Fetched: 卷六十五·志第四十一·舆服一
2024-09-23 18:10:00,617 - INFO - Fetched: 卷六十六·志第四十二·舆服二
2024-09-23 18:10:00,628 - INFO - Fetched: 卷六十三·志第三十九·乐三
2024-09-23 18:10:00,808 - INFO - Fetched: 卷六十·志第三十六·礼十四
2024-09-23 18:10:01,020 - INFO - Fetched: 卷六十七·志第四十三·舆服三
2024-09-23 18:10:01,026 - INFO - Fetched: 卷六十九·志第四十五·选举一
2024-09-23 18:10:01,032 - INFO - Fetched: 卷六十八·志第四十四·舆服四
2024-09-23 18:10:01,166 - INFO - Fetched: 卷七十六·志第五十二·职官五
2024-09-23 18:10:01,206 - INFO - Fetched: 卷七十·志第四十六·选举二
2024-09-23 18:10:01,232 - INFO - Fetched: 卷七十一·志第四十七·选举三
2024-09-23 18:10:01,240 - INFO - Fetched: 卷七十五·志第五十一·职官四
2024-09-23 18:10:01,247 - INFO - Fetched: 卷七十二·志第四十八·职官一
2024-09-23 18:10:01,253 - INFO - Fetched: 卷七十四·志第五十·职官三
2024-09-23 18:10:01,264 - INFO - Fetched: 卷七十三·志第四十九·职官二
2024-09-23 18:10:01,404 - INFO - Fetched: 卷七十七·志第五十三·食货一
2024-09-23 18:10:01,428 - INFO - Fetched: 卷七十八·志第五十四·食货二
2024-09-23 18:10:01,435 - INFO - Fetched: 卷七十九·志第五十五·食货三
2024-09-23 18:10:01,713 - INFO - Fetched: 卷八十·志第五十六·食货四
2024-09-23 18:10:01,742 - INFO - Fetched: 卷八十一·志第五十七·食货五
2024-09-23 18:10:01,812 - INFO - Fetched: 卷八十七·志第六十三·河渠五
2024-09-23 18:10:01,819 - INFO - Fetched: 卷八十二·志第五十八·食货六
2024-09-23 18:10:01,824 - INFO - Fetched: 卷八十六·志第六十二·河渠四
2024-09-23 18:10:01,832 - INFO - Fetched: 卷八十五·志第六十一·河渠三
2024-09-23 18:10:01,840 - INFO - Fetched: 卷八十九·志第六十五·兵一
2024-09-23 18:10:01,848 - INFO - Fetched: 卷八十三·志第五十九·河渠一
2024-09-23 18:10:01,856 - INFO - Fetched: 卷八十四·志第六十·河渠二
2024-09-23 18:10:02,009 - INFO - Fetched: 卷八十八·志第六十四·河渠六
2024-09-23 18:10:02,122 - INFO - Fetched: 卷九十一·志第六十七·兵三
2024-09-23 18:10:02,222 - INFO - Fetched: 卷九十五·志第七十一·刑法三
2024-09-23 18:10:02,260 - INFO - Fetched: 卷九十·志第六十六·兵二卫所
2024-09-23 18:10:02,368 - INFO - Fetched: 卷九十四·志第七十·刑法二
2024-09-23 18:10:02,375 - INFO - Fetched: 卷九十二·志第六十八·兵四
2024-09-23 18:10:02,468 - INFO - Fetched: 卷九十三·志第六十九·刑法一
2024-09-23 18:10:02,506 - INFO - Fetched: 卷一百·表第一·诸王世表一
2024-09-23 18:10:02,650 - INFO - Fetched: 卷九十六·志第七十二·艺文一
2024-09-23 18:10:02,675 - INFO - Fetched: 卷九十八·志第七十四·艺文三
2024-09-23 18:10:02,680 - INFO - Fetched: 卷一百二·表第三·诸王世表三
2024-09-23 18:10:02,686 - INFO - Fetched: 卷一百一·表第二·诸王世表二
2024-09-23 18:10:02,740 - INFO - Fetched: 卷九十九·志第七十五·艺文四
2024-09-23 18:10:02,773 - INFO - Fetched: 卷九十七·志第七十三·艺文二
2024-09-23 18:10:02,780 - INFO - Fetched: 卷一百三·表第四·诸王世表四
2024-09-23 18:10:02,785 - INFO - Fetched: 卷一百四·表第五·诸王世表五
2024-09-23 18:10:02,834 - INFO - Fetched: 卷一百五·表第六·功臣世表一
2024-09-23 18:10:02,867 - INFO - Fetched: 卷一百六·表第七·功臣世表二
2024-09-23 18:10:03,014 - INFO - Fetched: 卷一百七·表第八·功臣世表三
2024-09-23 18:10:03,110 - INFO - Fetched: 卷一百八·表第九·外戚恩泽侯表
2024-09-23 18:10:03,124 - INFO - Fetched: 卷一百九·表第十·宰辅年表一
2024-09-23 18:10:03,144 - INFO - Fetched: 卷一百十二·表第十三·七卿年表二
2024-09-23 18:10:03,151 - INFO - Fetched: 卷一百十一·表第十二·七卿年表一
2024-09-23 18:10:03,165 - INFO - Fetched: 卷一百十·表第十一·宰辅年表二
2024-09-23 18:10:03,214 - INFO - Fetched: 卷一百十五·列传第三
2024-09-23 18:10:03,312 - INFO - Fetched: 卷一百十四·列传第二·后妃二
2024-09-23 18:10:03,337 - INFO - Fetched: 卷一百十三·列传第一·后妃
2024-09-23 18:10:03,414 - INFO - Fetched: 卷一百十六·列传第四·诸王
2024-09-23 18:10:03,545 - INFO - Fetched: 卷一百二十二·列传第十
2024-09-23 18:10:03,560 - INFO - Fetched: 卷一百十七·列传第五·诸王二
2024-09-23 18:10:03,580 - INFO - Fetched: 卷一百二十三·列传第十一
2024-09-23 18:10:03,675 - INFO - Fetched: 卷一百十九·列传第七·诸王四
2024-09-23 18:10:03,686 - INFO - Fetched: 卷一百二十四·列传第十二
2024-09-23 18:10:03,733 - INFO - Fetched: 卷一百二十·列传第八·诸王五
2024-09-23 18:10:03,744 - INFO - Fetched: 卷一百十八·列传第六·诸王三
2024-09-23 18:10:03,757 - INFO - Fetched: 卷一百二十一·列传第九
2024-09-23 18:10:03,768 - INFO - Fetched: 卷一百二十五·列传第十三
2024-09-23 18:10:04,056 - INFO - Fetched: 卷一百二十六·列传第十四
2024-09-23 18:10:04,073 - INFO - Fetched: 卷一百二十七·列传第十五
2024-09-23 18:10:04,163 - INFO - Fetched: 卷一百三十五·列传第二十三
2024-09-23 18:10:04,255 - INFO - Fetched: 卷一百二十八·列传第十六
2024-09-23 18:10:04,263 - INFO - Fetched: 卷一百三十·列传第十八
2024-09-23 18:10:04,285 - INFO - Fetched: 卷一百三十一·列传第十九
2024-09-23 18:10:04,294 - INFO - Fetched: 卷一百二十九·列传第十七
2024-09-23 18:10:04,316 - INFO - Fetched: 卷一百三十三·列传第二十一
2024-09-23 18:10:04,325 - INFO - Fetched: 卷一百三十二·列传第二十
2024-09-23 18:10:04,333 - INFO - Fetched: 卷一百三十四·列传第二十二
2024-09-23 18:10:04,423 - INFO - Fetched: 卷一百三十六·列传第二十四
2024-09-23 18:10:04,552 - INFO - Fetched: 卷一百三十八·列传第二十六
2024-09-23 18:10:04,633 - INFO - Fetched: 卷一百四十·列传第二十八
2024-09-23 18:10:04,646 - INFO - Fetched: 卷一百三十七·列传第二十五
2024-09-23 18:10:04,653 - INFO - Fetched: 卷一百四十一·列传第二十九
2024-09-23 18:10:04,659 - INFO - Fetched: 卷一百四十二·列传第三十
2024-09-23 18:10:04,731 - INFO - Fetched: 卷一百四十五·列传第三十三
2024-09-23 18:10:04,738 - INFO - Fetched: 卷一百四十四·列传第三十二
2024-09-23 18:10:04,788 - INFO - Fetched: 卷一百四十六·列传第三十四
2024-09-23 18:10:04,817 - INFO - Fetched: 卷一百三十九·列传第二十七
2024-09-23 18:10:04,895 - INFO - Fetched: 卷一百四十三·列传第三十一
2024-09-23 18:10:04,927 - INFO - Fetched: 卷一百四十七·列传第三十五
2024-09-23 18:10:05,019 - INFO - Fetched: 卷一百四十八·列传第三十六
2024-09-23 18:10:05,027 - INFO - Fetched: 卷一百五十·列传第三十八
2024-09-23 18:10:05,034 - INFO - Fetched: 卷一百四十九·列传第三十七
2024-09-23 18:10:05,118 - INFO - Fetched: 卷一百五十二·列传第四十
2024-09-23 18:10:05,189 - INFO - Fetched: 卷一百五十五·列传第四十三
2024-09-23 18:10:05,242 - INFO - Fetched: 卷一百五十一·列传第三十九
2024-09-23 18:10:05,332 - INFO - Fetched: 卷一百五十三·列传第四十一
2024-09-23 18:10:05,340 - INFO - Fetched: 卷一百五十四·列传第四十二
2024-09-23 18:10:05,394 - INFO - Fetched: 卷一百六十·列传第四十八
2024-09-23 18:10:05,520 - INFO - Fetched: 卷一百五十六·列传第四十四
2024-09-23 18:10:05,529 - INFO - Fetched: 卷一百五十七·列传第四十五
2024-09-23 18:10:05,550 - INFO - Fetched: 卷一百五十八·列传第四十六
2024-09-23 18:10:05,628 - INFO - Fetched: 卷一百六十三·列传第五十一
2024-09-23 18:10:05,722 - INFO - Fetched: 卷一百六十一·列传第四十九
2024-09-23 18:10:05,729 - INFO - Fetched: 卷一百五十九·列传第四十七
2024-09-23 18:10:05,739 - INFO - Fetched: 卷一百六十二·列传第五十
2024-09-23 18:10:05,892 - INFO - Fetched: 卷一百六十四·列传第五十二
2024-09-23 18:10:05,925 - INFO - Fetched: 卷一百六十七·列传第五十五
2024-09-23 18:10:05,931 - INFO - Fetched: 卷一百六十九·列传第五十七
2024-09-23 18:10:05,939 - INFO - Fetched: 卷一百六十五·列传第五十三
2024-09-23 18:10:05,946 - INFO - Fetched: 卷一百六十六·列传第五十四
2024-09-23 18:10:06,065 - INFO - Fetched: 卷一百六十八·列传第五十六
2024-09-23 18:10:06,122 - INFO - Fetched: 卷一百七十三·列传第六十一
2024-09-23 18:10:06,162 - INFO - Fetched: 卷一百七十·列传第五十八
2024-09-23 18:10:06,265 - INFO - Fetched: 卷一百七十四·列传第六十二
2024-09-23 18:10:06,325 - INFO - Fetched: 卷一百七十二·列传第六十
2024-09-23 18:10:06,333 - INFO - Fetched: 卷一百七十一·列传第五十九
2024-09-23 18:10:06,485 - INFO - Fetched: 卷一百七十五·列传第六十三
2024-09-23 18:10:06,496 - INFO - Fetched: 卷一百七十七·列传第六十五
2024-09-23 18:10:06,524 - INFO - Fetched: 卷一百七十六·列传第六十四
2024-09-23 18:10:06,530 - INFO - Fetched: 卷一百七十八·列传第六十六
2024-09-23 18:10:06,593 - INFO - Fetched: 卷一百七十九·列传第六十七
2024-09-23 18:10:06,636 - INFO - Fetched: 卷一百八十二·列传第七十
2024-09-23 18:10:06,803 - INFO - Fetched: 卷一百八十·列传第六十八
2024-09-23 18:10:06,825 - INFO - Fetched: 卷一百八十一·列传第六十九
2024-09-23 18:10:06,845 - INFO - Fetched: 卷一百八十五·列传第七十三
2024-09-23 18:10:06,954 - INFO - Fetched: 卷一百八十九·列传第七十七
2024-09-23 18:10:07,043 - INFO - Fetched: 卷一百八十三·列传第七十一
2024-09-23 18:10:07,050 - INFO - Fetched: 卷一百九十·列传第七十八
2024-09-23 18:10:07,056 - INFO - Fetched: 卷一百八十四·列传第七十二
2024-09-23 18:10:07,065 - INFO - Fetched: 卷一百八十六·列传第七十四
2024-09-23 18:10:07,137 - INFO - Fetched: 卷一百八十七·列传第七十五
2024-09-23 18:10:07,146 - INFO - Fetched: 卷一百八十八·列传第七十六
2024-09-23 18:10:07,343 - INFO - Fetched: 卷一百九十一·列传第七十九
2024-09-23 18:10:07,358 - INFO - Fetched: 卷一百九十二·列传第八十
2024-09-23 18:10:07,385 - INFO - Fetched: 卷一百九十三·列传第八十一
2024-09-23 18:10:07,494 - INFO - Fetched: 卷一百九十四·列传第八十二
2024-09-23 18:10:07,591 - INFO - Fetched: 卷一百九十八·列传第八十六
2024-09-23 18:10:07,598 - INFO - Fetched: 卷一百九十六·列传第八十四
2024-09-23 18:10:07,626 - INFO - Fetched: 卷一百九十五·列传第八十三
2024-09-23 18:10:07,632 - INFO - Fetched: 卷一百九十七·列传第八十五
2024-09-23 18:10:07,728 - INFO - Fetched: 卷一百九十九·列传第八十七
2024-09-23 18:10:07,735 - INFO - Fetched: 卷二百·列传第八十八
2024-09-23 18:10:08,242 - INFO - Fetched: 卷二百一·列传第八十九
2024-09-23 18:10:08,248 - INFO - Fetched: 卷二百三·列传第九十一
2024-09-23 18:10:08,254 - INFO - Fetched: 卷二百四·列传第九十二
2024-09-23 18:10:08,279 - INFO - Fetched: 卷二百二·列传第九十
2024-09-23 18:10:08,430 - INFO - Fetched: 卷二百五·列传第九十三
2024-09-23 18:10:08,437 - INFO - Fetched: 卷二百六·列传第九十四
2024-09-23 18:10:08,630 - INFO - Fetched: 卷二百七·列传第九十五
2024-09-23 18:10:08,638 - INFO - Fetched: 卷二百十·列传第九十八
2024-09-23 18:10:08,647 - INFO - Fetched: 卷二百九·列传第九十七
2024-09-23 18:10:08,653 - INFO - Fetched: 卷二百八·列传第九十六
2024-09-23 18:10:08,802 - INFO - Fetched: 卷二百十五·列传第一百三
2024-09-23 18:10:08,906 - INFO - Fetched: 卷二百十三·列传第一百一
2024-09-23 18:10:08,939 - INFO - Fetched: 卷二百十四·列传第一百二
2024-09-23 18:10:08,945 - INFO - Fetched: 卷二百十二·列传第一百
2024-09-23 18:10:08,953 - INFO - Fetched: 卷二百十一·列传第九十九
2024-09-23 18:10:08,973 - INFO - Fetched: 卷二百十六·列传第一百四
2024-09-23 18:10:09,232 - INFO - Fetched: 卷二百十七·列传第一百五
2024-09-23 18:10:09,240 - INFO - Fetched: 卷二百二十·列传第一百八
2024-09-23 18:10:09,246 - INFO - Fetched: 卷二百十九·列传第一百七
2024-09-23 18:10:09,253 - INFO - Fetched: 卷二百十八·列传第一百六
2024-09-23 18:10:09,308 - INFO - Fetched: 卷二百二十四·列传第一百十二
2024-09-23 18:10:09,333 - INFO - Fetched: 卷二百二十五·列传第一百十三
2024-09-23 18:10:09,343 - INFO - Fetched: 卷二百二十六·列传第一百十四
2024-09-23 18:10:09,349 - INFO - Fetched: 卷二百二十一·列传第一百九
2024-09-23 18:10:09,448 - INFO - Fetched: 卷二百二十二·列传第一百十
2024-09-23 18:10:09,488 - INFO - Fetched: 卷二百二十三·列传第一百十一
2024-09-23 18:10:10,184 - INFO - Fetched: 卷二百二十九·列传第一百十七
2024-09-23 18:10:10,193 - INFO - Fetched: 卷二百二十八·列传第一百十六
2024-09-23 18:10:10,198 - INFO - Fetched: 卷二百三十·列传第一百十八
2024-09-23 18:10:10,207 - INFO - Fetched: 卷二百二十七·列传第一百十五
2024-09-23 18:10:10,213 - INFO - Fetched: 卷二百三十三·列传第一百二十一
2024-09-23 18:10:10,220 - INFO - Fetched: 卷二百三十二·列传第一百二十
2024-09-23 18:10:10,338 - INFO - Fetched: 卷二百三十四·列传第一百二十二
2024-09-23 18:10:10,350 - INFO - Fetched: 卷二百三十五·列传第一百二十三
2024-09-23 18:10:10,356 - INFO - Fetched: 卷二百三十六·列传第一百二十四
2024-09-23 18:10:10,546 - INFO - Fetched: 卷二百三十一·列传第一百十九
2024-09-23 18:10:10,568 - INFO - Fetched: 卷二百三十七·列传第一百二十五
2024-09-23 18:10:10,577 - INFO - Fetched: 卷二百三十九·列传第一百二十七
2024-09-23 18:10:10,594 - INFO - Fetched: 卷二百四十一·列传第一百二十九
2024-09-23 18:10:10,763 - INFO - Fetched: 卷二百三十八·列传一百二十六
2024-09-23 18:10:10,777 - INFO - Fetched: 卷二百四十·列传第一百二十八
2024-09-23 18:10:10,785 - INFO - Fetched: 卷二百四十二·列传第一百三十
2024-09-23 18:10:11,185 - INFO - Fetched: 卷二百四十三·列传第一百三十一
2024-09-23 18:10:11,193 - INFO - Fetched: 卷二百四十五·列传第一百三十三
2024-09-23 18:10:11,200 - INFO - Fetched: 卷二百四十四·列传第一百三十二
2024-09-23 18:10:11,342 - INFO - Fetched: 卷二百四十六·列传第一百三十四
2024-09-23 18:10:11,353 - INFO - Fetched: 卷二百四十八·列传第一百三十六
2024-09-23 18:10:11,368 - INFO - Fetched: 卷二百四十七·列传第一百三十五
2024-09-23 18:10:11,376 - INFO - Fetched: 卷二百四十九·列传第一百三十七
2024-09-23 18:10:11,557 - INFO - Fetched: 卷二百五十二·列传第一百四十
2024-09-23 18:10:11,563 - INFO - Fetched: 卷二百五十·列传第一百三十八
2024-09-23 18:10:11,571 - INFO - Fetched: 卷二百五十一·列传第一百三十九
2024-09-23 18:10:11,708 - INFO - Fetched: 卷二百五十三·列传第一百四十一
2024-09-23 18:10:11,743 - INFO - Fetched: 卷二百五十七·列传第一百四十五
2024-09-23 18:10:11,760 - INFO - Fetched: 卷二百五十四·列传第一百四十二
2024-09-23 18:10:11,773 - INFO - Fetched: 卷二百五十五·列传第一百四十三
2024-09-23 18:10:11,905 - INFO - Fetched: 卷二百五十六·列传第一百四十四
2024-09-23 18:10:11,964 - INFO - Fetched: 卷二百六十一·列传一百四十九
2024-09-23 18:10:11,973 - INFO - Fetched: 卷二百五十九·列传第一百四十七
2024-09-23 18:10:11,982 - INFO - Fetched: 卷二百五十八·列传第一百四十六
2024-09-23 18:10:12,068 - INFO - Fetched: 卷二百六十三·列传第一百五十一
2024-09-23 18:10:12,110 - INFO - Fetched: 卷二百六十四·列传第一百五十二
2024-09-23 18:10:12,118 - INFO - Fetched: 卷二百六十二·列传第一百五十
2024-09-23 18:10:12,146 - INFO - Fetched: 卷二百六十·列传第一百四十八
2024-09-23 18:10:12,153 - INFO - Fetched: 卷二百六十六·列传第一百五十四
2024-09-23 18:10:12,264 - INFO - Fetched: 卷二百六十七·列传第一百五十五
2024-09-23 18:10:12,307 - INFO - Fetched: 卷二百六十五·列传第一百五十三
2024-09-23 18:10:12,343 - INFO - Fetched: 卷二百六十八·列传第一百五十六
2024-09-23 18:10:12,361 - INFO - Fetched: 卷二百七十·列传第一百五十八
2024-09-23 18:10:12,444 - INFO - Fetched: 卷二百七十一·列传第一百五十九
2024-09-23 18:10:12,477 - INFO - Fetched: 卷二百七十二·列传第一百六十
2024-09-23 18:10:12,491 - INFO - Fetched: 卷二百七十三·列传第一百六十一
2024-09-23 18:10:12,545 - INFO - Fetched: 卷二百六十九·列传第一百五十七
2024-09-23 18:10:12,670 - INFO - Fetched: 卷二百七十七·列传第一百六十五
2024-09-23 18:10:12,711 - INFO - Fetched: 卷二百七十五·列传第一百六十三
2024-09-23 18:10:12,747 - INFO - Fetched: 卷二百七十四·列传第一百六十二
2024-09-23 18:10:12,760 - INFO - Fetched: 卷二百七十八·列传第一百六十六
2024-09-23 18:10:12,820 - INFO - Fetched: 卷二百七十六·列传第一百六十四
2024-09-23 18:10:12,958 - INFO - Fetched: 卷二百七十九·列传第一百六十七
2024-09-23 18:10:12,982 - INFO - Fetched: 卷二百八十·列传第一百六十八
2024-09-23 18:10:13,048 - INFO - Fetched: 卷二百八十一·列传第一百六十九·循吏
2024-09-23 18:10:13,054 - INFO - Fetched: 卷二百八十四·列传第一百七十二·儒林三
2024-09-23 18:10:13,062 - INFO - Fetched: 卷二百八十二·列传第一百七十·儒林一
2024-09-23 18:10:13,151 - INFO - Fetched: 卷二百八十三·列传第一百七十一·儒林二
2024-09-23 18:10:13,272 - INFO - Fetched: 卷二百八十五·列传第一百七十三·文苑一
2024-09-23 18:10:13,352 - INFO - Fetched: 卷二百八十六·列传第一百七十四·文苑二
2024-09-23 18:10:13,360 - INFO - Fetched: 卷二百八十七·列传第一百七十五·文苑三
2024-09-23 18:10:13,366 - INFO - Fetched: 卷二百九十·列传第一百七十八·忠义二
2024-09-23 18:10:13,381 - INFO - Fetched: 卷二百八十八·列传第一百七十六·文苑四
2024-09-23 18:10:13,549 - INFO - Fetched: 卷二百八十九·列传第一百七十七·忠义一
2024-09-23 18:10:13,573 - INFO - Fetched: 卷二百九十一·列传第一百七十九·忠义三
2024-09-23 18:10:13,601 - INFO - Fetched: 卷二百九十二·列传第一百八十·忠义四
2024-09-23 18:10:13,614 - INFO - Fetched: 卷二百九十三·列传第一百八十一·忠义五
2024-09-23 18:10:13,755 - INFO - Fetched: 卷二百九十四·列传第一百八十二·忠义六
2024-09-23 18:10:13,996 - INFO - Fetched: 卷二百九十八·列传第一百八十六·隐逸
2024-09-23 18:10:14,150 - INFO - Fetched: 卷二百九十七·列传第一百八十五·孝义二
2024-09-23 18:10:14,163 - INFO - Fetched: 卷二百九十五·列传第一百八十三·忠义七
2024-09-23 18:10:14,175 - INFO - Fetched: 卷二百九十六·列传第一百八十四·孝义
2024-09-23 18:10:14,182 - INFO - Fetched: 卷二百九十九·列传第一百八十七·方伎
2024-09-23 18:10:14,369 - INFO - Fetched: 卷三百一·列传第一百八十九·列女一
2024-09-23 18:10:14,376 - INFO - Fetched: 卷三百·列传第一百八十八·外戚
2024-09-23 18:10:14,383 - INFO - Fetched: 卷三百二·列传第一百九十·列女二
2024-09-23 18:10:14,391 - INFO - Fetched: 卷三百三·列传第一百九十一·列女三
2024-09-23 18:10:14,398 - INFO - Fetched: 卷三百四·列传第一百九十二·宦官一
2024-09-23 18:10:14,553 - INFO - Fetched: 卷三百五·列传第一百九十三·宦官二
2024-09-23 18:10:14,715 - INFO - Fetched: 卷三百六·列传第一百九十四·阉党
2024-09-23 18:10:14,726 - INFO - Fetched: 卷三百七·列传第一百九十五·佞幸
2024-09-23 18:10:14,751 - INFO - Fetched: 卷三百十·列传第一百九十八·土司
2024-09-23 18:10:14,778 - INFO - Fetched: 卷三百八·列传第一百九十六·奸臣
2024-09-23 18:10:14,786 - INFO - Fetched: 卷三百九·列传第一百九十七·流贼
2024-09-23 18:10:14,794 - INFO - Fetched: 卷三百十三·列传第二百一·云南土司
2024-09-23 18:10:14,920 - INFO - Fetched: 卷三百十一·列传第一百九十九·四川土司
2024-09-23 18:10:14,954 - INFO - Fetched: 卷三百十二·列传第二百·四川土司二
2024-09-23 18:10:14,967 - INFO - Fetched: 卷三百十四·列传第二百二·云南土司二
2024-09-23 18:10:15,075 - INFO - Fetched: 卷三百十五·列传第二百三·云南土司三
2024-09-23 18:10:15,557 - INFO - Fetched: 卷三百十六·列传第二百四·贵州土司
2024-09-23 18:10:15,565 - INFO - Fetched: 卷三百十七·列传第二百五·广西土司
2024-09-23 18:10:15,572 - INFO - Fetched: 卷三百十八·列传第二百六·广西土司二
2024-09-23 18:10:15,580 - INFO - Fetched: 卷三百十九·列传第二百七·广西土司三
2024-09-23 18:10:15,588 - INFO - Fetched: 卷三百二十·列传第二百八·外国一
2024-09-23 18:10:15,596 - INFO - Fetched: 卷三百二十一·列传第二百九·外国二
2024-09-23 18:10:15,755 - INFO - Fetched: 卷三百二十二·列传第二百十·外国三
2024-09-23 18:10:15,765 - INFO - Fetched: 卷三百二十五·列传第二百十三·外国六
2024-09-23 18:10:15,774 - INFO - Fetched: 卷三百二十四·列传第二百十二·外国五
2024-09-23 18:10:15,781 - INFO - Fetched: 卷三百二十三·列传第二百十一·外国四
2024-09-23 18:10:15,965 - INFO - Fetched: 卷三百二十九·列传第二百十七·西域一
2024-09-23 18:10:15,976 - INFO - Fetched: 卷三百三十·列传第二百十八·西域二西番诸卫
2024-09-23 18:10:16,084 - INFO - Fetched: 卷三百二十六·列传第二百十四·外国七
2024-09-23 18:10:16,122 - INFO - Fetched: 卷三百二十七·列传第二百十五·外国八鞑靼
2024-09-23 18:10:16,129 - INFO - Fetched: 卷三百二十八·列传第二百十六·外国九瓦剌
2024-09-23 18:10:16,179 - INFO - Fetched: 附录
2024-09-23 18:10:16,187 - INFO - Fetched: 卷三百三十一·列传第二百十七·西域三
2024-09-23 18:10:16,360 - INFO - Fetched: 卷三百三十二·列传第二百二十·西域四
2024-09-23 18:10:16,362 - INFO - Time cost: 20.67s
